*** File created 2020-04-28 09:13:52.475083 ***
*** Log file from biogeme 3.2.5 [2020-04-28]
[09:13:48] < General >   Remove 31 unused variables from the database as only 16 are used.
[09:13:48] < General >   Log likelihood (N=10692):  -11071.26
[09:13:48] < General >   Minimize with tol 1e-07
[09:13:48] < General >   Log likelihood (N=10692):  -11071.26 Gradient norm:      7e+03  
[09:13:48] < General >   Log likelihood (N=10692):  -9634.356 Gradient norm:      3e+03  
[09:13:48] < General >   Log likelihood (N=10692):  -9188.582 Gradient norm:      1e+03  
[09:13:48] < General >   Log likelihood (N=10692):  -8978.744 Gradient norm:      9e+02  
[09:13:48] < General >   Log likelihood (N=10692):  -8845.033 Gradient norm:      8e+02  
[09:13:48] < General >   Log likelihood (N=10692):  -8508.702 Gradient norm:      6e+02  
[09:13:48] < General >   Log likelihood (N=10692):  -8428.716 Gradient norm:      8e+02  
[09:13:48] < General >   Log likelihood (N=10692):   -8387.54 Gradient norm:      4e+02  
[09:13:48] < General >   Log likelihood (N=10692):  -8346.756 Gradient norm:      2e+02  
[09:13:48] < General >   Log likelihood (N=10692):  -8322.698 Gradient norm:      2e+02  
[09:13:49] < General >   Log likelihood (N=10692):  -8306.206 Gradient norm:      1e+02  
[09:13:49] < General >   Log likelihood (N=10692):  -8296.474 Gradient norm:      8e+01  
[09:13:49] < General >   Log likelihood (N=10692):  -8288.652 Gradient norm:      1e+02  
[09:13:49] < General >   Log likelihood (N=10692):  -8280.857 Gradient norm:      1e+02  
[09:13:49] < General >   Log likelihood (N=10692):  -8270.542 Gradient norm:      1e+02  
[09:13:49] < General >   Log likelihood (N=10692):  -8317.289 Gradient norm:      6e+02  
[09:13:49] < General >   Log likelihood (N=10692):  -8268.984 Gradient norm:      9e+01  
[09:13:49] < General >   Log likelihood (N=10692):  -8267.315 Gradient norm:      4e+01  
[09:13:49] < General >   Log likelihood (N=10692):  -8266.443 Gradient norm:      3e+01  
[09:13:49] < General >   Log likelihood (N=10692):  -8265.066 Gradient norm:      5e+01  
[09:13:49] < General >   Log likelihood (N=10692):  -8263.469 Gradient norm:      4e+01  
[09:13:49] < General >   Log likelihood (N=10692):  -8293.276 Gradient norm:      7e+02  
[09:13:49] < General >   Log likelihood (N=10692):  -8263.133 Gradient norm:      9e+01  
[09:13:49] < General >   Log likelihood (N=10692):  -8261.719 Gradient norm:      5e+01  
[09:13:49] < General >   Log likelihood (N=10692):  -8260.717 Gradient norm:      3e+01  
[09:13:49] < General >   Log likelihood (N=10692):  -8259.274 Gradient norm:      5e+01  
[09:13:49] < General >   Log likelihood (N=10692):  -8257.352 Gradient norm:      8e+01  
[09:13:49] < General >   Log likelihood (N=10692):  -8253.436 Gradient norm:      1e+02  
[09:13:49] < General >   Log likelihood (N=10692):  -8249.244 Gradient norm:      2e+02  
[09:13:49] < General >   Log likelihood (N=10692):  -8243.474 Gradient norm:      7e+01  
[09:13:49] < General >   Log likelihood (N=10692):  -8241.427 Gradient norm:      4e+01  
[09:13:49] < General >   Log likelihood (N=10692):  -8240.118 Gradient norm:      3e+01  
[09:13:49] < General >   Log likelihood (N=10692):  -8239.044 Gradient norm:      3e+01  
[09:13:50] < General >   Log likelihood (N=10692):  -8238.393 Gradient norm:      1e+02  
[09:13:50] < General >   Log likelihood (N=10692):  -8236.565 Gradient norm:      3e+01  
[09:13:50] < General >   Log likelihood (N=10692):    -8236.3 Gradient norm:      2e+01  
[09:13:50] < General >   Log likelihood (N=10692):  -8236.116 Gradient norm:          9  
[09:13:50] < General >   Log likelihood (N=10692):   -8236.14 Gradient norm:      3e+01  
[09:13:50] < General >   Log likelihood (N=10692):  -8236.049 Gradient norm:      1e+01  
[09:13:50] < General >   Log likelihood (N=10692):  -8235.992 Gradient norm:          7  
[09:13:50] < General >   Log likelihood (N=10692):  -8235.948 Gradient norm:          5  
[09:13:50] < General >   Log likelihood (N=10692):  -8235.941 Gradient norm:          7  
[09:13:50] < General >   Log likelihood (N=10692):  -8235.929 Gradient norm:          4  
[09:13:50] < General >   Log likelihood (N=10692):  -8235.922 Gradient norm:          3  
[09:13:50] < General >   Log likelihood (N=10692):  -8235.913 Gradient norm:          3  
[09:13:50] < General >   Log likelihood (N=10692):  -8235.906 Gradient norm:          1  
[09:13:50] < General >   Log likelihood (N=10692):  -8235.942 Gradient norm:      2e+01  
[09:13:50] < General >   Log likelihood (N=10692):  -8235.906 Gradient norm:          3  
[09:13:50] < General >   Log likelihood (N=10692):  -8235.904 Gradient norm:          2  
[09:13:50] < General >   Log likelihood (N=10692):  -8235.902 Gradient norm:          1  
[09:13:50] < General >   Log likelihood (N=10692):  -8235.901 Gradient norm:        0.5  
[09:13:50] < General >   Log likelihood (N=10692):  -8235.901 Gradient norm:        0.4  
[09:13:50] < General >   Log likelihood (N=10692):  -8235.901 Gradient norm:        0.6  
[09:13:50] < General >   Log likelihood (N=10692):  -8235.901 Gradient norm:        0.2  
[09:13:50] < General >   Log likelihood (N=10692):  -8235.901 Gradient norm:        0.1  
[09:13:50] < General >   Log likelihood (N=10692):  -8235.901 Gradient norm:        0.1  
[09:13:51] < General >   Log likelihood (N=10692):  -8235.901 Gradient norm:        0.4  
[09:13:51] < General >   Log likelihood (N=10692):  -8235.901 Gradient norm:        0.1  
[09:13:51] < General >   Log likelihood (N=10692):  -8235.901 Gradient norm:       0.07  
[09:13:51] < General >   Log likelihood (N=10692):  -8235.901 Gradient norm:       0.05  
[09:13:51] < General >   Log likelihood (N=10692):  -8235.901 Gradient norm:       0.05  
[09:13:51] < General >   Log likelihood (N=10692):  -8235.901 Gradient norm:        0.5  
[09:13:51] < General >   Log likelihood (N=10692):  -8235.901 Gradient norm:        0.1  
[09:13:51] < General >   Log likelihood (N=10692):  -8235.901 Gradient norm:       0.06  
[09:13:51] < General >   Log likelihood (N=10692):  -8235.901 Gradient norm:       0.04  
[09:13:51] < General >   Log likelihood (N=10692):  -8235.901 Gradient norm:       0.03  
[09:13:51] < General >   Log likelihood (N=10692):  -8235.901 Gradient norm:       0.02  
[09:13:51] < General >   Log likelihood (N=10692):  -8235.901 Gradient norm:       0.03  
[09:13:51] < General >   Log likelihood (N=10692):  -8235.901 Gradient norm:       0.01  
[09:13:51] < General >   Log likelihood (N=10692):  -8235.901 Gradient norm:       0.01  
[09:13:51] < General >   Log likelihood (N=10692):  -8235.901 Gradient norm:      0.006  
[09:13:51] < General >   Log likelihood (N=10692):  -8235.901 Gradient norm:       0.02  
[09:13:51] < General >   Log likelihood (N=10692):  -8235.901 Gradient norm:       0.01  
[09:13:51] < General >   Log likelihood (N=10692):  -8235.901 Gradient norm:      0.006  
[09:13:51] < General >   Log likelihood (N=10692):  -8235.901 Gradient norm:       0.01  
[09:13:51] < General >   Log likelihood (N=10692):  -8235.901 Gradient norm:      0.003  
[09:13:51] < General >   Log likelihood (N=10692):  -8235.901 Gradient norm:      0.002  
[09:13:51] < General >   Log likelihood (N=10692):  -8235.901 Gradient norm:      0.003  
[09:13:51] < General >   Log likelihood (N=10692):  -8235.901 Gradient norm:      0.002  
[09:13:51] < General >   Log likelihood (N=10692):  -8235.901 Gradient norm:      0.001  
[09:13:52] < General >   Log likelihood (N=10692):  -8235.901 Gradient norm:      0.001 Hessian norm:       1e+04 BHHH norm:       1e+04
[09:13:52] < General >   Results saved in file MNL12.html
[09:13:52] < General >   Results saved in file MNL12.pickle
[09:13:52] < General >   Log file created: MNL12.log
