*** File created 2020-04-28 09:14:09.789724 ***
*** Log file from biogeme 3.2.5 [2020-04-28]
[09:14:04] < General >   Remove 29 unused variables from the database as only 18 are used.
[09:14:04] < General >   Log likelihood (N=10692):  -11071.26
[09:14:04] < General >   Minimize with tol 1e-07
[09:14:04] < General >   Log likelihood (N=10692):  -11071.26 Gradient norm:      7e+03  
[09:14:04] < General >   Log likelihood (N=10692):  -9955.782 Gradient norm:      3e+03  
[09:14:04] < General >   Log likelihood (N=10692):  -9284.752 Gradient norm:      2e+03  
[09:14:04] < General >   Log likelihood (N=10692):   -9043.34 Gradient norm:      1e+03  
[09:14:05] < General >   Log likelihood (N=10692):  -8905.072 Gradient norm:      9e+02  
[09:14:05] < General >   Log likelihood (N=10692):  -8468.158 Gradient norm:      5e+02  
[09:14:05] < General >   Log likelihood (N=10692):  -8376.342 Gradient norm:      8e+02  
[09:14:05] < General >   Log likelihood (N=10692):  -8323.725 Gradient norm:      5e+02  
[09:14:05] < General >   Log likelihood (N=10692):  -8259.346 Gradient norm:      1e+02  
[09:14:05] < General >   Log likelihood (N=10692):  -8249.968 Gradient norm:      1e+02  
[09:14:05] < General >   Log likelihood (N=10692):  -8239.451 Gradient norm:      6e+01  
[09:14:05] < General >   Log likelihood (N=10692):  -8232.317 Gradient norm:      4e+01  
[09:14:05] < General >   Log likelihood (N=10692):  -8227.931 Gradient norm:      5e+01  
[09:14:05] < General >   Log likelihood (N=10692):  -8222.265 Gradient norm:      5e+01  
[09:14:05] < General >   Log likelihood (N=10692):  -8228.337 Gradient norm:      4e+02  
[09:14:05] < General >   Log likelihood (N=10692):   -8221.31 Gradient norm:      9e+01  
[09:14:05] < General >   Log likelihood (N=10692):   -8219.23 Gradient norm:      5e+01  
[09:14:05] < General >   Log likelihood (N=10692):  -8217.595 Gradient norm:      3e+01  
[09:14:05] < General >   Log likelihood (N=10692):  -8216.386 Gradient norm:      3e+01  
[09:14:05] < General >   Log likelihood (N=10692):  -8214.829 Gradient norm:      6e+01  
[09:14:05] < General >   Log likelihood (N=10692):  -8214.486 Gradient norm:      9e+01  
[09:14:05] < General >   Log likelihood (N=10692):  -8213.463 Gradient norm:      3e+01  
[09:14:06] < General >   Log likelihood (N=10692):  -8213.063 Gradient norm:      3e+01  
[09:14:06] < General >   Log likelihood (N=10692):  -8212.013 Gradient norm:      5e+01  
[09:14:06] < General >   Log likelihood (N=10692):  -8209.606 Gradient norm:      8e+01  
[09:14:06] < General >   Log likelihood (N=10692):  -8205.464 Gradient norm:      9e+01  
[09:14:06] < General >   Log likelihood (N=10692):  -8199.872 Gradient norm:      1e+02  
[09:14:06] < General >   Log likelihood (N=10692):  -8233.723 Gradient norm:      7e+02  
[09:14:06] < General >   Log likelihood (N=10692):  -8198.541 Gradient norm:      1e+02  
[09:14:06] < General >   Log likelihood (N=10692):  -8196.099 Gradient norm:      3e+01  
[09:14:06] < General >   Log likelihood (N=10692):  -8195.584 Gradient norm:      2e+01  
[09:14:06] < General >   Log likelihood (N=10692):  -8195.275 Gradient norm:      2e+01  
[09:14:06] < General >   Log likelihood (N=10692):  -8194.917 Gradient norm:      3e+01  
[09:14:06] < General >   Log likelihood (N=10692):  -8194.942 Gradient norm:      6e+01  
[09:14:06] < General >   Log likelihood (N=10692):  -8194.736 Gradient norm:      2e+01  
[09:14:06] < General >   Log likelihood (N=10692):   -8194.58 Gradient norm:      1e+01  
[09:14:06] < General >   Log likelihood (N=10692):  -8194.487 Gradient norm:          7  
[09:14:06] < General >   Log likelihood (N=10692):  -8194.365 Gradient norm:          8  
[09:14:06] < General >   Log likelihood (N=10692):  -8194.324 Gradient norm:          5  
[09:14:06] < General >   Log likelihood (N=10692):  -8194.304 Gradient norm:          2  
[09:14:07] < General >   Log likelihood (N=10692):  -8194.297 Gradient norm:          3  
[09:14:07] < General >   Log likelihood (N=10692):  -8194.301 Gradient norm:      1e+01  
[09:14:07] < General >   Log likelihood (N=10692):  -8194.293 Gradient norm:          4  
[09:14:07] < General >   Log likelihood (N=10692):  -8194.288 Gradient norm:          1  
[09:14:07] < General >   Log likelihood (N=10692):  -8194.286 Gradient norm:          1  
[09:14:07] < General >   Log likelihood (N=10692):  -8194.285 Gradient norm:        0.8  
[09:14:07] < General >   Log likelihood (N=10692):  -8194.286 Gradient norm:          4  
[09:14:07] < General >   Log likelihood (N=10692):  -8194.285 Gradient norm:          1  
[09:14:07] < General >   Log likelihood (N=10692):  -8194.285 Gradient norm:        0.5  
[09:14:07] < General >   Log likelihood (N=10692):  -8194.285 Gradient norm:        0.5  
[09:14:07] < General >   Log likelihood (N=10692):  -8194.284 Gradient norm:        0.6  
[09:14:07] < General >   Log likelihood (N=10692):  -8194.284 Gradient norm:        0.4  
[09:14:07] < General >   Log likelihood (N=10692):  -8194.284 Gradient norm:        0.3  
[09:14:07] < General >   Log likelihood (N=10692):  -8194.284 Gradient norm:        0.7  
[09:14:07] < General >   Log likelihood (N=10692):  -8194.284 Gradient norm:        0.3  
[09:14:07] < General >   Log likelihood (N=10692):  -8194.284 Gradient norm:       0.06  
[09:14:07] < General >   Log likelihood (N=10692):  -8194.284 Gradient norm:       0.07  
[09:14:07] < General >   Log likelihood (N=10692):  -8194.284 Gradient norm:        0.3  
[09:14:07] < General >   Log likelihood (N=10692):  -8194.284 Gradient norm:        0.1  
[09:14:08] < General >   Log likelihood (N=10692):  -8194.284 Gradient norm:       0.05  
[09:14:08] < General >   Log likelihood (N=10692):  -8194.284 Gradient norm:       0.06  
[09:14:08] < General >   Log likelihood (N=10692):  -8194.284 Gradient norm:        0.3  
[09:14:08] < General >   Log likelihood (N=10692):  -8194.284 Gradient norm:       0.08  
[09:14:08] < General >   Log likelihood (N=10692):  -8194.284 Gradient norm:       0.04  
[09:14:08] < General >   Log likelihood (N=10692):  -8194.284 Gradient norm:       0.02  
[09:14:08] < General >   Log likelihood (N=10692):  -8194.284 Gradient norm:       0.02  
[09:14:08] < General >   Log likelihood (N=10692):  -8194.284 Gradient norm:       0.01  
[09:14:08] < General >   Log likelihood (N=10692):  -8194.284 Gradient norm:       0.01  
[09:14:08] < General >   Log likelihood (N=10692):  -8194.284 Gradient norm:        0.1  
[09:14:08] < General >   Log likelihood (N=10692):  -8194.284 Gradient norm:       0.01  
[09:14:08] < General >   Log likelihood (N=10692):  -8194.284 Gradient norm:      0.007  
[09:14:08] < General >   Log likelihood (N=10692):  -8194.284 Gradient norm:      0.007  
[09:14:08] < General >   Log likelihood (N=10692):  -8194.284 Gradient norm:       0.01  
[09:14:08] < General >   Log likelihood (N=10692):  -8194.284 Gradient norm:      0.007  
[09:14:08] < General >   Log likelihood (N=10692):  -8194.284 Gradient norm:      0.006  
[09:14:08] < General >   Log likelihood (N=10692):  -8194.284 Gradient norm:       0.02  
[09:14:08] < General >   Log likelihood (N=10692):  -8194.284 Gradient norm:      0.008  
[09:14:09] < General >   Log likelihood (N=10692):  -8194.284 Gradient norm:      0.003  
[09:14:09] < General >   Log likelihood (N=10692):  -8194.284 Gradient norm:      0.002  
[09:14:09] < General >   Log likelihood (N=10692):  -8194.284 Gradient norm:      0.002 Hessian norm:       1e+04 BHHH norm:       1e+04
[09:14:09] < General >   Results saved in file MNL16.html
[09:14:09] < General >   Results saved in file MNL16.pickle
[09:14:09] < General >   Log file created: MNL16.log
