*** File created 2020-04-28 09:14:25.721281 ***
*** Log file from biogeme 3.2.5 [2020-04-28]
[09:14:20] < General >   Remove 29 unused variables from the database as only 18 are used.
[09:14:20] < General >   Log likelihood (N=10692):  -11071.26
[09:14:20] < General >   Minimize with tol 1e-07
[09:14:20] < General >   Log likelihood (N=10692):  -11071.26 Gradient norm:      7e+03  
[09:14:20] < General >   Log likelihood (N=10692):  -9954.412 Gradient norm:      3e+03  
[09:14:20] < General >   Log likelihood (N=10692):   -9275.71 Gradient norm:      2e+03  
[09:14:20] < General >   Log likelihood (N=10692):  -9016.352 Gradient norm:      1e+03  
[09:14:20] < General >   Log likelihood (N=10692):  -8878.543 Gradient norm:      9e+02  
[09:14:20] < General >   Log likelihood (N=10692):  -8487.308 Gradient norm:      5e+02  
[09:14:20] < General >   Log likelihood (N=10692):  -8380.015 Gradient norm:      5e+02  
[09:14:20] < General >   Log likelihood (N=10692):  -8309.309 Gradient norm:      3e+02  
[09:14:20] < General >   Log likelihood (N=10692):  -8237.635 Gradient norm:      2e+02  
[09:14:21] < General >   Log likelihood (N=10692):  -8199.071 Gradient norm:      9e+01  
[09:14:21] < General >   Log likelihood (N=10692):  -8191.382 Gradient norm:      6e+01  
[09:14:21] < General >   Log likelihood (N=10692):  -8186.946 Gradient norm:      6e+01  
[09:14:21] < General >   Log likelihood (N=10692):  -8180.773 Gradient norm:      8e+01  
[09:14:21] < General >   Log likelihood (N=10692):  -8175.468 Gradient norm:      6e+01  
[09:14:21] < General >   Log likelihood (N=10692):  -8170.298 Gradient norm:      1e+02  
[09:14:21] < General >   Log likelihood (N=10692):  -8179.122 Gradient norm:      4e+02  
[09:14:21] < General >   Log likelihood (N=10692):  -8168.785 Gradient norm:      6e+01  
[09:14:21] < General >   Log likelihood (N=10692):  -8168.125 Gradient norm:      3e+01  
[09:14:21] < General >   Log likelihood (N=10692):  -8167.751 Gradient norm:      2e+01  
[09:14:21] < General >   Log likelihood (N=10692):  -8167.083 Gradient norm:      6e+01  
[09:14:21] < General >   Log likelihood (N=10692):  -8165.973 Gradient norm:      7e+01  
[09:14:21] < General >   Log likelihood (N=10692):  -8162.506 Gradient norm:      9e+01  
[09:14:21] < General >   Log likelihood (N=10692):  -8156.589 Gradient norm:      8e+01  
[09:14:21] < General >   Log likelihood (N=10692):  -8200.955 Gradient norm:      6e+02  
[09:14:21] < General >   Log likelihood (N=10692):  -8154.195 Gradient norm:      2e+02  
[09:14:21] < General >   Log likelihood (N=10692):  -8149.515 Gradient norm:      7e+01  
[09:14:21] < General >   Log likelihood (N=10692):  -8147.649 Gradient norm:      3e+01  
[09:14:22] < General >   Log likelihood (N=10692):  -8147.087 Gradient norm:      3e+01  
[09:14:22] < General >   Log likelihood (N=10692):  -8146.036 Gradient norm:      4e+01  
[09:14:22] < General >   Log likelihood (N=10692):  -8150.361 Gradient norm:      3e+02  
[09:14:22] < General >   Log likelihood (N=10692):  -8145.808 Gradient norm:      4e+01  
[09:14:22] < General >   Log likelihood (N=10692):   -8145.32 Gradient norm:      2e+01  
[09:14:22] < General >   Log likelihood (N=10692):  -8145.045 Gradient norm:      1e+01  
[09:14:22] < General >   Log likelihood (N=10692):  -8144.853 Gradient norm:      2e+01  
[09:14:22] < General >   Log likelihood (N=10692):  -8144.896 Gradient norm:      5e+01  
[09:14:22] < General >   Log likelihood (N=10692):   -8144.71 Gradient norm:      2e+01  
[09:14:22] < General >   Log likelihood (N=10692):  -8144.608 Gradient norm:      1e+01  
[09:14:22] < General >   Log likelihood (N=10692):  -8144.472 Gradient norm:          6  
[09:14:22] < General >   Log likelihood (N=10692):   -8144.45 Gradient norm:          4  
[09:14:22] < General >   Log likelihood (N=10692):  -8144.436 Gradient norm:          5  
[09:14:22] < General >   Log likelihood (N=10692):  -8144.427 Gradient norm:          3  
[09:14:22] < General >   Log likelihood (N=10692):   -8144.42 Gradient norm:          3  
[09:14:22] < General >   Log likelihood (N=10692):  -8144.415 Gradient norm:          3  
[09:14:22] < General >   Log likelihood (N=10692):   -8144.43 Gradient norm:      2e+01  
[09:14:22] < General >   Log likelihood (N=10692):  -8144.413 Gradient norm:          4  
[09:14:22] < General >   Log likelihood (N=10692):   -8144.41 Gradient norm:          1  
[09:14:23] < General >   Log likelihood (N=10692):   -8144.41 Gradient norm:          1  
[09:14:23] < General >   Log likelihood (N=10692):  -8144.408 Gradient norm:          1  
[09:14:23] < General >   Log likelihood (N=10692):  -8144.407 Gradient norm:          1  
[09:14:23] < General >   Log likelihood (N=10692):  -8144.413 Gradient norm:          7  
[09:14:23] < General >   Log likelihood (N=10692):  -8144.407 Gradient norm:        0.5  
[09:14:23] < General >   Log likelihood (N=10692):  -8144.407 Gradient norm:        0.3  
[09:14:23] < General >   Log likelihood (N=10692):  -8144.407 Gradient norm:        0.3  
[09:14:23] < General >   Log likelihood (N=10692):  -8144.407 Gradient norm:        0.2  
[09:14:23] < General >   Log likelihood (N=10692):  -8144.407 Gradient norm:        0.4  
[09:14:23] < General >   Log likelihood (N=10692):  -8144.407 Gradient norm:        0.2  
[09:14:23] < General >   Log likelihood (N=10692):  -8144.407 Gradient norm:       0.06  
[09:14:23] < General >   Log likelihood (N=10692):  -8144.407 Gradient norm:       0.05  
[09:14:23] < General >   Log likelihood (N=10692):  -8144.407 Gradient norm:       0.04  
[09:14:23] < General >   Log likelihood (N=10692):  -8144.407 Gradient norm:        0.3  
[09:14:23] < General >   Log likelihood (N=10692):  -8144.407 Gradient norm:       0.08  
[09:14:23] < General >   Log likelihood (N=10692):  -8144.407 Gradient norm:       0.04  
[09:14:23] < General >   Log likelihood (N=10692):  -8144.407 Gradient norm:       0.02  
[09:14:23] < General >   Log likelihood (N=10692):  -8144.407 Gradient norm:       0.03  
[09:14:24] < General >   Log likelihood (N=10692):  -8144.407 Gradient norm:       0.02  
[09:14:24] < General >   Log likelihood (N=10692):  -8144.407 Gradient norm:       0.05  
[09:14:24] < General >   Log likelihood (N=10692):  -8144.407 Gradient norm:       0.07  
[09:14:24] < General >   Log likelihood (N=10692):  -8144.407 Gradient norm:       0.02  
[09:14:24] < General >   Log likelihood (N=10692):  -8144.407 Gradient norm:       0.01  
[09:14:24] < General >   Log likelihood (N=10692):  -8144.407 Gradient norm:       0.01  
[09:14:24] < General >   Log likelihood (N=10692):  -8144.407 Gradient norm:       0.01  
[09:14:24] < General >   Log likelihood (N=10692):  -8144.407 Gradient norm:       0.02  
[09:14:24] < General >   Log likelihood (N=10692):  -8144.407 Gradient norm:       0.02  
[09:14:24] < General >   Log likelihood (N=10692):  -8144.407 Gradient norm:       0.02  
[09:14:24] < General >   Log likelihood (N=10692):  -8144.407 Gradient norm:       0.03  
[09:14:24] < General >   Log likelihood (N=10692):  -8144.407 Gradient norm:      0.009  
[09:14:24] < General >   Log likelihood (N=10692):  -8144.407 Gradient norm:      0.009  
[09:14:24] < General >   Log likelihood (N=10692):  -8144.407 Gradient norm:       0.01  
[09:14:24] < General >   Log likelihood (N=10692):  -8144.407 Gradient norm:      0.009  
[09:14:24] < General >   Log likelihood (N=10692):  -8144.407 Gradient norm:       0.04  
[09:14:24] < General >   Log likelihood (N=10692):  -8144.407 Gradient norm:      0.009  
[09:14:24] < General >   Log likelihood (N=10692):  -8144.407 Gradient norm:      0.002  
[09:14:24] < General >   Log likelihood (N=10692):  -8144.407 Gradient norm:      0.001  
[09:14:25] < General >   Log likelihood (N=10692):  -8144.407 Gradient norm:      0.001 Hessian norm:       1e+04 BHHH norm:       1e+04
[09:14:25] < General >   Results saved in file MNL19.html
[09:14:25] < General >   Results saved in file MNL19.pickle
[09:14:25] < General >   Log file created: MNL19.log
