*** File created 2020-04-28 09:14:43.034677 ***
*** Log file from biogeme 3.2.5 [2020-04-28]
[09:14:36] < General >   Remove 28 unused variables from the database as only 19 are used.
[09:14:36] < General >   Log likelihood (N=10692):  -11071.26
[09:14:36] < General >   Minimize with tol 1e-07
[09:14:36] < General >   Log likelihood (N=10692):  -11071.26 Gradient norm:      7e+03  
[09:14:36] < General >   Log likelihood (N=10692):  -9949.303 Gradient norm:      3e+03  
[09:14:37] < General >   Log likelihood (N=10692):  -9269.143 Gradient norm:      2e+03  
[09:14:37] < General >   Log likelihood (N=10692):  -9005.269 Gradient norm:      1e+03  
[09:14:37] < General >   Log likelihood (N=10692):  -8863.388 Gradient norm:      9e+02  
[09:14:37] < General >   Log likelihood (N=10692):  -8455.773 Gradient norm:      5e+02  
[09:14:37] < General >   Log likelihood (N=10692):  -8341.667 Gradient norm:      5e+02  
[09:14:37] < General >   Log likelihood (N=10692):  -8260.499 Gradient norm:      3e+02  
[09:14:37] < General >   Log likelihood (N=10692):  -8182.209 Gradient norm:      2e+02  
[09:14:37] < General >   Log likelihood (N=10692):  -8141.213 Gradient norm:      1e+02  
[09:14:37] < General >   Log likelihood (N=10692):  -8130.682 Gradient norm:      7e+01  
[09:14:37] < General >   Log likelihood (N=10692):  -8124.263 Gradient norm:      7e+01  
[09:14:37] < General >   Log likelihood (N=10692):  -8116.111 Gradient norm:      7e+01  
[09:14:37] < General >   Log likelihood (N=10692):  -8109.055 Gradient norm:      5e+01  
[09:14:37] < General >   Log likelihood (N=10692):  -8107.279 Gradient norm:      1e+02  
[09:14:37] < General >   Log likelihood (N=10692):  -8106.825 Gradient norm:      1e+02  
[09:14:37] < General >   Log likelihood (N=10692):  -8105.852 Gradient norm:      2e+01  
[09:14:37] < General >   Log likelihood (N=10692):  -8105.751 Gradient norm:      2e+01  
[09:14:38] < General >   Log likelihood (N=10692):  -8105.284 Gradient norm:      3e+01  
[09:14:38] < General >   Log likelihood (N=10692):  -8104.752 Gradient norm:      5e+01  
[09:14:38] < General >   Log likelihood (N=10692):  -8103.694 Gradient norm:      5e+01  
[09:14:38] < General >   Log likelihood (N=10692):  -8101.598 Gradient norm:      4e+01  
[09:14:38] < General >   Log likelihood (N=10692):  -8097.878 Gradient norm:      6e+01  
[09:14:38] < General >   Log likelihood (N=10692):  -8095.898 Gradient norm:      6e+01  
[09:14:38] < General >   Log likelihood (N=10692):  -8093.717 Gradient norm:      3e+01  
[09:14:38] < General >   Log likelihood (N=10692):   -8092.31 Gradient norm:      3e+01  
[09:14:38] < General >   Log likelihood (N=10692):  -8091.004 Gradient norm:      2e+01  
[09:14:38] < General >   Log likelihood (N=10692):  -8091.597 Gradient norm:      2e+02  
[09:14:38] < General >   Log likelihood (N=10692):  -8090.653 Gradient norm:      6e+01  
[09:14:38] < General >   Log likelihood (N=10692):  -8090.005 Gradient norm:      2e+01  
[09:14:38] < General >   Log likelihood (N=10692):   -8089.79 Gradient norm:      1e+01  
[09:14:38] < General >   Log likelihood (N=10692):  -8089.609 Gradient norm:      1e+01  
[09:14:38] < General >   Log likelihood (N=10692):   -8089.41 Gradient norm:      3e+01  
[09:14:38] < General >   Log likelihood (N=10692):  -8089.197 Gradient norm:      1e+01  
[09:14:39] < General >   Log likelihood (N=10692):  -8089.107 Gradient norm:          8  
[09:14:39] < General >   Log likelihood (N=10692):  -8089.052 Gradient norm:          4  
[09:14:39] < General >   Log likelihood (N=10692):  -8089.025 Gradient norm:          4  
[09:14:39] < General >   Log likelihood (N=10692):  -8089.025 Gradient norm:          7  
[09:14:39] < General >   Log likelihood (N=10692):  -8089.013 Gradient norm:          3  
[09:14:39] < General >   Log likelihood (N=10692):  -8089.007 Gradient norm:          2  
[09:14:39] < General >   Log likelihood (N=10692):  -8088.999 Gradient norm:          1  
[09:14:39] < General >   Log likelihood (N=10692):  -8088.996 Gradient norm:          3  
[09:14:39] < General >   Log likelihood (N=10692):  -8089.006 Gradient norm:      1e+01  
[09:14:39] < General >   Log likelihood (N=10692):  -8088.995 Gradient norm:          2  
[09:14:39] < General >   Log likelihood (N=10692):  -8088.994 Gradient norm:        0.7  
[09:14:39] < General >   Log likelihood (N=10692):  -8088.994 Gradient norm:        0.3  
[09:14:39] < General >   Log likelihood (N=10692):  -8088.994 Gradient norm:        0.3  
[09:14:39] < General >   Log likelihood (N=10692):  -8088.994 Gradient norm:          2  
[09:14:39] < General >   Log likelihood (N=10692):  -8088.993 Gradient norm:        0.3  
[09:14:39] < General >   Log likelihood (N=10692):  -8088.993 Gradient norm:        0.3  
[09:14:39] < General >   Log likelihood (N=10692):  -8088.993 Gradient norm:        0.2  
[09:14:40] < General >   Log likelihood (N=10692):  -8088.993 Gradient norm:        0.3  
[09:14:40] < General >   Log likelihood (N=10692):  -8088.993 Gradient norm:        0.4  
[09:14:40] < General >   Log likelihood (N=10692):  -8088.993 Gradient norm:        0.1  
[09:14:40] < General >   Log likelihood (N=10692):  -8088.993 Gradient norm:       0.07  
[09:14:40] < General >   Log likelihood (N=10692):  -8088.993 Gradient norm:        0.2  
[09:14:40] < General >   Log likelihood (N=10692):  -8088.993 Gradient norm:       0.09  
[09:14:40] < General >   Log likelihood (N=10692):  -8088.993 Gradient norm:       0.04  
[09:14:40] < General >   Log likelihood (N=10692):  -8088.993 Gradient norm:       0.03  
[09:14:40] < General >   Log likelihood (N=10692):  -8088.993 Gradient norm:       0.03  
[09:14:40] < General >   Log likelihood (N=10692):  -8088.993 Gradient norm:        0.3  
[09:14:40] < General >   Log likelihood (N=10692):  -8088.993 Gradient norm:       0.06  
[09:14:40] < General >   Log likelihood (N=10692):  -8088.993 Gradient norm:       0.03  
[09:14:40] < General >   Log likelihood (N=10692):  -8088.993 Gradient norm:       0.02  
[09:14:40] < General >   Log likelihood (N=10692):  -8088.993 Gradient norm:       0.02  
[09:14:40] < General >   Log likelihood (N=10692):  -8088.993 Gradient norm:       0.02  
[09:14:40] < General >   Log likelihood (N=10692):  -8088.993 Gradient norm:       0.08  
[09:14:41] < General >   Log likelihood (N=10692):  -8088.993 Gradient norm:       0.08  
[09:14:41] < General >   Log likelihood (N=10692):  -8088.993 Gradient norm:       0.02  
[09:14:41] < General >   Log likelihood (N=10692):  -8088.993 Gradient norm:       0.03  
[09:14:41] < General >   Log likelihood (N=10692):  -8088.993 Gradient norm:       0.03  
[09:14:41] < General >   Log likelihood (N=10692):  -8088.993 Gradient norm:        0.1  
[09:14:41] < General >   Log likelihood (N=10692):  -8088.993 Gradient norm:       0.04  
[09:14:41] < General >   Log likelihood (N=10692):  -8088.993 Gradient norm:       0.03  
[09:14:41] < General >   Log likelihood (N=10692):  -8088.993 Gradient norm:       0.01  
[09:14:41] < General >   Log likelihood (N=10692):  -8088.993 Gradient norm:       0.01  
[09:14:41] < General >   Log likelihood (N=10692):  -8088.993 Gradient norm:       0.01  
[09:14:41] < General >   Log likelihood (N=10692):  -8088.993 Gradient norm:      0.007  
[09:14:41] < General >   Log likelihood (N=10692):  -8088.993 Gradient norm:       0.01  
[09:14:41] < General >   Log likelihood (N=10692):  -8088.993 Gradient norm:      0.009  
[09:14:41] < General >   Log likelihood (N=10692):  -8088.993 Gradient norm:      0.005  
[09:14:41] < General >   Log likelihood (N=10692):  -8088.993 Gradient norm:      0.003  
[09:14:41] < General >   Log likelihood (N=10692):  -8088.993 Gradient norm:      0.004  
[09:14:41] < General >   Log likelihood (N=10692):  -8088.993 Gradient norm:      0.003  
[09:14:42] < General >   Log likelihood (N=10692):  -8088.993 Gradient norm:       0.02  
[09:14:42] < General >   Log likelihood (N=10692):  -8088.993 Gradient norm:      0.004  
[09:14:42] < General >   Log likelihood (N=10692):  -8088.993 Gradient norm:      0.002  
[09:14:42] < General >   Log likelihood (N=10692):  -8088.993 Gradient norm:      0.002 Hessian norm:       1e+04 BHHH norm:       1e+04
[09:14:43] < General >   Results saved in file MNL22.html
[09:14:43] < General >   Results saved in file MNL22.pickle
[09:14:43] < General >   Log file created: MNL22.log
