*** File created 2020-04-28 09:15:52.694125 ***
*** Log file from biogeme 3.2.5 [2020-04-28]
[09:15:35] < General >   Remove 24 unused variables from the database as only 23 are used.
[09:15:35] < General >   Log likelihood (N=10692):  -11071.26
[09:15:35] < General >   Minimize with tol 1e-07
[09:15:35] < General >   Log likelihood (N=10692):  -11071.26 Gradient norm:      7e+03  
[09:15:35] < General >   Log likelihood (N=10692):  -10163.53 Gradient norm:      4e+03  
[09:15:35] < General >   Log likelihood (N=10692):  -9299.971 Gradient norm:      2e+03  
[09:15:35] < General >   Log likelihood (N=10692):  -9019.492 Gradient norm:      1e+03  
[09:15:35] < General >   Log likelihood (N=10692):    -8868.9 Gradient norm:      1e+03  
[09:15:35] < General >   Log likelihood (N=10692):   -8322.88 Gradient norm:      6e+02  
[09:15:36] < General >   Log likelihood (N=10692):  -8165.868 Gradient norm:      5e+02  
[09:15:36] < General >   Log likelihood (N=10692):  -8075.469 Gradient norm:      4e+02  
[09:15:36] < General >   Log likelihood (N=10692):   -7986.22 Gradient norm:      2e+02  
[09:15:36] < General >   Log likelihood (N=10692):  -7957.719 Gradient norm:      9e+01  
[09:15:36] < General >   Log likelihood (N=10692):  -7948.745 Gradient norm:      6e+01  
[09:15:36] < General >   Log likelihood (N=10692):  -7941.608 Gradient norm:      6e+01  
[09:15:36] < General >   Log likelihood (N=10692):  -7935.127 Gradient norm:      6e+01  
[09:15:36] < General >   Log likelihood (N=10692):  -7926.438 Gradient norm:      7e+01  
[09:15:36] < General >   Log likelihood (N=10692):   -7917.11 Gradient norm:      6e+01  
[09:15:36] < General >   Log likelihood (N=10692):  -7911.425 Gradient norm:      6e+01  
[09:15:36] < General >   Log likelihood (N=10692):  -7925.741 Gradient norm:      6e+02  
[09:15:36] < General >   Log likelihood (N=10692):  -7910.273 Gradient norm:      1e+02  
[09:15:37] < General >   Log likelihood (N=10692):   -7907.68 Gradient norm:      6e+01  
[09:15:37] < General >   Log likelihood (N=10692):  -7905.564 Gradient norm:      5e+01  
[09:15:37] < General >   Log likelihood (N=10692):   -7903.55 Gradient norm:      2e+02  
[09:15:37] < General >   Log likelihood (N=10692):  -7897.414 Gradient norm:      7e+01  
[09:15:37] < General >   Log likelihood (N=10692):  -7894.404 Gradient norm:      7e+01  
[09:15:37] < General >   Log likelihood (N=10692):  -7890.973 Gradient norm:      1e+02  
[09:15:37] < General >   Log likelihood (N=10692):  -7885.277 Gradient norm:      1e+02  
[09:15:37] < General >   Log likelihood (N=10692):  -7876.141 Gradient norm:      1e+02  
[09:15:37] < General >   Log likelihood (N=10692):  -7879.293 Gradient norm:      1e+02  
[09:15:37] < General >   Log likelihood (N=10692):  -7873.462 Gradient norm:      6e+01  
[09:15:37] < General >   Log likelihood (N=10692):  -7872.869 Gradient norm:      2e+01  
[09:15:38] < General >   Log likelihood (N=10692):  -7872.771 Gradient norm:      2e+01  
[09:15:38] < General >   Log likelihood (N=10692):  -7872.732 Gradient norm:      1e+01  
[09:15:38] < General >   Log likelihood (N=10692):  -7872.695 Gradient norm:      1e+01  
[09:15:38] < General >   Log likelihood (N=10692):  -7872.617 Gradient norm:      2e+01  
[09:15:38] < General >   Log likelihood (N=10692):  -7872.541 Gradient norm:      2e+01  
[09:15:38] < General >   Log likelihood (N=10692):  -7872.385 Gradient norm:      2e+01  
[09:15:38] < General >   Log likelihood (N=10692):  -7872.451 Gradient norm:      2e+01  
[09:15:38] < General >   Log likelihood (N=10692):  -7872.351 Gradient norm:          6  
[09:15:38] < General >   Log likelihood (N=10692):  -7872.332 Gradient norm:          3  
[09:15:38] < General >   Log likelihood (N=10692):  -7872.323 Gradient norm:          2  
[09:15:38] < General >   Log likelihood (N=10692):  -7872.315 Gradient norm:          3  
[09:15:38] < General >   Log likelihood (N=10692):  -7872.311 Gradient norm:          2  
[09:15:39] < General >   Log likelihood (N=10692):  -7872.309 Gradient norm:          1  
[09:15:39] < General >   Log likelihood (N=10692):  -7872.308 Gradient norm:          1  
[09:15:39] < General >   Log likelihood (N=10692):  -7872.331 Gradient norm:      2e+01  
[09:15:39] < General >   Log likelihood (N=10692):  -7872.307 Gradient norm:          3  
[09:15:39] < General >   Log likelihood (N=10692):  -7872.306 Gradient norm:          2  
[09:15:39] < General >   Log likelihood (N=10692):  -7872.303 Gradient norm:          1  
[09:15:39] < General >   Log likelihood (N=10692):    -7872.3 Gradient norm:          2  
[09:15:39] < General >   Log likelihood (N=10692):  -7872.298 Gradient norm:          5  
[09:15:39] < General >   Log likelihood (N=10692):  -7872.294 Gradient norm:          2  
[09:15:39] < General >   Log likelihood (N=10692):   -7872.29 Gradient norm:          2  
[09:15:39] < General >   Log likelihood (N=10692):  -7872.283 Gradient norm:          3  
[09:15:39] < General >   Log likelihood (N=10692):  -7872.271 Gradient norm:          4  
[09:15:40] < General >   Log likelihood (N=10692):  -7872.242 Gradient norm:          6  
[09:15:40] < General >   Log likelihood (N=10692):  -7872.226 Gradient norm:      1e+01  
[09:15:40] < General >   Log likelihood (N=10692):  -7872.215 Gradient norm:      2e+01  
[09:15:40] < General >   Log likelihood (N=10692):  -7872.178 Gradient norm:          6  
[09:15:40] < General >   Log likelihood (N=10692):  -7872.168 Gradient norm:          4  
[09:15:40] < General >   Log likelihood (N=10692):  -7872.157 Gradient norm:          5  
[09:15:40] < General >   Log likelihood (N=10692):  -7872.133 Gradient norm:          7  
[09:15:40] < General >   Log likelihood (N=10692):  -7872.119 Gradient norm:      1e+01  
[09:15:40] < General >   Log likelihood (N=10692):  -7872.092 Gradient norm:          5  
[09:15:40] < General >   Log likelihood (N=10692):  -7872.083 Gradient norm:          4  
[09:15:40] < General >   Log likelihood (N=10692):  -7872.066 Gradient norm:          6  
[09:15:40] < General >   Log likelihood (N=10692):  -7872.057 Gradient norm:          4  
[09:15:41] < General >   Log likelihood (N=10692):   -7872.05 Gradient norm:          3  
[09:15:41] < General >   Log likelihood (N=10692):  -7872.035 Gradient norm:          4  
[09:15:41] < General >   Log likelihood (N=10692):  -7872.082 Gradient norm:      3e+01  
[09:15:41] < General >   Log likelihood (N=10692):  -7872.032 Gradient norm:          5  
[09:15:41] < General >   Log likelihood (N=10692):  -7872.028 Gradient norm:          3  
[09:15:41] < General >   Log likelihood (N=10692):  -7872.023 Gradient norm:          2  
[09:15:41] < General >   Log likelihood (N=10692):  -7872.019 Gradient norm:          3  
[09:15:41] < General >   Log likelihood (N=10692):  -7872.012 Gradient norm:          3  
[09:15:41] < General >   Log likelihood (N=10692):  -7872.011 Gradient norm:          8  
[09:15:41] < General >   Log likelihood (N=10692):  -7872.004 Gradient norm:          2  
[09:15:41] < General >   Log likelihood (N=10692):  -7872.003 Gradient norm:          1  
[09:15:41] < General >   Log likelihood (N=10692):  -7872.001 Gradient norm:          2  
[09:15:42] < General >   Log likelihood (N=10692):  -7871.998 Gradient norm:          2  
[09:15:42] < General >   Log likelihood (N=10692):  -7871.992 Gradient norm:          3  
[09:15:42] < General >   Log likelihood (N=10692):  -7872.018 Gradient norm:      3e+01  
[09:15:42] < General >   Log likelihood (N=10692):   -7871.99 Gradient norm:          7  
[09:15:42] < General >   Log likelihood (N=10692):  -7871.984 Gradient norm:          5  
[09:15:42] < General >   Log likelihood (N=10692):  -7871.977 Gradient norm:          2  
[09:15:42] < General >   Log likelihood (N=10692):  -7871.975 Gradient norm:          2  
[09:15:42] < General >   Log likelihood (N=10692):  -7871.971 Gradient norm:          3  
[09:15:42] < General >   Log likelihood (N=10692):   -7871.97 Gradient norm:          3  
[09:15:42] < General >   Log likelihood (N=10692):  -7871.964 Gradient norm:          2  
[09:15:42] < General >   Log likelihood (N=10692):  -7871.961 Gradient norm:          2  
[09:15:42] < General >   Log likelihood (N=10692):  -7871.964 Gradient norm:      1e+01  
[09:15:43] < General >   Log likelihood (N=10692):  -7871.959 Gradient norm:          4  
[09:15:43] < General >   Log likelihood (N=10692):  -7871.955 Gradient norm:          2  
[09:15:43] < General >   Log likelihood (N=10692):  -7871.952 Gradient norm:          1  
[09:15:43] < General >   Log likelihood (N=10692):  -7871.947 Gradient norm:          2  
[09:15:43] < General >   Log likelihood (N=10692):  -7871.956 Gradient norm:      1e+01  
[09:15:43] < General >   Log likelihood (N=10692):  -7871.946 Gradient norm:          3  
[09:15:43] < General >   Log likelihood (N=10692):  -7871.944 Gradient norm:          2  
[09:15:43] < General >   Log likelihood (N=10692):  -7871.942 Gradient norm:          1  
[09:15:43] < General >   Log likelihood (N=10692):  -7871.941 Gradient norm:          1  
[09:15:43] < General >   Log likelihood (N=10692):   -7871.94 Gradient norm:        0.6  
[09:15:43] < General >   Log likelihood (N=10692):   -7871.94 Gradient norm:          1  
[09:15:43] < General >   Log likelihood (N=10692):   -7871.94 Gradient norm:        0.7  
[09:15:44] < General >   Log likelihood (N=10692):   -7871.94 Gradient norm:        0.2  
[09:15:44] < General >   Log likelihood (N=10692):   -7871.94 Gradient norm:        0.1  
[09:15:44] < General >   Log likelihood (N=10692):   -7871.94 Gradient norm:        0.3  
[09:15:44] < General >   Log likelihood (N=10692):   -7871.94 Gradient norm:        0.3  
[09:15:44] < General >   Log likelihood (N=10692):   -7871.94 Gradient norm:        0.2  
[09:15:44] < General >   Log likelihood (N=10692):   -7871.94 Gradient norm:        0.1  
[09:15:44] < General >   Log likelihood (N=10692):   -7871.94 Gradient norm:        0.1  
[09:15:44] < General >   Log likelihood (N=10692):   -7871.94 Gradient norm:        0.5  
[09:15:44] < General >   Log likelihood (N=10692):   -7871.94 Gradient norm:        0.1  
[09:15:44] < General >   Log likelihood (N=10692):   -7871.94 Gradient norm:       0.09  
[09:15:44] < General >   Log likelihood (N=10692):   -7871.94 Gradient norm:       0.08  
[09:15:44] < General >   Log likelihood (N=10692):   -7871.94 Gradient norm:        0.1  
[09:15:45] < General >   Log likelihood (N=10692):   -7871.94 Gradient norm:        0.1  
[09:15:45] < General >   Log likelihood (N=10692):   -7871.94 Gradient norm:        0.3  
[09:15:45] < General >   Log likelihood (N=10692):   -7871.94 Gradient norm:        0.1  
[09:15:45] < General >   Log likelihood (N=10692):   -7871.94 Gradient norm:        0.2  
[09:15:45] < General >   Log likelihood (N=10692):   -7871.94 Gradient norm:        0.2  
[09:15:45] < General >   Log likelihood (N=10692):   -7871.94 Gradient norm:        0.3  
[09:15:45] < General >   Log likelihood (N=10692):   -7871.94 Gradient norm:        0.2  
[09:15:45] < General >   Log likelihood (N=10692):   -7871.94 Gradient norm:        0.2  
[09:15:45] < General >   Log likelihood (N=10692):   -7871.94 Gradient norm:        0.6  
[09:15:45] < General >   Log likelihood (N=10692):   -7871.94 Gradient norm:        0.4  
[09:15:45] < General >   Log likelihood (N=10692):   -7871.94 Gradient norm:        0.2  
[09:15:45] < General >   Log likelihood (N=10692):   -7871.94 Gradient norm:        0.3  
[09:15:46] < General >   Log likelihood (N=10692):  -7871.939 Gradient norm:        0.4  
[09:15:46] < General >   Log likelihood (N=10692):  -7871.939 Gradient norm:        0.5  
[09:15:46] < General >   Log likelihood (N=10692):  -7871.939 Gradient norm:        0.9  
[09:15:46] < General >   Log likelihood (N=10692):  -7871.939 Gradient norm:        0.5  
[09:15:46] < General >   Log likelihood (N=10692):  -7871.939 Gradient norm:        0.5  
[09:15:46] < General >   Log likelihood (N=10692):  -7871.939 Gradient norm:        0.5  
[09:15:46] < General >   Log likelihood (N=10692):  -7871.939 Gradient norm:        0.4  
[09:15:46] < General >   Log likelihood (N=10692):   -7871.94 Gradient norm:          5  
[09:15:46] < General >   Log likelihood (N=10692):  -7871.939 Gradient norm:        0.8  
[09:15:46] < General >   Log likelihood (N=10692):  -7871.939 Gradient norm:        0.4  
[09:15:46] < General >   Log likelihood (N=10692):  -7871.938 Gradient norm:        0.2  
[09:15:46] < General >   Log likelihood (N=10692):  -7871.938 Gradient norm:        0.3  
[09:15:47] < General >   Log likelihood (N=10692):  -7871.938 Gradient norm:        0.3  
[09:15:47] < General >   Log likelihood (N=10692):  -7871.939 Gradient norm:          1  
[09:15:47] < General >   Log likelihood (N=10692):  -7871.938 Gradient norm:        0.1  
[09:15:47] < General >   Log likelihood (N=10692):  -7871.938 Gradient norm:        0.1  
[09:15:47] < General >   Log likelihood (N=10692):  -7871.938 Gradient norm:        0.1  
[09:15:47] < General >   Log likelihood (N=10692):  -7871.938 Gradient norm:        0.5  
[09:15:47] < General >   Log likelihood (N=10692):  -7871.938 Gradient norm:       0.08  
[09:15:47] < General >   Log likelihood (N=10692):  -7871.938 Gradient norm:       0.06  
[09:15:47] < General >   Log likelihood (N=10692):  -7871.938 Gradient norm:       0.05  
[09:15:47] < General >   Log likelihood (N=10692):  -7871.938 Gradient norm:       0.06  
[09:15:47] < General >   Log likelihood (N=10692):  -7871.938 Gradient norm:        0.2  
[09:15:47] < General >   Log likelihood (N=10692):  -7871.938 Gradient norm:       0.05  
[09:15:48] < General >   Log likelihood (N=10692):  -7871.938 Gradient norm:       0.04  
[09:15:48] < General >   Log likelihood (N=10692):  -7871.938 Gradient norm:       0.04  
[09:15:48] < General >   Log likelihood (N=10692):  -7871.938 Gradient norm:       0.05  
[09:15:48] < General >   Log likelihood (N=10692):  -7871.938 Gradient norm:        0.1  
[09:15:48] < General >   Log likelihood (N=10692):  -7871.938 Gradient norm:       0.06  
[09:15:48] < General >   Log likelihood (N=10692):  -7871.938 Gradient norm:       0.04  
[09:15:48] < General >   Log likelihood (N=10692):  -7871.938 Gradient norm:       0.04  
[09:15:48] < General >   Log likelihood (N=10692):  -7871.938 Gradient norm:        0.3  
[09:15:48] < General >   Log likelihood (N=10692):  -7871.938 Gradient norm:       0.09  
[09:15:48] < General >   Log likelihood (N=10692):  -7871.938 Gradient norm:       0.06  
[09:15:48] < General >   Log likelihood (N=10692):  -7871.938 Gradient norm:       0.09  
[09:15:48] < General >   Log likelihood (N=10692):  -7871.938 Gradient norm:        0.3  
[09:15:49] < General >   Log likelihood (N=10692):  -7871.938 Gradient norm:        0.1  
[09:15:49] < General >   Log likelihood (N=10692):  -7871.938 Gradient norm:       0.05  
[09:15:49] < General >   Log likelihood (N=10692):  -7871.938 Gradient norm:       0.08  
[09:15:49] < General >   Log likelihood (N=10692):  -7871.938 Gradient norm:       0.06  
[09:15:49] < General >   Log likelihood (N=10692):  -7871.938 Gradient norm:        0.1  
[09:15:49] < General >   Log likelihood (N=10692):  -7871.938 Gradient norm:       0.09  
[09:15:49] < General >   Log likelihood (N=10692):  -7871.938 Gradient norm:       0.07  
[09:15:49] < General >   Log likelihood (N=10692):  -7871.938 Gradient norm:        0.1  
[09:15:49] < General >   Log likelihood (N=10692):  -7871.938 Gradient norm:        0.1  
[09:15:49] < General >   Log likelihood (N=10692):  -7871.938 Gradient norm:       0.06  
[09:15:49] < General >   Log likelihood (N=10692):  -7871.938 Gradient norm:       0.05  
[09:15:49] < General >   Log likelihood (N=10692):  -7871.938 Gradient norm:       0.06  
[09:15:50] < General >   Log likelihood (N=10692):  -7871.938 Gradient norm:        0.1  
[09:15:50] < General >   Log likelihood (N=10692):  -7871.938 Gradient norm:       0.05  
[09:15:50] < General >   Log likelihood (N=10692):  -7871.938 Gradient norm:       0.02  
[09:15:50] < General >   Log likelihood (N=10692):  -7871.938 Gradient norm:       0.02  
[09:15:50] < General >   Log likelihood (N=10692):  -7871.938 Gradient norm:       0.02  
[09:15:50] < General >   Log likelihood (N=10692):  -7871.938 Gradient norm:      0.008  
[09:15:50] < General >   Log likelihood (N=10692):  -7871.938 Gradient norm:       0.01  
[09:15:50] < General >   Log likelihood (N=10692):  -7871.938 Gradient norm:       0.05  
[09:15:50] < General >   Log likelihood (N=10692):  -7871.938 Gradient norm:       0.01  
[09:15:50] < General >   Log likelihood (N=10692):  -7871.938 Gradient norm:      0.007  
[09:15:50] < General >   Log likelihood (N=10692):  -7871.938 Gradient norm:      0.005  
[09:15:50] < General >   Log likelihood (N=10692):  -7871.938 Gradient norm:      0.006  
[09:15:51] < General >   Log likelihood (N=10692):  -7871.938 Gradient norm:      0.004  
[09:15:51] < General >   Log likelihood (N=10692):  -7871.938 Gradient norm:      0.004  
[09:15:51] < General >   Log likelihood (N=10692):  -7871.938 Gradient norm:      0.002  
[09:15:51] < General >   Log likelihood (N=10692):  -7871.938 Gradient norm:      0.002 Hessian norm:       1e+04 BHHH norm:       1e+04
[09:15:52] < General >   Results saved in file MNL27.html
[09:15:52] < General >   Results saved in file MNL27.pickle
[09:15:52] < General >   Log file created: MNL27.log
