*** File created 2020-04-28 09:15:17.147949 ***
*** Log file from biogeme 3.2.5 [2020-04-28]
[09:14:54] < General >   Remove 24 unused variables from the database as only 23 are used.
[09:14:54] < General >   Log likelihood (N=10692):  -11071.26
[09:14:54] < General >   Minimize with tol 1e-07
[09:14:54] < General >   Log likelihood (N=10692):  -11071.26 Gradient norm:      8e+03  
[09:14:54] < General >   Log likelihood (N=10692):  -10263.56 Gradient norm:      4e+03  
[09:14:54] < General >   Log likelihood (N=10692):  -9308.405 Gradient norm:      2e+03  
[09:14:55] < General >   Log likelihood (N=10692):   -9022.46 Gradient norm:      1e+03  
[09:14:55] < General >   Log likelihood (N=10692):  -8880.493 Gradient norm:      1e+03  
[09:14:55] < General >   Log likelihood (N=10692):  -8412.309 Gradient norm:      8e+02  
[09:14:55] < General >   Log likelihood (N=10692):  -8232.372 Gradient norm:      5e+02  
[09:14:55] < General >   Log likelihood (N=10692):  -8140.581 Gradient norm:      4e+02  
[09:14:55] < General >   Log likelihood (N=10692):  -8021.267 Gradient norm:      3e+02  
[09:14:55] < General >   Log likelihood (N=10692):  -7962.563 Gradient norm:      2e+02  
[09:14:55] < General >   Log likelihood (N=10692):  -7951.879 Gradient norm:      7e+01  
[09:14:55] < General >   Log likelihood (N=10692):  -7949.361 Gradient norm:      6e+01  
[09:14:55] < General >   Log likelihood (N=10692):  -7943.721 Gradient norm:      7e+01  
[09:14:55] < General >   Log likelihood (N=10692):  -7937.988 Gradient norm:      7e+01  
[09:14:56] < General >   Log likelihood (N=10692):  -7932.631 Gradient norm:      1e+02  
[09:14:56] < General >   Log likelihood (N=10692):  -7929.736 Gradient norm:      1e+02  
[09:14:56] < General >   Log likelihood (N=10692):  -7927.261 Gradient norm:      5e+01  
[09:14:56] < General >   Log likelihood (N=10692):  -7925.819 Gradient norm:      6e+01  
[09:14:56] < General >   Log likelihood (N=10692):  -7924.293 Gradient norm:      7e+01  
[09:14:56] < General >   Log likelihood (N=10692):  -7921.392 Gradient norm:      9e+01  
[09:14:56] < General >   Log likelihood (N=10692):  -7920.037 Gradient norm:      1e+02  
[09:14:56] < General >   Log likelihood (N=10692):      -7918 Gradient norm:      4e+01  
[09:14:56] < General >   Log likelihood (N=10692):  -7917.154 Gradient norm:      5e+01  
[09:14:56] < General >   Log likelihood (N=10692):  -7915.213 Gradient norm:      6e+01  
[09:14:57] < General >   Log likelihood (N=10692):  -7910.359 Gradient norm:      9e+01  
[09:14:57] < General >   Log likelihood (N=10692):  -7902.932 Gradient norm:      9e+01  
[09:14:57] < General >   Log likelihood (N=10692):  -7941.988 Gradient norm:      9e+02  
[09:14:57] < General >   Log likelihood (N=10692):  -7901.117 Gradient norm:      2e+02  
[09:14:57] < General >   Log likelihood (N=10692):   -7894.01 Gradient norm:      8e+01  
[09:14:57] < General >   Log likelihood (N=10692):   -7891.08 Gradient norm:      5e+01  
[09:14:57] < General >   Log likelihood (N=10692):  -7888.735 Gradient norm:      6e+01  
[09:14:57] < General >   Log likelihood (N=10692):  -7885.234 Gradient norm:      6e+01  
[09:14:57] < General >   Log likelihood (N=10692):  -7879.886 Gradient norm:      5e+01  
[09:14:57] < General >   Log likelihood (N=10692):  -7878.859 Gradient norm:      7e+01  
[09:14:57] < General >   Log likelihood (N=10692):  -7876.334 Gradient norm:      4e+01  
[09:14:58] < General >   Log likelihood (N=10692):  -7877.518 Gradient norm:      1e+02  
[09:14:58] < General >   Log likelihood (N=10692):  -7876.117 Gradient norm:      3e+01  
[09:14:58] < General >   Log likelihood (N=10692):  -7875.827 Gradient norm:      2e+01  
[09:14:58] < General >   Log likelihood (N=10692):  -7875.283 Gradient norm:      2e+01  
[09:14:58] < General >   Log likelihood (N=10692):  -7874.545 Gradient norm:      3e+01  
[09:14:58] < General >   Log likelihood (N=10692):  -7877.156 Gradient norm:      2e+02  
[09:14:58] < General >   Log likelihood (N=10692):  -7874.409 Gradient norm:      2e+01  
[09:14:58] < General >   Log likelihood (N=10692):  -7874.168 Gradient norm:          9  
[09:14:58] < General >   Log likelihood (N=10692):  -7874.058 Gradient norm:          6  
[09:14:58] < General >   Log likelihood (N=10692):  -7874.017 Gradient norm:          8  
[09:14:58] < General >   Log likelihood (N=10692):  -7873.988 Gradient norm:          3  
[09:14:59] < General >   Log likelihood (N=10692):  -7873.965 Gradient norm:          5  
[09:14:59] < General >   Log likelihood (N=10692):  -7873.936 Gradient norm:          7  
[09:14:59] < General >   Log likelihood (N=10692):  -7873.856 Gradient norm:      1e+01  
[09:14:59] < General >   Log likelihood (N=10692):  -7873.801 Gradient norm:      5e+01  
[09:14:59] < General >   Log likelihood (N=10692):  -7873.588 Gradient norm:      2e+01  
[09:14:59] < General >   Log likelihood (N=10692):  -7873.406 Gradient norm:      1e+01  
[09:14:59] < General >   Log likelihood (N=10692):  -7873.234 Gradient norm:      1e+01  
[09:14:59] < General >   Log likelihood (N=10692):  -7873.018 Gradient norm:      1e+01  
[09:14:59] < General >   Log likelihood (N=10692):  -7873.409 Gradient norm:      1e+02  
[09:14:59] < General >   Log likelihood (N=10692):  -7872.942 Gradient norm:      3e+01  
[09:14:59] < General >   Log likelihood (N=10692):  -7872.756 Gradient norm:      1e+01  
[09:15:00] < General >   Log likelihood (N=10692):  -7872.686 Gradient norm:      1e+01  
[09:15:00] < General >   Log likelihood (N=10692):  -7872.509 Gradient norm:      1e+01  
[09:15:00] < General >   Log likelihood (N=10692):  -7872.319 Gradient norm:      1e+01  
[09:15:00] < General >   Log likelihood (N=10692):  -7872.146 Gradient norm:      3e+01  
[09:15:00] < General >   Log likelihood (N=10692):  -7871.878 Gradient norm:      1e+01  
[09:15:00] < General >   Log likelihood (N=10692):  -7871.747 Gradient norm:          9  
[09:15:00] < General >   Log likelihood (N=10692):   -7871.65 Gradient norm:      1e+01  
[09:15:00] < General >   Log likelihood (N=10692):  -7871.941 Gradient norm:      7e+01  
[09:15:00] < General >   Log likelihood (N=10692):  -7871.616 Gradient norm:      2e+01  
[09:15:00] < General >   Log likelihood (N=10692):   -7871.57 Gradient norm:      1e+01  
[09:15:00] < General >   Log likelihood (N=10692):  -7871.493 Gradient norm:      1e+01  
[09:15:01] < General >   Log likelihood (N=10692):  -7871.459 Gradient norm:          9  
[09:15:01] < General >   Log likelihood (N=10692):  -7871.433 Gradient norm:      1e+01  
[09:15:01] < General >   Log likelihood (N=10692):  -7871.407 Gradient norm:          8  
[09:15:01] < General >   Log likelihood (N=10692):  -7871.368 Gradient norm:          7  
[09:15:01] < General >   Log likelihood (N=10692):  -7871.358 Gradient norm:          6  
[09:15:01] < General >   Log likelihood (N=10692):  -7871.336 Gradient norm:          3  
[09:15:01] < General >   Log likelihood (N=10692):  -7871.314 Gradient norm:          4  
[09:15:01] < General >   Log likelihood (N=10692):  -7871.301 Gradient norm:          4  
[09:15:01] < General >   Log likelihood (N=10692):  -7871.298 Gradient norm:      1e+01  
[09:15:01] < General >   Log likelihood (N=10692):  -7871.287 Gradient norm:          5  
[09:15:01] < General >   Log likelihood (N=10692):  -7871.284 Gradient norm:          2  
[09:15:02] < General >   Log likelihood (N=10692):  -7871.282 Gradient norm:          1  
[09:15:02] < General >   Log likelihood (N=10692):  -7871.279 Gradient norm:          1  
[09:15:02] < General >   Log likelihood (N=10692):  -7871.279 Gradient norm:          4  
[09:15:02] < General >   Log likelihood (N=10692):  -7871.278 Gradient norm:        0.7  
[09:15:02] < General >   Log likelihood (N=10692):  -7871.277 Gradient norm:        0.7  
[09:15:02] < General >   Log likelihood (N=10692):  -7871.277 Gradient norm:        0.6  
[09:15:02] < General >   Log likelihood (N=10692):  -7871.276 Gradient norm:        0.5  
[09:15:02] < General >   Log likelihood (N=10692):  -7871.276 Gradient norm:        0.9  
[09:15:02] < General >   Log likelihood (N=10692):  -7871.276 Gradient norm:        0.5  
[09:15:02] < General >   Log likelihood (N=10692):  -7871.275 Gradient norm:        0.8  
[09:15:02] < General >   Log likelihood (N=10692):  -7871.275 Gradient norm:        0.9  
[09:15:03] < General >   Log likelihood (N=10692):  -7871.275 Gradient norm:        0.3  
[09:15:03] < General >   Log likelihood (N=10692):  -7871.275 Gradient norm:        0.2  
[09:15:03] < General >   Log likelihood (N=10692):  -7871.275 Gradient norm:        0.2  
[09:15:03] < General >   Log likelihood (N=10692):  -7871.275 Gradient norm:        0.2  
[09:15:03] < General >   Log likelihood (N=10692):  -7871.275 Gradient norm:          1  
[09:15:03] < General >   Log likelihood (N=10692):  -7871.275 Gradient norm:        0.3  
[09:15:03] < General >   Log likelihood (N=10692):  -7871.275 Gradient norm:        0.1  
[09:15:03] < General >   Log likelihood (N=10692):  -7871.275 Gradient norm:        0.1  
[09:15:03] < General >   Log likelihood (N=10692):  -7871.275 Gradient norm:        0.2  
[09:15:03] < General >   Log likelihood (N=10692):  -7871.275 Gradient norm:        0.2  
[09:15:03] < General >   Log likelihood (N=10692):  -7871.275 Gradient norm:        0.1  
[09:15:04] < General >   Log likelihood (N=10692):  -7871.275 Gradient norm:        0.2  
[09:15:04] < General >   Log likelihood (N=10692):  -7871.275 Gradient norm:        0.1  
[09:15:04] < General >   Log likelihood (N=10692):  -7871.275 Gradient norm:        0.3  
[09:15:04] < General >   Log likelihood (N=10692):  -7871.275 Gradient norm:       0.04  
[09:15:04] < General >   Log likelihood (N=10692):  -7871.275 Gradient norm:       0.03  
[09:15:04] < General >   Log likelihood (N=10692):  -7871.275 Gradient norm:       0.03  
[09:15:04] < General >   Log likelihood (N=10692):  -7871.275 Gradient norm:       0.03  
[09:15:04] < General >   Log likelihood (N=10692):  -7871.275 Gradient norm:        0.1  
[09:15:04] < General >   Log likelihood (N=10692):  -7871.275 Gradient norm:       0.06  
[09:15:04] < General >   Log likelihood (N=10692):  -7871.275 Gradient norm:       0.07  
[09:15:04] < General >   Log likelihood (N=10692):  -7871.275 Gradient norm:       0.04  
[09:15:05] < General >   Log likelihood (N=10692):  -7871.275 Gradient norm:       0.03  
[09:15:05] < General >   Log likelihood (N=10692):  -7871.275 Gradient norm:       0.04  
[09:15:05] < General >   Log likelihood (N=10692):  -7871.275 Gradient norm:       0.05  
[09:15:05] < General >   Log likelihood (N=10692):  -7871.275 Gradient norm:       0.06  
[09:15:05] < General >   Log likelihood (N=10692):  -7871.275 Gradient norm:        0.5  
[09:15:05] < General >   Log likelihood (N=10692):  -7871.275 Gradient norm:        0.2  
[09:15:05] < General >   Log likelihood (N=10692):  -7871.275 Gradient norm:       0.09  
[09:15:05] < General >   Log likelihood (N=10692):  -7871.275 Gradient norm:       0.05  
[09:15:05] < General >   Log likelihood (N=10692):  -7871.275 Gradient norm:       0.07  
[09:15:05] < General >   Log likelihood (N=10692):  -7871.275 Gradient norm:       0.09  
[09:15:05] < General >   Log likelihood (N=10692):  -7871.275 Gradient norm:        0.1  
[09:15:06] < General >   Log likelihood (N=10692):  -7871.275 Gradient norm:        0.3  
[09:15:06] < General >   Log likelihood (N=10692):  -7871.275 Gradient norm:       0.06  
[09:15:06] < General >   Log likelihood (N=10692):  -7871.275 Gradient norm:       0.04  
[09:15:06] < General >   Log likelihood (N=10692):  -7871.275 Gradient norm:       0.03  
[09:15:06] < General >   Log likelihood (N=10692):  -7871.275 Gradient norm:       0.02  
[09:15:06] < General >   Log likelihood (N=10692):  -7871.275 Gradient norm:       0.01  
[09:15:06] < General >   Log likelihood (N=10692):  -7871.275 Gradient norm:        0.3  
[09:15:06] < General >   Log likelihood (N=10692):  -7871.275 Gradient norm:       0.03  
[09:15:06] < General >   Log likelihood (N=10692):  -7871.275 Gradient norm:       0.03  
[09:15:06] < General >   Log likelihood (N=10692):  -7871.275 Gradient norm:       0.02  
[09:15:07] < General >   Log likelihood (N=10692):  -7871.275 Gradient norm:       0.03  
[09:15:07] < General >   Log likelihood (N=10692):  -7871.275 Gradient norm:       0.05  
[09:15:07] < General >   Log likelihood (N=10692):  -7871.275 Gradient norm:       0.06  
[09:15:07] < General >   Log likelihood (N=10692):  -7871.275 Gradient norm:        0.2  
[09:15:07] < General >   Log likelihood (N=10692):  -7871.275 Gradient norm:       0.09  
[09:15:07] < General >   Log likelihood (N=10692):  -7871.275 Gradient norm:       0.09  
[09:15:07] < General >   Log likelihood (N=10692):  -7871.275 Gradient norm:        0.1  
[09:15:07] < General >   Log likelihood (N=10692):  -7871.275 Gradient norm:        0.2  
[09:15:07] < General >   Log likelihood (N=10692):  -7871.275 Gradient norm:        0.6  
[09:15:07] < General >   Log likelihood (N=10692):  -7871.275 Gradient norm:        0.2  
[09:15:07] < General >   Log likelihood (N=10692):  -7871.275 Gradient norm:        0.1  
[09:15:08] < General >   Log likelihood (N=10692):  -7871.275 Gradient norm:        0.2  
[09:15:08] < General >   Log likelihood (N=10692):  -7871.275 Gradient norm:        0.2  
[09:15:08] < General >   Log likelihood (N=10692):  -7871.275 Gradient norm:        0.3  
[09:15:08] < General >   Log likelihood (N=10692):  -7871.275 Gradient norm:        0.5  
[09:15:08] < General >   Log likelihood (N=10692):  -7871.274 Gradient norm:        0.6  
[09:15:08] < General >   Log likelihood (N=10692):  -7871.274 Gradient norm:        0.3  
[09:15:08] < General >   Log likelihood (N=10692):  -7871.274 Gradient norm:        0.2  
[09:15:08] < General >   Log likelihood (N=10692):  -7871.274 Gradient norm:        0.3  
[09:15:08] < General >   Log likelihood (N=10692):  -7871.274 Gradient norm:        0.9  
[09:15:08] < General >   Log likelihood (N=10692):  -7871.274 Gradient norm:        0.4  
[09:15:08] < General >   Log likelihood (N=10692):  -7871.274 Gradient norm:        0.1  
[09:15:09] < General >   Log likelihood (N=10692):  -7871.274 Gradient norm:        0.1  
[09:15:09] < General >   Log likelihood (N=10692):  -7871.274 Gradient norm:        0.2  
[09:15:09] < General >   Log likelihood (N=10692):  -7871.274 Gradient norm:        0.2  
[09:15:09] < General >   Log likelihood (N=10692):  -7871.274 Gradient norm:        0.2  
[09:15:09] < General >   Log likelihood (N=10692):  -7871.274 Gradient norm:          1  
[09:15:09] < General >   Log likelihood (N=10692):  -7871.274 Gradient norm:        0.3  
[09:15:09] < General >   Log likelihood (N=10692):  -7871.274 Gradient norm:       0.09  
[09:15:09] < General >   Log likelihood (N=10692):  -7871.274 Gradient norm:       0.07  
[09:15:09] < General >   Log likelihood (N=10692):  -7871.274 Gradient norm:       0.07  
[09:15:09] < General >   Log likelihood (N=10692):  -7871.274 Gradient norm:       0.08  
[09:15:09] < General >   Log likelihood (N=10692):  -7871.274 Gradient norm:        0.1  
[09:15:10] < General >   Log likelihood (N=10692):  -7871.274 Gradient norm:       0.03  
[09:15:10] < General >   Log likelihood (N=10692):  -7871.274 Gradient norm:       0.03  
[09:15:10] < General >   Log likelihood (N=10692):  -7871.274 Gradient norm:       0.04  
[09:15:10] < General >   Log likelihood (N=10692):  -7871.274 Gradient norm:       0.04  
[09:15:10] < General >   Log likelihood (N=10692):  -7871.274 Gradient norm:       0.04  
[09:15:10] < General >   Log likelihood (N=10692):  -7871.274 Gradient norm:       0.06  
[09:15:10] < General >   Log likelihood (N=10692):  -7871.274 Gradient norm:       0.03  
[09:15:10] < General >   Log likelihood (N=10692):  -7871.274 Gradient norm:       0.02  
[09:15:10] < General >   Log likelihood (N=10692):  -7871.274 Gradient norm:       0.05  
[09:15:10] < General >   Log likelihood (N=10692):  -7871.274 Gradient norm:       0.06  
[09:15:10] < General >   Log likelihood (N=10692):  -7871.274 Gradient norm:        0.1  
[09:15:11] < General >   Log likelihood (N=10692):  -7871.274 Gradient norm:       0.03  
[09:15:11] < General >   Log likelihood (N=10692):  -7871.274 Gradient norm:       0.04  
[09:15:11] < General >   Log likelihood (N=10692):  -7871.274 Gradient norm:       0.04  
[09:15:11] < General >   Log likelihood (N=10692):  -7871.274 Gradient norm:        0.1  
[09:15:11] < General >   Log likelihood (N=10692):  -7871.274 Gradient norm:       0.07  
[09:15:11] < General >   Log likelihood (N=10692):  -7871.274 Gradient norm:       0.05  
[09:15:11] < General >   Log likelihood (N=10692):  -7871.274 Gradient norm:       0.04  
[09:15:11] < General >   Log likelihood (N=10692):  -7871.274 Gradient norm:       0.03  
[09:15:11] < General >   Log likelihood (N=10692):  -7871.274 Gradient norm:       0.02  
[09:15:11] < General >   Log likelihood (N=10692):  -7871.274 Gradient norm:       0.03  
[09:15:11] < General >   Log likelihood (N=10692):  -7871.274 Gradient norm:       0.04  
[09:15:12] < General >   Log likelihood (N=10692):  -7871.274 Gradient norm:       0.01  
[09:15:12] < General >   Log likelihood (N=10692):  -7871.274 Gradient norm:       0.01  
[09:15:12] < General >   Log likelihood (N=10692):  -7871.274 Gradient norm:      0.008  
[09:15:12] < General >   Log likelihood (N=10692):  -7871.274 Gradient norm:      0.007  
[09:15:12] < General >   Log likelihood (N=10692):  -7871.274 Gradient norm:       0.01  
[09:15:12] < General >   Log likelihood (N=10692):  -7871.274 Gradient norm:        0.1  
[09:15:12] < General >   Log likelihood (N=10692):  -7871.274 Gradient norm:       0.01  
[09:15:12] < General >   Log likelihood (N=10692):  -7871.274 Gradient norm:      0.008  
[09:15:12] < General >   Log likelihood (N=10692):  -7871.274 Gradient norm:      0.006  
[09:15:12] < General >   Log likelihood (N=10692):  -7871.274 Gradient norm:      0.008  
[09:15:12] < General >   Log likelihood (N=10692):  -7871.274 Gradient norm:       0.01  
[09:15:13] < General >   Log likelihood (N=10692):  -7871.274 Gradient norm:       0.01  
[09:15:13] < General >   Log likelihood (N=10692):  -7871.274 Gradient norm:       0.08  
[09:15:13] < General >   Log likelihood (N=10692):  -7871.274 Gradient norm:       0.03  
[09:15:13] < General >   Log likelihood (N=10692):  -7871.274 Gradient norm:       0.01  
[09:15:13] < General >   Log likelihood (N=10692):  -7871.274 Gradient norm:       0.02  
[09:15:13] < General >   Log likelihood (N=10692):  -7871.274 Gradient norm:       0.02  
[09:15:13] < General >   Log likelihood (N=10692):  -7871.274 Gradient norm:       0.03  
[09:15:13] < General >   Log likelihood (N=10692):  -7871.274 Gradient norm:       0.07  
[09:15:13] < General >   Log likelihood (N=10692):  -7871.274 Gradient norm:       0.02  
[09:15:13] < General >   Log likelihood (N=10692):  -7871.274 Gradient norm:       0.01  
[09:15:13] < General >   Log likelihood (N=10692):  -7871.274 Gradient norm:       0.01  
[09:15:14] < General >   Log likelihood (N=10692):  -7871.274 Gradient norm:       0.01  
[09:15:14] < General >   Log likelihood (N=10692):  -7871.274 Gradient norm:       0.01  
[09:15:14] < General >   Log likelihood (N=10692):  -7871.274 Gradient norm:       0.02  
[09:15:14] < General >   Log likelihood (N=10692):  -7871.274 Gradient norm:       0.06  
[09:15:14] < General >   Log likelihood (N=10692):  -7871.274 Gradient norm:       0.02  
[09:15:14] < General >   Log likelihood (N=10692):  -7871.274 Gradient norm:       0.01  
[09:15:14] < General >   Log likelihood (N=10692):  -7871.274 Gradient norm:      0.006  
[09:15:14] < General >   Log likelihood (N=10692):  -7871.274 Gradient norm:      0.006  
[09:15:14] < General >   Log likelihood (N=10692):  -7871.274 Gradient norm:      0.007  
[09:15:14] < General >   Log likelihood (N=10692):  -7871.274 Gradient norm:      0.005  
[09:15:15] < General >   Log likelihood (N=10692):  -7871.274 Gradient norm:       0.05  
[09:15:15] < General >   Log likelihood (N=10692):  -7871.274 Gradient norm:      0.009  
[09:15:15] < General >   Log likelihood (N=10692):  -7871.274 Gradient norm:      0.004  
[09:15:15] < General >   Log likelihood (N=10692):  -7871.274 Gradient norm:      0.002  
[09:15:16] < General >   Log likelihood (N=10692):  -7871.274 Gradient norm:      0.002 Hessian norm:       1e+04 BHHH norm:       1e+04
[09:15:17] < General >   Results saved in file MNL25.html
[09:15:17] < General >   Results saved in file MNL25.pickle
[09:15:17] < General >   Log file created: MNL25.log
