*** File created 2020-04-28 09:14:36.700080 ***
*** Log file from biogeme 3.2.5 [2020-04-28]
[09:14:30] < General >   Remove 28 unused variables from the database as only 19 are used.
[09:14:30] < General >   Log likelihood (N=10692):  -11071.26
[09:14:30] < General >   Minimize with tol 1e-07
[09:14:30] < General >   Log likelihood (N=10692):  -11071.26 Gradient norm:      7e+03  
[09:14:30] < General >   Log likelihood (N=10692):  -9963.819 Gradient norm:      3e+03  
[09:14:30] < General >   Log likelihood (N=10692):  -9262.049 Gradient norm:      2e+03  
[09:14:30] < General >   Log likelihood (N=10692):  -8976.393 Gradient norm:      1e+03  
[09:14:30] < General >   Log likelihood (N=10692):  -8814.945 Gradient norm:      1e+03  
[09:14:30] < General >   Log likelihood (N=10692):  -8322.436 Gradient norm:      5e+02  
[09:14:31] < General >   Log likelihood (N=10692):  -8190.009 Gradient norm:      6e+02  
[09:14:31] < General >   Log likelihood (N=10692):  -8109.567 Gradient norm:      3e+02  
[09:14:31] < General >   Log likelihood (N=10692):  -8049.859 Gradient norm:      2e+02  
[09:14:31] < General >   Log likelihood (N=10692):  -8016.469 Gradient norm:      1e+02  
[09:14:31] < General >   Log likelihood (N=10692):  -7996.407 Gradient norm:      8e+01  
[09:14:31] < General >   Log likelihood (N=10692):  -7978.398 Gradient norm:      9e+01  
[09:14:31] < General >   Log likelihood (N=10692):   -7965.59 Gradient norm:      7e+01  
[09:14:31] < General >   Log likelihood (N=10692):  -7955.274 Gradient norm:      2e+02  
[09:14:31] < General >   Log likelihood (N=10692):  -7949.662 Gradient norm:      2e+02  
[09:14:31] < General >   Log likelihood (N=10692):  -7946.757 Gradient norm:      7e+01  
[09:14:31] < General >   Log likelihood (N=10692):  -7945.559 Gradient norm:      3e+01  
[09:14:31] < General >   Log likelihood (N=10692):  -7945.009 Gradient norm:      3e+01  
[09:14:31] < General >   Log likelihood (N=10692):  -7943.977 Gradient norm:      3e+01  
[09:14:31] < General >   Log likelihood (N=10692):  -7946.979 Gradient norm:      2e+02  
[09:14:31] < General >   Log likelihood (N=10692):  -7943.643 Gradient norm:      5e+01  
[09:14:31] < General >   Log likelihood (N=10692):  -7942.993 Gradient norm:      3e+01  
[09:14:32] < General >   Log likelihood (N=10692):  -7942.444 Gradient norm:      2e+01  
[09:14:32] < General >   Log likelihood (N=10692):  -7941.423 Gradient norm:      3e+01  
[09:14:32] < General >   Log likelihood (N=10692):  -7939.819 Gradient norm:      4e+01  
[09:14:32] < General >   Log likelihood (N=10692):  -7938.094 Gradient norm:      2e+01  
[09:14:32] < General >   Log likelihood (N=10692):  -7937.398 Gradient norm:      4e+01  
[09:14:32] < General >   Log likelihood (N=10692):  -7937.946 Gradient norm:      1e+02  
[09:14:32] < General >   Log likelihood (N=10692):  -7937.055 Gradient norm:      3e+01  
[09:14:32] < General >   Log likelihood (N=10692):  -7936.697 Gradient norm:      2e+01  
[09:14:32] < General >   Log likelihood (N=10692):   -7936.18 Gradient norm:      2e+01  
[09:14:32] < General >   Log likelihood (N=10692):  -7935.318 Gradient norm:      3e+01  
[09:14:32] < General >   Log likelihood (N=10692):  -7933.968 Gradient norm:      5e+01  
[09:14:32] < General >   Log likelihood (N=10692):  -7937.252 Gradient norm:      2e+02  
[09:14:32] < General >   Log likelihood (N=10692):  -7933.449 Gradient norm:      4e+01  
[09:14:32] < General >   Log likelihood (N=10692):  -7932.433 Gradient norm:      3e+01  
[09:14:32] < General >   Log likelihood (N=10692):  -7931.566 Gradient norm:      2e+01  
[09:14:32] < General >   Log likelihood (N=10692):  -7930.746 Gradient norm:      2e+01  
[09:14:33] < General >   Log likelihood (N=10692):  -7930.275 Gradient norm:      2e+01  
[09:14:33] < General >   Log likelihood (N=10692):   -7930.09 Gradient norm:      1e+01  
[09:14:33] < General >   Log likelihood (N=10692):  -7929.985 Gradient norm:      2e+01  
[09:14:33] < General >   Log likelihood (N=10692):  -7929.859 Gradient norm:      1e+01  
[09:14:33] < General >   Log likelihood (N=10692):   -7929.78 Gradient norm:          8  
[09:14:33] < General >   Log likelihood (N=10692):  -7929.673 Gradient norm:          8  
[09:14:33] < General >   Log likelihood (N=10692):  -7929.575 Gradient norm:          8  
[09:14:33] < General >   Log likelihood (N=10692):   -7930.16 Gradient norm:      1e+02  
[09:14:33] < General >   Log likelihood (N=10692):  -7929.546 Gradient norm:      2e+01  
[09:14:33] < General >   Log likelihood (N=10692):  -7929.453 Gradient norm:          5  
[09:14:33] < General >   Log likelihood (N=10692):  -7929.443 Gradient norm:          2  
[09:14:33] < General >   Log likelihood (N=10692):  -7929.438 Gradient norm:          2  
[09:14:33] < General >   Log likelihood (N=10692):  -7929.433 Gradient norm:          2  
[09:14:33] < General >   Log likelihood (N=10692):  -7929.426 Gradient norm:          2  
[09:14:33] < General >   Log likelihood (N=10692):  -7929.463 Gradient norm:      2e+01  
[09:14:33] < General >   Log likelihood (N=10692):  -7929.425 Gradient norm:          1  
[09:14:33] < General >   Log likelihood (N=10692):  -7929.424 Gradient norm:        0.7  
[09:14:34] < General >   Log likelihood (N=10692):  -7929.424 Gradient norm:        0.6  
[09:14:34] < General >   Log likelihood (N=10692):  -7929.423 Gradient norm:          2  
[09:14:34] < General >   Log likelihood (N=10692):  -7929.423 Gradient norm:        0.5  
[09:14:34] < General >   Log likelihood (N=10692):  -7929.423 Gradient norm:        0.4  
[09:14:34] < General >   Log likelihood (N=10692):  -7929.423 Gradient norm:        0.3  
[09:14:34] < General >   Log likelihood (N=10692):  -7929.423 Gradient norm:          2  
[09:14:34] < General >   Log likelihood (N=10692):  -7929.423 Gradient norm:        0.6  
[09:14:34] < General >   Log likelihood (N=10692):  -7929.423 Gradient norm:        0.2  
[09:14:34] < General >   Log likelihood (N=10692):  -7929.422 Gradient norm:        0.2  
[09:14:34] < General >   Log likelihood (N=10692):  -7929.422 Gradient norm:        0.2  
[09:14:34] < General >   Log likelihood (N=10692):  -7929.422 Gradient norm:        0.3  
[09:14:34] < General >   Log likelihood (N=10692):  -7929.423 Gradient norm:          1  
[09:14:34] < General >   Log likelihood (N=10692):  -7929.422 Gradient norm:        0.2  
[09:14:34] < General >   Log likelihood (N=10692):  -7929.422 Gradient norm:        0.1  
[09:14:34] < General >   Log likelihood (N=10692):  -7929.422 Gradient norm:       0.05  
[09:14:34] < General >   Log likelihood (N=10692):  -7929.422 Gradient norm:        0.1  
[09:14:35] < General >   Log likelihood (N=10692):  -7929.422 Gradient norm:       0.03  
[09:14:35] < General >   Log likelihood (N=10692):  -7929.422 Gradient norm:       0.02  
[09:14:35] < General >   Log likelihood (N=10692):  -7929.422 Gradient norm:       0.02  
[09:14:35] < General >   Log likelihood (N=10692):  -7929.422 Gradient norm:        0.3  
[09:14:35] < General >   Log likelihood (N=10692):  -7929.422 Gradient norm:       0.04  
[09:14:35] < General >   Log likelihood (N=10692):  -7929.422 Gradient norm:       0.02  
[09:14:35] < General >   Log likelihood (N=10692):  -7929.422 Gradient norm:       0.01  
[09:14:35] < General >   Log likelihood (N=10692):  -7929.422 Gradient norm:      0.007  
[09:14:35] < General >   Log likelihood (N=10692):  -7929.422 Gradient norm:      0.006  
[09:14:35] < General >   Log likelihood (N=10692):  -7929.422 Gradient norm:       0.08  
[09:14:35] < General >   Log likelihood (N=10692):  -7929.422 Gradient norm:      0.008  
[09:14:35] < General >   Log likelihood (N=10692):  -7929.422 Gradient norm:      0.003  
[09:14:35] < General >   Log likelihood (N=10692):  -7929.422 Gradient norm:      0.002  
[09:14:36] < General >   Log likelihood (N=10692):  -7929.422 Gradient norm:      0.002 Hessian norm:       1e+04 BHHH norm:       1e+04
[09:14:36] < General >   Results saved in file MNL21.html
[09:14:36] < General >   Results saved in file MNL21.pickle
[09:14:36] < General >   Log file created: MNL21.log
