*** File created 2020-04-28 09:16:10.872955 ***
*** Log file from biogeme 3.2.5 [2020-04-28]
[09:15:52] < General >   Remove 24 unused variables from the database as only 23 are used.
[09:15:52] < General >   Log likelihood (N=10692):  -11071.26
[09:15:52] < General >   Minimize with tol 1e-07
[09:15:52] < General >   Log likelihood (N=10692):  -11071.26 Gradient norm:      7e+03  
[09:15:53] < General >   Log likelihood (N=10692):   -9974.23 Gradient norm:      3e+03  
[09:15:53] < General >   Log likelihood (N=10692):  -9266.907 Gradient norm:      2e+03  
[09:15:53] < General >   Log likelihood (N=10692):  -8986.242 Gradient norm:      1e+03  
[09:15:53] < General >   Log likelihood (N=10692):  -8828.663 Gradient norm:      9e+02  
[09:15:53] < General >   Log likelihood (N=10692):  -8329.249 Gradient norm:      6e+02  
[09:15:53] < General >   Log likelihood (N=10692):  -8165.434 Gradient norm:      5e+02  
[09:15:53] < General >   Log likelihood (N=10692):  -8085.685 Gradient norm:      3e+02  
[09:15:53] < General >   Log likelihood (N=10692):  -8027.682 Gradient norm:      2e+02  
[09:15:53] < General >   Log likelihood (N=10692):  -7965.937 Gradient norm:      1e+02  
[09:15:53] < General >   Log likelihood (N=10692):  -7955.209 Gradient norm:      7e+01  
[09:15:53] < General >   Log likelihood (N=10692):  -7950.294 Gradient norm:      6e+01  
[09:15:53] < General >   Log likelihood (N=10692):  -7944.689 Gradient norm:      9e+01  
[09:15:53] < General >   Log likelihood (N=10692):  -7938.789 Gradient norm:      1e+02  
[09:15:54] < General >   Log likelihood (N=10692):  -7928.953 Gradient norm:      8e+01  
[09:15:54] < General >   Log likelihood (N=10692):  -7924.679 Gradient norm:      2e+02  
[09:15:54] < General >   Log likelihood (N=10692):  -7920.931 Gradient norm:      5e+01  
[09:15:54] < General >   Log likelihood (N=10692):  -7919.933 Gradient norm:      6e+01  
[09:15:54] < General >   Log likelihood (N=10692):  -7917.339 Gradient norm:      8e+01  
[09:15:54] < General >   Log likelihood (N=10692):  -7919.109 Gradient norm:      3e+02  
[09:15:54] < General >   Log likelihood (N=10692):  -7915.039 Gradient norm:      1e+02  
[09:15:54] < General >   Log likelihood (N=10692):  -7911.547 Gradient norm:      6e+01  
[09:15:54] < General >   Log likelihood (N=10692):  -7907.936 Gradient norm:      6e+01  
[09:15:54] < General >   Log likelihood (N=10692):  -7903.639 Gradient norm:      8e+01  
[09:15:54] < General >   Log likelihood (N=10692):  -7892.998 Gradient norm:      9e+01  
[09:15:54] < General >   Log likelihood (N=10692):  -7910.329 Gradient norm:      3e+02  
[09:15:55] < General >   Log likelihood (N=10692):  -7888.451 Gradient norm:      1e+02  
[09:15:55] < General >   Log likelihood (N=10692):  -7881.563 Gradient norm:      9e+01  
[09:15:55] < General >   Log likelihood (N=10692):  -7879.479 Gradient norm:      4e+01  
[09:15:55] < General >   Log likelihood (N=10692):  -7877.621 Gradient norm:      3e+01  
[09:15:55] < General >   Log likelihood (N=10692):  -7878.972 Gradient norm:      2e+02  
[09:15:55] < General >   Log likelihood (N=10692):  -7877.177 Gradient norm:      5e+01  
[09:15:55] < General >   Log likelihood (N=10692):  -7876.645 Gradient norm:      4e+01  
[09:15:55] < General >   Log likelihood (N=10692):  -7875.742 Gradient norm:      2e+01  
[09:15:55] < General >   Log likelihood (N=10692):  -7876.035 Gradient norm:      8e+01  
[09:15:55] < General >   Log likelihood (N=10692):  -7875.672 Gradient norm:      1e+01  
[09:15:55] < General >   Log likelihood (N=10692):  -7875.612 Gradient norm:      1e+01  
[09:15:55] < General >   Log likelihood (N=10692):  -7875.458 Gradient norm:          6  
[09:15:55] < General >   Log likelihood (N=10692):   -7875.37 Gradient norm:          3  
[09:15:56] < General >   Log likelihood (N=10692):  -7875.349 Gradient norm:          3  
[09:15:56] < General >   Log likelihood (N=10692):  -7875.341 Gradient norm:          3  
[09:15:56] < General >   Log likelihood (N=10692):  -7875.336 Gradient norm:          1  
[09:15:56] < General >   Log likelihood (N=10692):  -7875.332 Gradient norm:          1  
[09:15:56] < General >   Log likelihood (N=10692):  -7875.325 Gradient norm:          1  
[09:15:56] < General >   Log likelihood (N=10692):  -7875.349 Gradient norm:      2e+01  
[09:15:56] < General >   Log likelihood (N=10692):  -7875.324 Gradient norm:          3  
[09:15:56] < General >   Log likelihood (N=10692):  -7875.322 Gradient norm:          2  
[09:15:56] < General >   Log likelihood (N=10692):  -7875.318 Gradient norm:          2  
[09:15:56] < General >   Log likelihood (N=10692):  -7875.316 Gradient norm:          3  
[09:15:56] < General >   Log likelihood (N=10692):  -7875.313 Gradient norm:          2  
[09:15:56] < General >   Log likelihood (N=10692):  -7875.309 Gradient norm:          2  
[09:15:56] < General >   Log likelihood (N=10692):  -7875.303 Gradient norm:          2  
[09:15:57] < General >   Log likelihood (N=10692):  -7875.293 Gradient norm:          2  
[09:15:57] < General >   Log likelihood (N=10692):  -7875.279 Gradient norm:          6  
[09:15:57] < General >   Log likelihood (N=10692):  -7875.256 Gradient norm:          4  
[09:15:57] < General >   Log likelihood (N=10692):  -7875.223 Gradient norm:          3  
[09:15:57] < General >   Log likelihood (N=10692):  -7875.193 Gradient norm:          5  
[09:15:57] < General >   Log likelihood (N=10692):  -7875.182 Gradient norm:      2e+01  
[09:15:57] < General >   Log likelihood (N=10692):  -7875.148 Gradient norm:          5  
[09:15:57] < General >   Log likelihood (N=10692):  -7875.132 Gradient norm:          5  
[09:15:57] < General >   Log likelihood (N=10692):  -7875.108 Gradient norm:          6  
[09:15:57] < General >   Log likelihood (N=10692):  -7875.121 Gradient norm:      3e+01  
[09:15:57] < General >   Log likelihood (N=10692):  -7875.094 Gradient norm:      1e+01  
[09:15:57] < General >   Log likelihood (N=10692):  -7875.065 Gradient norm:          8  
[09:15:58] < General >   Log likelihood (N=10692):  -7875.038 Gradient norm:          3  
[09:15:58] < General >   Log likelihood (N=10692):  -7875.028 Gradient norm:          3  
[09:15:58] < General >   Log likelihood (N=10692):  -7875.013 Gradient norm:          4  
[09:15:58] < General >   Log likelihood (N=10692):  -7875.005 Gradient norm:          4  
[09:15:58] < General >   Log likelihood (N=10692):  -7874.998 Gradient norm:          2  
[09:15:58] < General >   Log likelihood (N=10692):  -7874.995 Gradient norm:          2  
[09:15:58] < General >   Log likelihood (N=10692):  -7874.992 Gradient norm:          2  
[09:15:58] < General >   Log likelihood (N=10692):  -7875.003 Gradient norm:      1e+01  
[09:15:58] < General >   Log likelihood (N=10692):  -7874.991 Gradient norm:          3  
[09:15:58] < General >   Log likelihood (N=10692):  -7874.989 Gradient norm:          1  
[09:15:58] < General >   Log likelihood (N=10692):  -7874.988 Gradient norm:          1  
[09:15:58] < General >   Log likelihood (N=10692):  -7874.987 Gradient norm:          5  
[09:15:58] < General >   Log likelihood (N=10692):  -7874.985 Gradient norm:          1  
[09:15:59] < General >   Log likelihood (N=10692):  -7874.984 Gradient norm:        0.8  
[09:15:59] < General >   Log likelihood (N=10692):  -7874.984 Gradient norm:        0.9  
[09:15:59] < General >   Log likelihood (N=10692):  -7874.983 Gradient norm:        0.9  
[09:15:59] < General >   Log likelihood (N=10692):  -7874.982 Gradient norm:        0.9  
[09:15:59] < General >   Log likelihood (N=10692):  -7874.983 Gradient norm:          3  
[09:15:59] < General >   Log likelihood (N=10692):  -7874.982 Gradient norm:          1  
[09:15:59] < General >   Log likelihood (N=10692):  -7874.981 Gradient norm:        0.8  
[09:15:59] < General >   Log likelihood (N=10692):   -7874.98 Gradient norm:          2  
[09:15:59] < General >   Log likelihood (N=10692):   -7874.98 Gradient norm:        0.8  
[09:15:59] < General >   Log likelihood (N=10692):  -7874.979 Gradient norm:        0.5  
[09:15:59] < General >   Log likelihood (N=10692):  -7874.979 Gradient norm:        0.4  
[09:15:59] < General >   Log likelihood (N=10692):  -7874.979 Gradient norm:        0.2  
[09:16:00] < General >   Log likelihood (N=10692):  -7874.979 Gradient norm:        0.8  
[09:16:00] < General >   Log likelihood (N=10692):  -7874.979 Gradient norm:          1  
[09:16:00] < General >   Log likelihood (N=10692):  -7874.979 Gradient norm:        0.2  
[09:16:00] < General >   Log likelihood (N=10692):  -7874.979 Gradient norm:        0.2  
[09:16:00] < General >   Log likelihood (N=10692):  -7874.979 Gradient norm:        0.1  
[09:16:00] < General >   Log likelihood (N=10692):  -7874.979 Gradient norm:       0.07  
[09:16:00] < General >   Log likelihood (N=10692):  -7874.979 Gradient norm:        0.1  
[09:16:00] < General >   Log likelihood (N=10692):  -7874.979 Gradient norm:       0.07  
[09:16:00] < General >   Log likelihood (N=10692):  -7874.979 Gradient norm:        0.1  
[09:16:00] < General >   Log likelihood (N=10692):  -7874.979 Gradient norm:       0.04  
[09:16:00] < General >   Log likelihood (N=10692):  -7874.979 Gradient norm:       0.03  
[09:16:00] < General >   Log likelihood (N=10692):  -7874.979 Gradient norm:       0.03  
[09:16:00] < General >   Log likelihood (N=10692):  -7874.979 Gradient norm:       0.04  
[09:16:01] < General >   Log likelihood (N=10692):  -7874.979 Gradient norm:       0.06  
[09:16:01] < General >   Log likelihood (N=10692):  -7874.979 Gradient norm:        0.1  
[09:16:01] < General >   Log likelihood (N=10692):  -7874.979 Gradient norm:       0.05  
[09:16:01] < General >   Log likelihood (N=10692):  -7874.979 Gradient norm:       0.03  
[09:16:01] < General >   Log likelihood (N=10692):  -7874.979 Gradient norm:       0.03  
[09:16:01] < General >   Log likelihood (N=10692):  -7874.979 Gradient norm:       0.06  
[09:16:01] < General >   Log likelihood (N=10692):  -7874.979 Gradient norm:       0.08  
[09:16:01] < General >   Log likelihood (N=10692):  -7874.979 Gradient norm:       0.09  
[09:16:01] < General >   Log likelihood (N=10692):  -7874.979 Gradient norm:        0.5  
[09:16:01] < General >   Log likelihood (N=10692):  -7874.979 Gradient norm:        0.2  
[09:16:01] < General >   Log likelihood (N=10692):  -7874.979 Gradient norm:        0.1  
[09:16:01] < General >   Log likelihood (N=10692):  -7874.979 Gradient norm:       0.07  
[09:16:02] < General >   Log likelihood (N=10692):  -7874.979 Gradient norm:        0.1  
[09:16:02] < General >   Log likelihood (N=10692):  -7874.979 Gradient norm:        0.1  
[09:16:02] < General >   Log likelihood (N=10692):  -7874.979 Gradient norm:        0.4  
[09:16:02] < General >   Log likelihood (N=10692):  -7874.979 Gradient norm:        0.1  
[09:16:02] < General >   Log likelihood (N=10692):  -7874.979 Gradient norm:        0.1  
[09:16:02] < General >   Log likelihood (N=10692):  -7874.979 Gradient norm:        0.1  
[09:16:02] < General >   Log likelihood (N=10692):  -7874.979 Gradient norm:        0.1  
[09:16:02] < General >   Log likelihood (N=10692):  -7874.979 Gradient norm:        0.8  
[09:16:02] < General >   Log likelihood (N=10692):  -7874.979 Gradient norm:        0.2  
[09:16:02] < General >   Log likelihood (N=10692):  -7874.979 Gradient norm:        0.1  
[09:16:02] < General >   Log likelihood (N=10692):  -7874.979 Gradient norm:        0.1  
[09:16:02] < General >   Log likelihood (N=10692):  -7874.979 Gradient norm:          1  
[09:16:02] < General >   Log likelihood (N=10692):  -7874.979 Gradient norm:        0.4  
[09:16:03] < General >   Log likelihood (N=10692):  -7874.979 Gradient norm:        0.3  
[09:16:03] < General >   Log likelihood (N=10692):  -7874.979 Gradient norm:        0.2  
[09:16:03] < General >   Log likelihood (N=10692):  -7874.979 Gradient norm:        0.2  
[09:16:03] < General >   Log likelihood (N=10692):  -7874.978 Gradient norm:        0.2  
[09:16:03] < General >   Log likelihood (N=10692):  -7874.978 Gradient norm:        0.9  
[09:16:03] < General >   Log likelihood (N=10692):  -7874.978 Gradient norm:        0.3  
[09:16:03] < General >   Log likelihood (N=10692):  -7874.978 Gradient norm:        0.1  
[09:16:03] < General >   Log likelihood (N=10692):  -7874.978 Gradient norm:        0.1  
[09:16:03] < General >   Log likelihood (N=10692):  -7874.978 Gradient norm:       0.09  
[09:16:03] < General >   Log likelihood (N=10692):  -7874.978 Gradient norm:        0.1  
[09:16:03] < General >   Log likelihood (N=10692):  -7874.978 Gradient norm:        0.8  
[09:16:03] < General >   Log likelihood (N=10692):  -7874.978 Gradient norm:        0.2  
[09:16:03] < General >   Log likelihood (N=10692):  -7874.978 Gradient norm:        0.1  
[09:16:04] < General >   Log likelihood (N=10692):  -7874.978 Gradient norm:       0.07  
[09:16:04] < General >   Log likelihood (N=10692):  -7874.978 Gradient norm:        0.1  
[09:16:04] < General >   Log likelihood (N=10692):  -7874.978 Gradient norm:       0.06  
[09:16:04] < General >   Log likelihood (N=10692):  -7874.978 Gradient norm:       0.05  
[09:16:04] < General >   Log likelihood (N=10692):  -7874.978 Gradient norm:        0.1  
[09:16:04] < General >   Log likelihood (N=10692):  -7874.978 Gradient norm:        0.1  
[09:16:04] < General >   Log likelihood (N=10692):  -7874.978 Gradient norm:       0.06  
[09:16:04] < General >   Log likelihood (N=10692):  -7874.978 Gradient norm:       0.08  
[09:16:04] < General >   Log likelihood (N=10692):  -7874.978 Gradient norm:        0.1  
[09:16:04] < General >   Log likelihood (N=10692):  -7874.978 Gradient norm:       0.06  
[09:16:04] < General >   Log likelihood (N=10692):  -7874.978 Gradient norm:       0.03  
[09:16:04] < General >   Log likelihood (N=10692):  -7874.978 Gradient norm:       0.04  
[09:16:05] < General >   Log likelihood (N=10692):  -7874.978 Gradient norm:       0.05  
[09:16:05] < General >   Log likelihood (N=10692):  -7874.978 Gradient norm:        0.1  
[09:16:05] < General >   Log likelihood (N=10692):  -7874.978 Gradient norm:       0.04  
[09:16:05] < General >   Log likelihood (N=10692):  -7874.978 Gradient norm:       0.03  
[09:16:05] < General >   Log likelihood (N=10692):  -7874.978 Gradient norm:       0.03  
[09:16:05] < General >   Log likelihood (N=10692):  -7874.978 Gradient norm:        0.3  
[09:16:05] < General >   Log likelihood (N=10692):  -7874.978 Gradient norm:       0.05  
[09:16:05] < General >   Log likelihood (N=10692):  -7874.978 Gradient norm:       0.03  
[09:16:05] < General >   Log likelihood (N=10692):  -7874.978 Gradient norm:       0.03  
[09:16:05] < General >   Log likelihood (N=10692):  -7874.978 Gradient norm:       0.04  
[09:16:05] < General >   Log likelihood (N=10692):  -7874.978 Gradient norm:       0.02  
[09:16:05] < General >   Log likelihood (N=10692):  -7874.978 Gradient norm:       0.05  
[09:16:05] < General >   Log likelihood (N=10692):  -7874.978 Gradient norm:       0.03  
[09:16:06] < General >   Log likelihood (N=10692):  -7874.978 Gradient norm:       0.01  
[09:16:06] < General >   Log likelihood (N=10692):  -7874.978 Gradient norm:       0.02  
[09:16:06] < General >   Log likelihood (N=10692):  -7874.978 Gradient norm:       0.02  
[09:16:06] < General >   Log likelihood (N=10692):  -7874.978 Gradient norm:       0.03  
[09:16:06] < General >   Log likelihood (N=10692):  -7874.978 Gradient norm:       0.03  
[09:16:06] < General >   Log likelihood (N=10692):  -7874.978 Gradient norm:       0.01  
[09:16:06] < General >   Log likelihood (N=10692):  -7874.978 Gradient norm:      0.009  
[09:16:06] < General >   Log likelihood (N=10692):  -7874.978 Gradient norm:      0.009  
[09:16:06] < General >   Log likelihood (N=10692):  -7874.978 Gradient norm:      0.006  
[09:16:06] < General >   Log likelihood (N=10692):  -7874.978 Gradient norm:       0.04  
[09:16:06] < General >   Log likelihood (N=10692):  -7874.978 Gradient norm:       0.02  
[09:16:06] < General >   Log likelihood (N=10692):  -7874.978 Gradient norm:       0.01  
[09:16:07] < General >   Log likelihood (N=10692):  -7874.978 Gradient norm:       0.01  
[09:16:07] < General >   Log likelihood (N=10692):  -7874.978 Gradient norm:      0.006  
[09:16:07] < General >   Log likelihood (N=10692):  -7874.978 Gradient norm:      0.009  
[09:16:07] < General >   Log likelihood (N=10692):  -7874.978 Gradient norm:       0.03  
[09:16:07] < General >   Log likelihood (N=10692):  -7874.978 Gradient norm:      0.009  
[09:16:07] < General >   Log likelihood (N=10692):  -7874.978 Gradient norm:      0.004  
[09:16:07] < General >   Log likelihood (N=10692):  -7874.978 Gradient norm:      0.003  
[09:16:07] < General >   Log likelihood (N=10692):  -7874.978 Gradient norm:      0.005  
[09:16:07] < General >   Log likelihood (N=10692):  -7874.978 Gradient norm:      0.009  
[09:16:07] < General >   Log likelihood (N=10692):  -7874.978 Gradient norm:      0.006  
[09:16:07] < General >   Log likelihood (N=10692):  -7874.978 Gradient norm:      0.005  
[09:16:07] < General >   Log likelihood (N=10692):  -7874.978 Gradient norm:      0.005  
[09:16:07] < General >   Log likelihood (N=10692):  -7874.978 Gradient norm:      0.007  
[09:16:08] < General >   Log likelihood (N=10692):  -7874.978 Gradient norm:       0.03  
[09:16:08] < General >   Log likelihood (N=10692):  -7874.978 Gradient norm:       0.01  
[09:16:08] < General >   Log likelihood (N=10692):  -7874.978 Gradient norm:      0.008  
[09:16:08] < General >   Log likelihood (N=10692):  -7874.978 Gradient norm:      0.007  
[09:16:08] < General >   Log likelihood (N=10692):  -7874.978 Gradient norm:       0.02  
[09:16:08] < General >   Log likelihood (N=10692):  -7874.978 Gradient norm:       0.02  
[09:16:08] < General >   Log likelihood (N=10692):  -7874.978 Gradient norm:      0.007  
[09:16:08] < General >   Log likelihood (N=10692):  -7874.978 Gradient norm:      0.007  
[09:16:08] < General >   Log likelihood (N=10692):  -7874.978 Gradient norm:      0.008  
[09:16:08] < General >   Log likelihood (N=10692):  -7874.978 Gradient norm:       0.03  
[09:16:08] < General >   Log likelihood (N=10692):  -7874.978 Gradient norm:       0.02  
[09:16:08] < General >   Log likelihood (N=10692):  -7874.978 Gradient norm:      0.007  
[09:16:08] < General >   Log likelihood (N=10692):  -7874.978 Gradient norm:      0.005  
[09:16:09] < General >   Log likelihood (N=10692):  -7874.978 Gradient norm:      0.005  
[09:16:09] < General >   Log likelihood (N=10692):  -7874.978 Gradient norm:      0.005  
[09:16:09] < General >   Log likelihood (N=10692):  -7874.978 Gradient norm:       0.04  
[09:16:09] < General >   Log likelihood (N=10692):  -7874.978 Gradient norm:      0.009  
[09:16:09] < General >   Log likelihood (N=10692):  -7874.978 Gradient norm:      0.004  
[09:16:09] < General >   Log likelihood (N=10692):  -7874.978 Gradient norm:      0.004  
[09:16:09] < General >   Log likelihood (N=10692):  -7874.978 Gradient norm:      0.003  
[09:16:10] < General >   Log likelihood (N=10692):  -7874.978 Gradient norm:      0.003 Hessian norm:       1e+04 BHHH norm:       1e+04
[09:16:10] < General >   Results saved in file MNL28.html
[09:16:10] < General >   Results saved in file MNL28.pickle
[09:16:10] < General >   Log file created: MNL28.log
