*** File created 2020-04-28 09:16:27.859973 ***
*** Log file from biogeme 3.2.5 [2020-04-28]
[09:16:10] < General >   Remove 24 unused variables from the database as only 23 are used.
[09:16:11] < General >   Log likelihood (N=10692):  -11071.26
[09:16:11] < General >   Minimize with tol 1e-07
[09:16:11] < General >   Log likelihood (N=10692):  -11071.26 Gradient norm:      7e+03  
[09:16:11] < General >   Log likelihood (N=10692):  -9973.276 Gradient norm:      3e+03  
[09:16:11] < General >   Log likelihood (N=10692):  -9268.556 Gradient norm:      2e+03  
[09:16:11] < General >   Log likelihood (N=10692):  -8991.019 Gradient norm:      1e+03  
[09:16:11] < General >   Log likelihood (N=10692):  -8836.149 Gradient norm:      9e+02  
[09:16:11] < General >   Log likelihood (N=10692):  -8343.457 Gradient norm:      6e+02  
[09:16:11] < General >   Log likelihood (N=10692):  -8177.971 Gradient norm:      5e+02  
[09:16:11] < General >   Log likelihood (N=10692):  -8096.109 Gradient norm:      3e+02  
[09:16:11] < General >   Log likelihood (N=10692):   -8037.01 Gradient norm:      2e+02  
[09:16:11] < General >   Log likelihood (N=10692):  -7975.953 Gradient norm:      2e+02  
[09:16:11] < General >   Log likelihood (N=10692):  -7965.742 Gradient norm:      7e+01  
[09:16:11] < General >   Log likelihood (N=10692):   -7961.12 Gradient norm:      7e+01  
[09:16:12] < General >   Log likelihood (N=10692):  -7955.284 Gradient norm:      1e+02  
[09:16:12] < General >   Log likelihood (N=10692):  -7945.888 Gradient norm:      1e+02  
[09:16:12] < General >   Log likelihood (N=10692):  -7931.986 Gradient norm:      9e+01  
[09:16:12] < General >   Log likelihood (N=10692):  -7926.052 Gradient norm:      3e+02  
[09:16:12] < General >   Log likelihood (N=10692):  -7914.322 Gradient norm:      7e+01  
[09:16:12] < General >   Log likelihood (N=10692):  -7911.631 Gradient norm:      8e+01  
[09:16:12] < General >   Log likelihood (N=10692):  -7907.807 Gradient norm:      1e+02  
[09:16:12] < General >   Log likelihood (N=10692):  -7923.092 Gradient norm:      6e+02  
[09:16:12] < General >   Log likelihood (N=10692):  -7906.054 Gradient norm:      1e+02  
[09:16:12] < General >   Log likelihood (N=10692):  -7901.906 Gradient norm:      8e+01  
[09:16:12] < General >   Log likelihood (N=10692):  -7898.455 Gradient norm:      4e+01  
[09:16:12] < General >   Log likelihood (N=10692):  -7895.896 Gradient norm:      4e+01  
[09:16:12] < General >   Log likelihood (N=10692):  -7893.687 Gradient norm:      4e+01  
[09:16:13] < General >   Log likelihood (N=10692):  -7897.837 Gradient norm:      1e+02  
[09:16:13] < General >   Log likelihood (N=10692):  -7892.504 Gradient norm:      4e+01  
[09:16:13] < General >   Log likelihood (N=10692):  -7891.127 Gradient norm:      3e+01  
[09:16:13] < General >   Log likelihood (N=10692):  -7890.424 Gradient norm:      3e+01  
[09:16:13] < General >   Log likelihood (N=10692):  -7889.186 Gradient norm:      2e+01  
[09:16:13] < General >   Log likelihood (N=10692):  -7892.405 Gradient norm:      2e+02  
[09:16:13] < General >   Log likelihood (N=10692):  -7888.982 Gradient norm:      5e+01  
[09:16:13] < General >   Log likelihood (N=10692):  -7888.456 Gradient norm:      2e+01  
[09:16:13] < General >   Log likelihood (N=10692):  -7888.181 Gradient norm:      2e+01  
[09:16:13] < General >   Log likelihood (N=10692):  -7887.727 Gradient norm:      6e+01  
[09:16:13] < General >   Log likelihood (N=10692):  -7887.224 Gradient norm:      3e+01  
[09:16:13] < General >   Log likelihood (N=10692):  -7886.893 Gradient norm:      3e+01  
[09:16:13] < General >   Log likelihood (N=10692):  -7886.033 Gradient norm:      2e+01  
[09:16:14] < General >   Log likelihood (N=10692):  -7885.177 Gradient norm:      3e+01  
[09:16:14] < General >   Log likelihood (N=10692):  -7883.936 Gradient norm:      3e+01  
[09:16:14] < General >   Log likelihood (N=10692):   -7883.25 Gradient norm:      4e+01  
[09:16:14] < General >   Log likelihood (N=10692):  -7882.592 Gradient norm:      2e+01  
[09:16:14] < General >   Log likelihood (N=10692):  -7882.133 Gradient norm:      3e+01  
[09:16:14] < General >   Log likelihood (N=10692):  -7881.866 Gradient norm:      5e+01  
[09:16:14] < General >   Log likelihood (N=10692):  -7881.448 Gradient norm:      2e+01  
[09:16:14] < General >   Log likelihood (N=10692):  -7881.223 Gradient norm:      2e+01  
[09:16:14] < General >   Log likelihood (N=10692):  -7881.028 Gradient norm:      2e+01  
[09:16:14] < General >   Log likelihood (N=10692):   -7881.51 Gradient norm:      1e+02  
[09:16:14] < General >   Log likelihood (N=10692):  -7880.875 Gradient norm:      3e+01  
[09:16:14] < General >   Log likelihood (N=10692):  -7880.487 Gradient norm:      2e+01  
[09:16:14] < General >   Log likelihood (N=10692):  -7880.186 Gradient norm:      1e+01  
[09:16:14] < General >   Log likelihood (N=10692):  -7879.907 Gradient norm:      1e+01  
[09:16:15] < General >   Log likelihood (N=10692):  -7879.871 Gradient norm:      4e+01  
[09:16:15] < General >   Log likelihood (N=10692):  -7879.712 Gradient norm:      1e+01  
[09:16:15] < General >   Log likelihood (N=10692):  -7879.691 Gradient norm:          5  
[09:16:15] < General >   Log likelihood (N=10692):  -7879.671 Gradient norm:          5  
[09:16:15] < General >   Log likelihood (N=10692):  -7879.656 Gradient norm:          5  
[09:16:15] < General >   Log likelihood (N=10692):   -7879.73 Gradient norm:      3e+01  
[09:16:15] < General >   Log likelihood (N=10692):  -7879.642 Gradient norm:      1e+01  
[09:16:15] < General >   Log likelihood (N=10692):   -7879.61 Gradient norm:          6  
[09:16:15] < General >   Log likelihood (N=10692):  -7879.584 Gradient norm:          5  
[09:16:15] < General >   Log likelihood (N=10692):  -7879.562 Gradient norm:          8  
[09:16:15] < General >   Log likelihood (N=10692):  -7879.541 Gradient norm:      1e+01  
[09:16:15] < General >   Log likelihood (N=10692):  -7879.519 Gradient norm:          9  
[09:16:15] < General >   Log likelihood (N=10692):  -7879.443 Gradient norm:          7  
[09:16:16] < General >   Log likelihood (N=10692):    -7879.4 Gradient norm:          8  
[09:16:16] < General >   Log likelihood (N=10692):  -7879.402 Gradient norm:      3e+01  
[09:16:16] < General >   Log likelihood (N=10692):  -7879.367 Gradient norm:      1e+01  
[09:16:16] < General >   Log likelihood (N=10692):  -7879.326 Gradient norm:          4  
[09:16:16] < General >   Log likelihood (N=10692):  -7879.314 Gradient norm:          4  
[09:16:16] < General >   Log likelihood (N=10692):  -7879.289 Gradient norm:          2  
[09:16:16] < General >   Log likelihood (N=10692):   -7879.28 Gradient norm:          7  
[09:16:16] < General >   Log likelihood (N=10692):  -7879.272 Gradient norm:          2  
[09:16:16] < General >   Log likelihood (N=10692):   -7879.27 Gradient norm:          1  
[09:16:16] < General >   Log likelihood (N=10692):  -7879.267 Gradient norm:          1  
[09:16:16] < General >   Log likelihood (N=10692):  -7879.273 Gradient norm:      1e+01  
[09:16:16] < General >   Log likelihood (N=10692):  -7879.266 Gradient norm:          4  
[09:16:16] < General >   Log likelihood (N=10692):  -7879.263 Gradient norm:          2  
[09:16:17] < General >   Log likelihood (N=10692):  -7879.259 Gradient norm:          1  
[09:16:17] < General >   Log likelihood (N=10692):  -7879.257 Gradient norm:          1  
[09:16:17] < General >   Log likelihood (N=10692):   -7879.26 Gradient norm:          7  
[09:16:17] < General >   Log likelihood (N=10692):  -7879.257 Gradient norm:          2  
[09:16:17] < General >   Log likelihood (N=10692):  -7879.256 Gradient norm:          1  
[09:16:17] < General >   Log likelihood (N=10692):  -7879.255 Gradient norm:        0.9  
[09:16:17] < General >   Log likelihood (N=10692):  -7879.252 Gradient norm:          1  
[09:16:17] < General >   Log likelihood (N=10692):  -7879.249 Gradient norm:          1  
[09:16:17] < General >   Log likelihood (N=10692):   -7879.25 Gradient norm:          5  
[09:16:17] < General >   Log likelihood (N=10692):  -7879.248 Gradient norm:          2  
[09:16:17] < General >   Log likelihood (N=10692):  -7879.246 Gradient norm:          1  
[09:16:17] < General >   Log likelihood (N=10692):  -7879.244 Gradient norm:          2  
[09:16:17] < General >   Log likelihood (N=10692):  -7879.242 Gradient norm:          2  
[09:16:17] < General >   Log likelihood (N=10692):  -7879.244 Gradient norm:          8  
[09:16:18] < General >   Log likelihood (N=10692):  -7879.241 Gradient norm:          4  
[09:16:18] < General >   Log likelihood (N=10692):  -7879.239 Gradient norm:          2  
[09:16:18] < General >   Log likelihood (N=10692):  -7879.237 Gradient norm:          1  
[09:16:18] < General >   Log likelihood (N=10692):  -7879.237 Gradient norm:          1  
[09:16:18] < General >   Log likelihood (N=10692):  -7879.236 Gradient norm:        0.8  
[09:16:18] < General >   Log likelihood (N=10692):  -7879.236 Gradient norm:          2  
[09:16:18] < General >   Log likelihood (N=10692):  -7879.235 Gradient norm:        0.5  
[09:16:18] < General >   Log likelihood (N=10692):  -7879.235 Gradient norm:        0.6  
[09:16:18] < General >   Log likelihood (N=10692):  -7879.235 Gradient norm:        0.6  
[09:16:18] < General >   Log likelihood (N=10692):  -7879.235 Gradient norm:          1  
[09:16:18] < General >   Log likelihood (N=10692):  -7879.235 Gradient norm:          1  
[09:16:18] < General >   Log likelihood (N=10692):  -7879.235 Gradient norm:        0.4  
[09:16:18] < General >   Log likelihood (N=10692):  -7879.235 Gradient norm:        0.3  
[09:16:19] < General >   Log likelihood (N=10692):  -7879.235 Gradient norm:        0.3  
[09:16:19] < General >   Log likelihood (N=10692):  -7879.235 Gradient norm:        0.5  
[09:16:19] < General >   Log likelihood (N=10692):  -7879.235 Gradient norm:        0.5  
[09:16:19] < General >   Log likelihood (N=10692):  -7879.235 Gradient norm:          1  
[09:16:19] < General >   Log likelihood (N=10692):  -7879.235 Gradient norm:        0.4  
[09:16:19] < General >   Log likelihood (N=10692):  -7879.235 Gradient norm:        0.3  
[09:16:19] < General >   Log likelihood (N=10692):  -7879.234 Gradient norm:        0.3  
[09:16:19] < General >   Log likelihood (N=10692):  -7879.234 Gradient norm:        0.4  
[09:16:19] < General >   Log likelihood (N=10692):  -7879.234 Gradient norm:        0.5  
[09:16:19] < General >   Log likelihood (N=10692):  -7879.234 Gradient norm:        0.4  
[09:16:19] < General >   Log likelihood (N=10692):  -7879.234 Gradient norm:        0.3  
[09:16:19] < General >   Log likelihood (N=10692):  -7879.234 Gradient norm:        0.4  
[09:16:19] < General >   Log likelihood (N=10692):  -7879.234 Gradient norm:        0.3  
[09:16:20] < General >   Log likelihood (N=10692):  -7879.234 Gradient norm:        0.5  
[09:16:20] < General >   Log likelihood (N=10692):  -7879.234 Gradient norm:        0.2  
[09:16:20] < General >   Log likelihood (N=10692):  -7879.234 Gradient norm:        0.3  
[09:16:20] < General >   Log likelihood (N=10692):  -7879.234 Gradient norm:        0.3  
[09:16:20] < General >   Log likelihood (N=10692):  -7879.234 Gradient norm:          1  
[09:16:20] < General >   Log likelihood (N=10692):  -7879.234 Gradient norm:        0.4  
[09:16:20] < General >   Log likelihood (N=10692):  -7879.234 Gradient norm:        0.2  
[09:16:20] < General >   Log likelihood (N=10692):  -7879.234 Gradient norm:        0.2  
[09:16:20] < General >   Log likelihood (N=10692):  -7879.234 Gradient norm:        0.3  
[09:16:20] < General >   Log likelihood (N=10692):  -7879.234 Gradient norm:        0.3  
[09:16:20] < General >   Log likelihood (N=10692):  -7879.234 Gradient norm:        0.6  
[09:16:20] < General >   Log likelihood (N=10692):  -7879.233 Gradient norm:        0.4  
[09:16:20] < General >   Log likelihood (N=10692):  -7879.233 Gradient norm:        0.4  
[09:16:20] < General >   Log likelihood (N=10692):  -7879.233 Gradient norm:        0.3  
[09:16:21] < General >   Log likelihood (N=10692):  -7879.233 Gradient norm:        0.8  
[09:16:21] < General >   Log likelihood (N=10692):  -7879.233 Gradient norm:        0.2  
[09:16:21] < General >   Log likelihood (N=10692):  -7879.233 Gradient norm:        0.2  
[09:16:21] < General >   Log likelihood (N=10692):  -7879.233 Gradient norm:        0.2  
[09:16:21] < General >   Log likelihood (N=10692):  -7879.233 Gradient norm:          2  
[09:16:21] < General >   Log likelihood (N=10692):  -7879.233 Gradient norm:        0.3  
[09:16:21] < General >   Log likelihood (N=10692):  -7879.233 Gradient norm:        0.2  
[09:16:21] < General >   Log likelihood (N=10692):  -7879.233 Gradient norm:        0.1  
[09:16:21] < General >   Log likelihood (N=10692):  -7879.233 Gradient norm:        0.1  
[09:16:21] < General >   Log likelihood (N=10692):  -7879.233 Gradient norm:        0.2  
[09:16:21] < General >   Log likelihood (N=10692):  -7879.233 Gradient norm:        0.2  
[09:16:21] < General >   Log likelihood (N=10692):  -7879.233 Gradient norm:        0.3  
[09:16:21] < General >   Log likelihood (N=10692):  -7879.233 Gradient norm:        0.2  
[09:16:22] < General >   Log likelihood (N=10692):  -7879.233 Gradient norm:        0.1  
[09:16:22] < General >   Log likelihood (N=10692):  -7879.233 Gradient norm:          1  
[09:16:22] < General >   Log likelihood (N=10692):  -7879.233 Gradient norm:        0.2  
[09:16:22] < General >   Log likelihood (N=10692):  -7879.233 Gradient norm:        0.2  
[09:16:22] < General >   Log likelihood (N=10692):  -7879.233 Gradient norm:       0.06  
[09:16:22] < General >   Log likelihood (N=10692):  -7879.233 Gradient norm:       0.06  
[09:16:22] < General >   Log likelihood (N=10692):  -7879.233 Gradient norm:        0.3  
[09:16:22] < General >   Log likelihood (N=10692):  -7879.233 Gradient norm:        0.1  
[09:16:22] < General >   Log likelihood (N=10692):  -7879.233 Gradient norm:       0.04  
[09:16:22] < General >   Log likelihood (N=10692):  -7879.233 Gradient norm:       0.04  
[09:16:22] < General >   Log likelihood (N=10692):  -7879.233 Gradient norm:       0.03  
[09:16:22] < General >   Log likelihood (N=10692):  -7879.233 Gradient norm:       0.03  
[09:16:22] < General >   Log likelihood (N=10692):  -7879.233 Gradient norm:       0.07  
[09:16:22] < General >   Log likelihood (N=10692):  -7879.233 Gradient norm:        0.1  
[09:16:23] < General >   Log likelihood (N=10692):  -7879.233 Gradient norm:        0.1  
[09:16:23] < General >   Log likelihood (N=10692):  -7879.233 Gradient norm:       0.06  
[09:16:23] < General >   Log likelihood (N=10692):  -7879.233 Gradient norm:       0.03  
[09:16:23] < General >   Log likelihood (N=10692):  -7879.233 Gradient norm:       0.03  
[09:16:23] < General >   Log likelihood (N=10692):  -7879.233 Gradient norm:       0.03  
[09:16:23] < General >   Log likelihood (N=10692):  -7879.233 Gradient norm:        0.4  
[09:16:23] < General >   Log likelihood (N=10692):  -7879.233 Gradient norm:       0.07  
[09:16:23] < General >   Log likelihood (N=10692):  -7879.233 Gradient norm:       0.04  
[09:16:23] < General >   Log likelihood (N=10692):  -7879.233 Gradient norm:       0.02  
[09:16:23] < General >   Log likelihood (N=10692):  -7879.233 Gradient norm:      0.009  
[09:16:23] < General >   Log likelihood (N=10692):  -7879.233 Gradient norm:       0.01  
[09:16:23] < General >   Log likelihood (N=10692):  -7879.233 Gradient norm:      0.006  
[09:16:23] < General >   Log likelihood (N=10692):  -7879.233 Gradient norm:       0.03  
[09:16:24] < General >   Log likelihood (N=10692):  -7879.233 Gradient norm:       0.01  
[09:16:24] < General >   Log likelihood (N=10692):  -7879.233 Gradient norm:      0.007  
[09:16:24] < General >   Log likelihood (N=10692):  -7879.233 Gradient norm:      0.004  
[09:16:24] < General >   Log likelihood (N=10692):  -7879.233 Gradient norm:      0.005  
[09:16:24] < General >   Log likelihood (N=10692):  -7879.233 Gradient norm:      0.006  
[09:16:24] < General >   Log likelihood (N=10692):  -7879.233 Gradient norm:      0.006  
[09:16:24] < General >   Log likelihood (N=10692):  -7879.233 Gradient norm:      0.004  
[09:16:24] < General >   Log likelihood (N=10692):  -7879.233 Gradient norm:      0.004  
[09:16:24] < General >   Log likelihood (N=10692):  -7879.233 Gradient norm:       0.01  
[09:16:24] < General >   Log likelihood (N=10692):  -7879.233 Gradient norm:      0.005  
[09:16:24] < General >   Log likelihood (N=10692):  -7879.233 Gradient norm:      0.005  
[09:16:24] < General >   Log likelihood (N=10692):  -7879.233 Gradient norm:      0.006  
[09:16:24] < General >   Log likelihood (N=10692):  -7879.233 Gradient norm:       0.01  
[09:16:25] < General >   Log likelihood (N=10692):  -7879.233 Gradient norm:       0.06  
[09:16:25] < General >   Log likelihood (N=10692):  -7879.233 Gradient norm:       0.01  
[09:16:25] < General >   Log likelihood (N=10692):  -7879.233 Gradient norm:      0.006  
[09:16:25] < General >   Log likelihood (N=10692):  -7879.233 Gradient norm:      0.004  
[09:16:25] < General >   Log likelihood (N=10692):  -7879.233 Gradient norm:      0.005  
[09:16:25] < General >   Log likelihood (N=10692):  -7879.233 Gradient norm:      0.006  
[09:16:25] < General >   Log likelihood (N=10692):  -7879.233 Gradient norm:      0.005  
[09:16:25] < General >   Log likelihood (N=10692):  -7879.233 Gradient norm:      0.006  
[09:16:25] < General >   Log likelihood (N=10692):  -7879.233 Gradient norm:      0.003  
[09:16:25] < General >   Log likelihood (N=10692):  -7879.233 Gradient norm:      0.004  
[09:16:25] < General >   Log likelihood (N=10692):  -7879.233 Gradient norm:      0.007  
[09:16:25] < General >   Log likelihood (N=10692):  -7879.233 Gradient norm:      0.003  
[09:16:25] < General >   Log likelihood (N=10692):  -7879.233 Gradient norm:      0.003  
[09:16:26] < General >   Log likelihood (N=10692):  -7879.233 Gradient norm:      0.007  
[09:16:26] < General >   Log likelihood (N=10692):  -7879.233 Gradient norm:      0.003  
[09:16:26] < General >   Log likelihood (N=10692):  -7879.233 Gradient norm:      0.003  
[09:16:26] < General >   Log likelihood (N=10692):  -7879.233 Gradient norm:      0.004  
[09:16:26] < General >   Log likelihood (N=10692):  -7879.233 Gradient norm:      0.003  
[09:16:26] < General >   Log likelihood (N=10692):  -7879.233 Gradient norm:      0.002  
[09:16:26] < General >   Log likelihood (N=10692):  -7879.233 Gradient norm:      0.004  
[09:16:26] < General >   Log likelihood (N=10692):  -7879.233 Gradient norm:      0.004  
[09:16:26] < General >   Log likelihood (N=10692):  -7879.233 Gradient norm:      0.007  
[09:16:26] < General >   Log likelihood (N=10692):  -7879.233 Gradient norm:      0.002  
[09:16:27] < General >   Log likelihood (N=10692):  -7879.233 Gradient norm:      0.002 Hessian norm:       1e+04 BHHH norm:       1e+04
[09:16:27] < General >   Results saved in file MNL29.html
[09:16:27] < General >   Results saved in file MNL29.pickle
[09:16:27] < General >   Log file created: MNL29.log
