*** File created 2020-04-28 09:15:35.243885 ***
*** Log file from biogeme 3.2.5 [2020-04-28]
[09:15:17] < General >   Remove 24 unused variables from the database as only 23 are used.
[09:15:17] < General >   Log likelihood (N=10692):  -11071.26
[09:15:17] < General >   Minimize with tol 1e-07
[09:15:17] < General >   Log likelihood (N=10692):  -11071.26 Gradient norm:      8e+03  
[09:15:17] < General >   Log likelihood (N=10692):  -10164.95 Gradient norm:      4e+03  
[09:15:17] < General >   Log likelihood (N=10692):  -9301.408 Gradient norm:      2e+03  
[09:15:17] < General >   Log likelihood (N=10692):  -9014.187 Gradient norm:      1e+03  
[09:15:17] < General >   Log likelihood (N=10692):  -8864.316 Gradient norm:      1e+03  
[09:15:17] < General >   Log likelihood (N=10692):  -8367.687 Gradient norm:      7e+02  
[09:15:17] < General >   Log likelihood (N=10692):  -8204.651 Gradient norm:      5e+02  
[09:15:18] < General >   Log likelihood (N=10692):  -8126.467 Gradient norm:      4e+02  
[09:15:18] < General >   Log likelihood (N=10692):  -8017.575 Gradient norm:      2e+02  
[09:15:18] < General >   Log likelihood (N=10692):  -7954.305 Gradient norm:      1e+02  
[09:15:18] < General >   Log likelihood (N=10692):  -7946.377 Gradient norm:      9e+01  
[09:15:18] < General >   Log likelihood (N=10692):  -7942.319 Gradient norm:      5e+01  
[09:15:18] < General >   Log likelihood (N=10692):  -7936.442 Gradient norm:      1e+02  
[09:15:18] < General >   Log likelihood (N=10692):  -7932.849 Gradient norm:      9e+01  
[09:15:18] < General >   Log likelihood (N=10692):   -7922.33 Gradient norm:      6e+01  
[09:15:18] < General >   Log likelihood (N=10692):  -7923.977 Gradient norm:      4e+02  
[09:15:18] < General >   Log likelihood (N=10692):  -7919.103 Gradient norm:      2e+02  
[09:15:18] < General >   Log likelihood (N=10692):  -7915.213 Gradient norm:      5e+01  
[09:15:19] < General >   Log likelihood (N=10692):  -7914.005 Gradient norm:      5e+01  
[09:15:19] < General >   Log likelihood (N=10692):  -7911.855 Gradient norm:      1e+02  
[09:15:19] < General >   Log likelihood (N=10692):  -7909.418 Gradient norm:      9e+01  
[09:15:19] < General >   Log likelihood (N=10692):  -7907.375 Gradient norm:      6e+01  
[09:15:19] < General >   Log likelihood (N=10692):  -7903.624 Gradient norm:      7e+01  
[09:15:19] < General >   Log likelihood (N=10692):  -7900.429 Gradient norm:      8e+01  
[09:15:19] < General >   Log likelihood (N=10692):   -7891.75 Gradient norm:      7e+01  
[09:15:19] < General >   Log likelihood (N=10692):  -7888.823 Gradient norm:      2e+02  
[09:15:19] < General >   Log likelihood (N=10692):  -7878.164 Gradient norm:      5e+01  
[09:15:19] < General >   Log likelihood (N=10692):   -7876.26 Gradient norm:      4e+01  
[09:15:19] < General >   Log likelihood (N=10692):  -7875.757 Gradient norm:      1e+02  
[09:15:19] < General >   Log likelihood (N=10692):  -7874.407 Gradient norm:      4e+01  
[09:15:20] < General >   Log likelihood (N=10692):  -7874.024 Gradient norm:      3e+01  
[09:15:20] < General >   Log likelihood (N=10692):  -7873.529 Gradient norm:      3e+01  
[09:15:20] < General >   Log likelihood (N=10692):  -7873.009 Gradient norm:      3e+01  
[09:15:20] < General >   Log likelihood (N=10692):  -7872.839 Gradient norm:      5e+01  
[09:15:20] < General >   Log likelihood (N=10692):  -7872.507 Gradient norm:      2e+01  
[09:15:20] < General >   Log likelihood (N=10692):  -7872.442 Gradient norm:      2e+01  
[09:15:20] < General >   Log likelihood (N=10692):  -7872.269 Gradient norm:      2e+01  
[09:15:20] < General >   Log likelihood (N=10692):  -7872.284 Gradient norm:      1e+01  
[09:15:20] < General >   Log likelihood (N=10692):  -7872.205 Gradient norm:          8  
[09:15:20] < General >   Log likelihood (N=10692):  -7872.176 Gradient norm:          5  
[09:15:20] < General >   Log likelihood (N=10692):  -7872.159 Gradient norm:          4  
[09:15:21] < General >   Log likelihood (N=10692):  -7872.167 Gradient norm:      2e+01  
[09:15:21] < General >   Log likelihood (N=10692):  -7872.151 Gradient norm:          9  
[09:15:21] < General >   Log likelihood (N=10692):  -7872.138 Gradient norm:          7  
[09:15:21] < General >   Log likelihood (N=10692):  -7872.117 Gradient norm:          4  
[09:15:21] < General >   Log likelihood (N=10692):    -7872.1 Gradient norm:          5  
[09:15:21] < General >   Log likelihood (N=10692):  -7872.091 Gradient norm:          3  
[09:15:21] < General >   Log likelihood (N=10692):  -7872.088 Gradient norm:          3  
[09:15:21] < General >   Log likelihood (N=10692):  -7872.086 Gradient norm:          2  
[09:15:21] < General >   Log likelihood (N=10692):  -7872.085 Gradient norm:          2  
[09:15:21] < General >   Log likelihood (N=10692):  -7872.082 Gradient norm:          2  
[09:15:21] < General >   Log likelihood (N=10692):  -7872.082 Gradient norm:          3  
[09:15:22] < General >   Log likelihood (N=10692):  -7872.081 Gradient norm:          1  
[09:15:22] < General >   Log likelihood (N=10692):  -7872.078 Gradient norm:          1  
[09:15:22] < General >   Log likelihood (N=10692):  -7872.077 Gradient norm:          5  
[09:15:22] < General >   Log likelihood (N=10692):  -7872.074 Gradient norm:          2  
[09:15:22] < General >   Log likelihood (N=10692):  -7872.072 Gradient norm:          1  
[09:15:22] < General >   Log likelihood (N=10692):  -7872.071 Gradient norm:          2  
[09:15:22] < General >   Log likelihood (N=10692):  -7872.068 Gradient norm:          3  
[09:15:22] < General >   Log likelihood (N=10692):  -7872.064 Gradient norm:          6  
[09:15:22] < General >   Log likelihood (N=10692):  -7872.059 Gradient norm:          4  
[09:15:22] < General >   Log likelihood (N=10692):  -7872.054 Gradient norm:          4  
[09:15:22] < General >   Log likelihood (N=10692):   -7872.04 Gradient norm:          4  
[09:15:23] < General >   Log likelihood (N=10692):  -7872.027 Gradient norm:          4  
[09:15:23] < General >   Log likelihood (N=10692):  -7871.998 Gradient norm:          5  
[09:15:23] < General >   Log likelihood (N=10692):  -7872.012 Gradient norm:      2e+01  
[09:15:23] < General >   Log likelihood (N=10692):  -7871.987 Gradient norm:          9  
[09:15:23] < General >   Log likelihood (N=10692):  -7871.971 Gradient norm:          4  
[09:15:23] < General >   Log likelihood (N=10692):  -7871.961 Gradient norm:          5  
[09:15:23] < General >   Log likelihood (N=10692):   -7871.95 Gradient norm:          5  
[09:15:23] < General >   Log likelihood (N=10692):  -7871.918 Gradient norm:          8  
[09:15:23] < General >   Log likelihood (N=10692):  -7871.884 Gradient norm:          7  
[09:15:23] < General >   Log likelihood (N=10692):  -7871.872 Gradient norm:      1e+01  
[09:15:23] < General >   Log likelihood (N=10692):  -7871.859 Gradient norm:          3  
[09:15:23] < General >   Log likelihood (N=10692):  -7871.855 Gradient norm:          3  
[09:15:24] < General >   Log likelihood (N=10692):  -7871.848 Gradient norm:          3  
[09:15:24] < General >   Log likelihood (N=10692):  -7871.826 Gradient norm:          4  
[09:15:24] < General >   Log likelihood (N=10692):  -7871.804 Gradient norm:          6  
[09:15:24] < General >   Log likelihood (N=10692):  -7871.894 Gradient norm:      4e+01  
[09:15:24] < General >   Log likelihood (N=10692):  -7871.798 Gradient norm:          4  
[09:15:24] < General >   Log likelihood (N=10692):  -7871.791 Gradient norm:          2  
[09:15:24] < General >   Log likelihood (N=10692):  -7871.788 Gradient norm:          1  
[09:15:24] < General >   Log likelihood (N=10692):  -7871.786 Gradient norm:          2  
[09:15:24] < General >   Log likelihood (N=10692):  -7871.784 Gradient norm:          2  
[09:15:24] < General >   Log likelihood (N=10692):  -7871.783 Gradient norm:          1  
[09:15:24] < General >   Log likelihood (N=10692):  -7871.782 Gradient norm:          2  
[09:15:25] < General >   Log likelihood (N=10692):  -7871.781 Gradient norm:          1  
[09:15:25] < General >   Log likelihood (N=10692):   -7871.78 Gradient norm:          2  
[09:15:25] < General >   Log likelihood (N=10692):  -7871.778 Gradient norm:          1  
[09:15:25] < General >   Log likelihood (N=10692):  -7871.776 Gradient norm:          1  
[09:15:25] < General >   Log likelihood (N=10692):  -7871.775 Gradient norm:          8  
[09:15:25] < General >   Log likelihood (N=10692):  -7871.774 Gradient norm:          4  
[09:15:25] < General >   Log likelihood (N=10692):   -7871.77 Gradient norm:          2  
[09:15:25] < General >   Log likelihood (N=10692):  -7871.767 Gradient norm:          1  
[09:15:25] < General >   Log likelihood (N=10692):  -7871.764 Gradient norm:          1  
[09:15:25] < General >   Log likelihood (N=10692):  -7871.762 Gradient norm:          1  
[09:15:25] < General >   Log likelihood (N=10692):  -7871.761 Gradient norm:          1  
[09:15:26] < General >   Log likelihood (N=10692):   -7871.76 Gradient norm:          1  
[09:15:26] < General >   Log likelihood (N=10692):   -7871.76 Gradient norm:          1  
[09:15:26] < General >   Log likelihood (N=10692):   -7871.76 Gradient norm:        0.4  
[09:15:26] < General >   Log likelihood (N=10692):   -7871.76 Gradient norm:        0.3  
[09:15:26] < General >   Log likelihood (N=10692):   -7871.76 Gradient norm:        0.2  
[09:15:26] < General >   Log likelihood (N=10692):  -7871.759 Gradient norm:        0.2  
[09:15:26] < General >   Log likelihood (N=10692):  -7871.761 Gradient norm:          5  
[09:15:26] < General >   Log likelihood (N=10692):  -7871.759 Gradient norm:        0.6  
[09:15:26] < General >   Log likelihood (N=10692):  -7871.759 Gradient norm:        0.4  
[09:15:26] < General >   Log likelihood (N=10692):  -7871.759 Gradient norm:        0.3  
[09:15:26] < General >   Log likelihood (N=10692):  -7871.759 Gradient norm:        0.3  
[09:15:26] < General >   Log likelihood (N=10692):  -7871.759 Gradient norm:        0.4  
[09:15:27] < General >   Log likelihood (N=10692):  -7871.759 Gradient norm:          2  
[09:15:27] < General >   Log likelihood (N=10692):  -7871.759 Gradient norm:        0.6  
[09:15:27] < General >   Log likelihood (N=10692):  -7871.758 Gradient norm:        0.4  
[09:15:27] < General >   Log likelihood (N=10692):  -7871.758 Gradient norm:        0.7  
[09:15:27] < General >   Log likelihood (N=10692):  -7871.758 Gradient norm:          1  
[09:15:27] < General >   Log likelihood (N=10692):  -7871.758 Gradient norm:        0.5  
[09:15:27] < General >   Log likelihood (N=10692):  -7871.758 Gradient norm:        0.5  
[09:15:27] < General >   Log likelihood (N=10692):  -7871.758 Gradient norm:        0.5  
[09:15:27] < General >   Log likelihood (N=10692):  -7871.757 Gradient norm:        0.4  
[09:15:27] < General >   Log likelihood (N=10692):  -7871.758 Gradient norm:          3  
[09:15:27] < General >   Log likelihood (N=10692):  -7871.757 Gradient norm:        0.5  
[09:15:28] < General >   Log likelihood (N=10692):  -7871.757 Gradient norm:        0.3  
[09:15:28] < General >   Log likelihood (N=10692):  -7871.757 Gradient norm:        0.2  
[09:15:28] < General >   Log likelihood (N=10692):  -7871.757 Gradient norm:        0.3  
[09:15:28] < General >   Log likelihood (N=10692):  -7871.757 Gradient norm:        0.2  
[09:15:28] < General >   Log likelihood (N=10692):  -7871.757 Gradient norm:        0.5  
[09:15:28] < General >   Log likelihood (N=10692):  -7871.757 Gradient norm:        0.2  
[09:15:28] < General >   Log likelihood (N=10692):  -7871.757 Gradient norm:       0.09  
[09:15:28] < General >   Log likelihood (N=10692):  -7871.757 Gradient norm:        0.1  
[09:15:28] < General >   Log likelihood (N=10692):  -7871.757 Gradient norm:        0.2  
[09:15:28] < General >   Log likelihood (N=10692):  -7871.757 Gradient norm:        0.2  
[09:15:28] < General >   Log likelihood (N=10692):  -7871.757 Gradient norm:        0.4  
[09:15:29] < General >   Log likelihood (N=10692):  -7871.757 Gradient norm:        0.2  
[09:15:29] < General >   Log likelihood (N=10692):  -7871.757 Gradient norm:       0.09  
[09:15:29] < General >   Log likelihood (N=10692):  -7871.757 Gradient norm:        0.1  
[09:15:29] < General >   Log likelihood (N=10692):  -7871.757 Gradient norm:        0.2  
[09:15:29] < General >   Log likelihood (N=10692):  -7871.757 Gradient norm:        0.5  
[09:15:29] < General >   Log likelihood (N=10692):  -7871.757 Gradient norm:        0.1  
[09:15:29] < General >   Log likelihood (N=10692):  -7871.757 Gradient norm:       0.08  
[09:15:29] < General >   Log likelihood (N=10692):  -7871.757 Gradient norm:       0.07  
[09:15:29] < General >   Log likelihood (N=10692):  -7871.757 Gradient norm:       0.07  
[09:15:29] < General >   Log likelihood (N=10692):  -7871.757 Gradient norm:        0.6  
[09:15:29] < General >   Log likelihood (N=10692):  -7871.757 Gradient norm:        0.1  
[09:15:30] < General >   Log likelihood (N=10692):  -7871.757 Gradient norm:       0.08  
[09:15:30] < General >   Log likelihood (N=10692):  -7871.757 Gradient norm:       0.06  
[09:15:30] < General >   Log likelihood (N=10692):  -7871.757 Gradient norm:       0.06  
[09:15:30] < General >   Log likelihood (N=10692):  -7871.757 Gradient norm:        0.2  
[09:15:30] < General >   Log likelihood (N=10692):  -7871.757 Gradient norm:       0.06  
[09:15:30] < General >   Log likelihood (N=10692):  -7871.757 Gradient norm:       0.09  
[09:15:30] < General >   Log likelihood (N=10692):  -7871.757 Gradient norm:        0.1  
[09:15:30] < General >   Log likelihood (N=10692):  -7871.757 Gradient norm:        0.1  
[09:15:30] < General >   Log likelihood (N=10692):  -7871.757 Gradient norm:        0.2  
[09:15:30] < General >   Log likelihood (N=10692):  -7871.757 Gradient norm:       0.07  
[09:15:30] < General >   Log likelihood (N=10692):  -7871.757 Gradient norm:       0.06  
[09:15:30] < General >   Log likelihood (N=10692):  -7871.757 Gradient norm:       0.09  
[09:15:31] < General >   Log likelihood (N=10692):  -7871.757 Gradient norm:        0.1  
[09:15:31] < General >   Log likelihood (N=10692):  -7871.757 Gradient norm:       0.09  
[09:15:31] < General >   Log likelihood (N=10692):  -7871.757 Gradient norm:        0.2  
[09:15:31] < General >   Log likelihood (N=10692):  -7871.757 Gradient norm:       0.05  
[09:15:31] < General >   Log likelihood (N=10692):  -7871.757 Gradient norm:       0.04  
[09:15:31] < General >   Log likelihood (N=10692):  -7871.757 Gradient norm:        0.3  
[09:15:31] < General >   Log likelihood (N=10692):  -7871.757 Gradient norm:       0.06  
[09:15:31] < General >   Log likelihood (N=10692):  -7871.757 Gradient norm:       0.05  
[09:15:31] < General >   Log likelihood (N=10692):  -7871.757 Gradient norm:       0.03  
[09:15:31] < General >   Log likelihood (N=10692):  -7871.757 Gradient norm:       0.02  
[09:15:31] < General >   Log likelihood (N=10692):  -7871.757 Gradient norm:       0.02  
[09:15:32] < General >   Log likelihood (N=10692):  -7871.757 Gradient norm:       0.08  
[09:15:32] < General >   Log likelihood (N=10692):  -7871.757 Gradient norm:       0.03  
[09:15:32] < General >   Log likelihood (N=10692):  -7871.757 Gradient norm:       0.01  
[09:15:32] < General >   Log likelihood (N=10692):  -7871.757 Gradient norm:       0.01  
[09:15:32] < General >   Log likelihood (N=10692):  -7871.757 Gradient norm:      0.008  
[09:15:32] < General >   Log likelihood (N=10692):  -7871.757 Gradient norm:       0.02  
[09:15:32] < General >   Log likelihood (N=10692):  -7871.757 Gradient norm:      0.008  
[09:15:32] < General >   Log likelihood (N=10692):  -7871.757 Gradient norm:      0.006  
[09:15:32] < General >   Log likelihood (N=10692):  -7871.757 Gradient norm:      0.008  
[09:15:32] < General >   Log likelihood (N=10692):  -7871.757 Gradient norm:       0.02  
[09:15:32] < General >   Log likelihood (N=10692):  -7871.757 Gradient norm:      0.009  
[09:15:33] < General >   Log likelihood (N=10692):  -7871.757 Gradient norm:      0.005  
[09:15:33] < General >   Log likelihood (N=10692):  -7871.757 Gradient norm:      0.004  
[09:15:33] < General >   Log likelihood (N=10692):  -7871.757 Gradient norm:      0.004  
[09:15:33] < General >   Log likelihood (N=10692):  -7871.757 Gradient norm:       0.02  
[09:15:33] < General >   Log likelihood (N=10692):  -7871.757 Gradient norm:      0.009  
[09:15:33] < General >   Log likelihood (N=10692):  -7871.757 Gradient norm:      0.003  
[09:15:33] < General >   Log likelihood (N=10692):  -7871.757 Gradient norm:      0.002  
[09:15:34] < General >   Log likelihood (N=10692):  -7871.757 Gradient norm:      0.002 Hessian norm:       1e+04 BHHH norm:       1e+04
[09:15:35] < General >   Results saved in file MNL26.html
[09:15:35] < General >   Results saved in file MNL26.pickle
[09:15:35] < General >   Log file created: MNL26.log
