*** File created 2020-04-28 09:19:50.882857 ***
*** Log file from biogeme 3.2.5 [2020-04-28]
[09:19:22] < General >   Remove 24 unused variables from the database as only 23 are used.
[09:19:22] < General >   Log likelihood (N=10692):  -11071.26
[09:19:22] < General >   Minimize with tol 1e-07
[09:19:22] < General >   Log likelihood (N=10692):  -11071.26 Gradient norm:      7e+03  
[09:19:22] < General >   Log likelihood (N=10692):   -9974.23 Gradient norm:      3e+03  
[09:19:22] < General >   Log likelihood (N=10692):  -9266.689 Gradient norm:      2e+03  
[09:19:22] < General >   Log likelihood (N=10692):  -8985.356 Gradient norm:      1e+03  
[09:19:22] < General >   Log likelihood (N=10692):    -8827.3 Gradient norm:      9e+02  
[09:19:22] < General >   Log likelihood (N=10692):  -8356.089 Gradient norm:      7e+02  
[09:19:23] < General >   Log likelihood (N=10692):  -8120.499 Gradient norm:      5e+02  
[09:19:23] < General >   Log likelihood (N=10692):  -7939.818 Gradient norm:      4e+02  
[09:19:23] < General >   Log likelihood (N=10692):  -8032.867 Gradient norm:      2e+03  
[09:19:23] < General >   Log likelihood (N=10692):  -7925.258 Gradient norm:      3e+02  
[09:19:23] < General >   Log likelihood (N=10692):  -7912.539 Gradient norm:      2e+02  
[09:19:23] < General >   Log likelihood (N=10692):  -7893.573 Gradient norm:      1e+02  
[09:19:23] < General >   Log likelihood (N=10692):  -7882.191 Gradient norm:      1e+02  
[09:19:23] < General >   Log likelihood (N=10692):  -7873.405 Gradient norm:      8e+01  
[09:19:23] < General >   Log likelihood (N=10692):  -7864.395 Gradient norm:      1e+02  
[09:19:23] < General >   Log likelihood (N=10692):  -7858.065 Gradient norm:      1e+02  
[09:19:23] < General >   Log likelihood (N=10692):  -7854.624 Gradient norm:      1e+02  
[09:19:24] < General >   Log likelihood (N=10692):   -7852.61 Gradient norm:      6e+01  
[09:19:24] < General >   Log likelihood (N=10692):  -7851.345 Gradient norm:      5e+01  
[09:19:24] < General >   Log likelihood (N=10692):  -7850.075 Gradient norm:      6e+01  
[09:19:24] < General >   Log likelihood (N=10692):  -7847.275 Gradient norm:      6e+01  
[09:19:24] < General >   Log likelihood (N=10692):  -7857.018 Gradient norm:      4e+02  
[09:19:24] < General >   Log likelihood (N=10692):  -7846.744 Gradient norm:      9e+01  
[09:19:24] < General >   Log likelihood (N=10692):  -7845.214 Gradient norm:      6e+01  
[09:19:24] < General >   Log likelihood (N=10692):  -7843.566 Gradient norm:      4e+01  
[09:19:24] < General >   Log likelihood (N=10692):  -7841.018 Gradient norm:      6e+01  
[09:19:24] < General >   Log likelihood (N=10692):  -7838.128 Gradient norm:      8e+01  
[09:19:24] < General >   Log likelihood (N=10692):  -7832.688 Gradient norm:      1e+02  
[09:19:25] < General >   Log likelihood (N=10692):  -7827.933 Gradient norm:      2e+02  
[09:19:25] < General >   Log likelihood (N=10692):  -7821.948 Gradient norm:      1e+02  
[09:19:25] < General >   Log likelihood (N=10692):  -7818.031 Gradient norm:      6e+01  
[09:19:25] < General >   Log likelihood (N=10692):  -7815.321 Gradient norm:      6e+01  
[09:19:25] < General >   Log likelihood (N=10692):  -7813.753 Gradient norm:      2e+02  
[09:19:25] < General >   Log likelihood (N=10692):  -7809.706 Gradient norm:      5e+01  
[09:19:25] < General >   Log likelihood (N=10692):  -7808.947 Gradient norm:      2e+01  
[09:19:25] < General >   Log likelihood (N=10692):  -7808.573 Gradient norm:      3e+01  
[09:19:25] < General >   Log likelihood (N=10692):  -7808.355 Gradient norm:      5e+01  
[09:19:25] < General >   Log likelihood (N=10692):  -7808.065 Gradient norm:      2e+01  
[09:19:25] < General >   Log likelihood (N=10692):   -7807.82 Gradient norm:      2e+01  
[09:19:25] < General >   Log likelihood (N=10692):  -7807.733 Gradient norm:      2e+01  
[09:19:26] < General >   Log likelihood (N=10692):  -7807.434 Gradient norm:      2e+01  
[09:19:26] < General >   Log likelihood (N=10692):  -7807.604 Gradient norm:      6e+01  
[09:19:26] < General >   Log likelihood (N=10692):  -7807.307 Gradient norm:      2e+01  
[09:19:26] < General >   Log likelihood (N=10692):  -7807.212 Gradient norm:      1e+01  
[09:19:26] < General >   Log likelihood (N=10692):  -7807.113 Gradient norm:      1e+01  
[09:19:26] < General >   Log likelihood (N=10692):  -7807.041 Gradient norm:      1e+01  
[09:19:26] < General >   Log likelihood (N=10692):  -7807.016 Gradient norm:      1e+01  
[09:19:26] < General >   Log likelihood (N=10692):  -7806.997 Gradient norm:          5  
[09:19:26] < General >   Log likelihood (N=10692):  -7806.993 Gradient norm:          3  
[09:19:26] < General >   Log likelihood (N=10692):  -7806.987 Gradient norm:          3  
[09:19:26] < General >   Log likelihood (N=10692):  -7806.979 Gradient norm:          4  
[09:19:27] < General >   Log likelihood (N=10692):  -7806.965 Gradient norm:          6  
[09:19:27] < General >   Log likelihood (N=10692):  -7806.972 Gradient norm:      1e+01  
[09:19:27] < General >   Log likelihood (N=10692):  -7806.956 Gradient norm:          4  
[09:19:27] < General >   Log likelihood (N=10692):   -7806.95 Gradient norm:          2  
[09:19:27] < General >   Log likelihood (N=10692):  -7806.946 Gradient norm:          2  
[09:19:27] < General >   Log likelihood (N=10692):  -7806.949 Gradient norm:          8  
[09:19:27] < General >   Log likelihood (N=10692):  -7806.945 Gradient norm:          2  
[09:19:27] < General >   Log likelihood (N=10692):  -7806.943 Gradient norm:          1  
[09:19:27] < General >   Log likelihood (N=10692):  -7806.943 Gradient norm:        0.9  
[09:19:27] < General >   Log likelihood (N=10692):  -7806.941 Gradient norm:          1  
[09:19:27] < General >   Log likelihood (N=10692):  -7806.942 Gradient norm:          6  
[09:19:28] < General >   Log likelihood (N=10692):   -7806.94 Gradient norm:          2  
[09:19:28] < General >   Log likelihood (N=10692):  -7806.939 Gradient norm:          1  
[09:19:28] < General >   Log likelihood (N=10692):  -7806.938 Gradient norm:          1  
[09:19:28] < General >   Log likelihood (N=10692):  -7806.935 Gradient norm:          2  
[09:19:28] < General >   Log likelihood (N=10692):   -7806.93 Gradient norm:          4  
[09:19:28] < General >   Log likelihood (N=10692):  -7806.924 Gradient norm:          3  
[09:19:28] < General >   Log likelihood (N=10692):  -7806.918 Gradient norm:          3  
[09:19:28] < General >   Log likelihood (N=10692):  -7806.909 Gradient norm:          4  
[09:19:28] < General >   Log likelihood (N=10692):  -7806.904 Gradient norm:          3  
[09:19:28] < General >   Log likelihood (N=10692):  -7806.897 Gradient norm:          3  
[09:19:28] < General >   Log likelihood (N=10692):  -7806.881 Gradient norm:          4  
[09:19:29] < General >   Log likelihood (N=10692):  -7806.863 Gradient norm:          4  
[09:19:29] < General >   Log likelihood (N=10692):  -7806.955 Gradient norm:      4e+01  
[09:19:29] < General >   Log likelihood (N=10692):  -7806.855 Gradient norm:      1e+01  
[09:19:29] < General >   Log likelihood (N=10692):  -7806.836 Gradient norm:          4  
[09:19:29] < General >   Log likelihood (N=10692):  -7806.827 Gradient norm:          4  
[09:19:29] < General >   Log likelihood (N=10692):  -7806.808 Gradient norm:          4  
[09:19:29] < General >   Log likelihood (N=10692):  -7806.792 Gradient norm:          6  
[09:19:29] < General >   Log likelihood (N=10692):  -7806.785 Gradient norm:          9  
[09:19:29] < General >   Log likelihood (N=10692):  -7806.773 Gradient norm:          3  
[09:19:29] < General >   Log likelihood (N=10692):  -7806.767 Gradient norm:          4  
[09:19:29] < General >   Log likelihood (N=10692):  -7806.756 Gradient norm:          6  
[09:19:29] < General >   Log likelihood (N=10692):  -7806.737 Gradient norm:          6  
[09:19:30] < General >   Log likelihood (N=10692):  -7806.721 Gradient norm:          8  
[09:19:30] < General >   Log likelihood (N=10692):  -7806.713 Gradient norm:          8  
[09:19:30] < General >   Log likelihood (N=10692):  -7806.708 Gradient norm:          2  
[09:19:30] < General >   Log likelihood (N=10692):  -7806.707 Gradient norm:          2  
[09:19:30] < General >   Log likelihood (N=10692):  -7806.706 Gradient norm:          2  
[09:19:30] < General >   Log likelihood (N=10692):  -7806.703 Gradient norm:          2  
[09:19:30] < General >   Log likelihood (N=10692):    -7806.7 Gradient norm:          4  
[09:19:30] < General >   Log likelihood (N=10692):  -7806.695 Gradient norm:          2  
[09:19:30] < General >   Log likelihood (N=10692):  -7806.693 Gradient norm:          2  
[09:19:30] < General >   Log likelihood (N=10692):  -7806.695 Gradient norm:          9  
[09:19:30] < General >   Log likelihood (N=10692):  -7806.691 Gradient norm:          4  
[09:19:31] < General >   Log likelihood (N=10692):  -7806.688 Gradient norm:          2  
[09:19:31] < General >   Log likelihood (N=10692):  -7806.686 Gradient norm:          2  
[09:19:31] < General >   Log likelihood (N=10692):  -7806.682 Gradient norm:          2  
[09:19:31] < General >   Log likelihood (N=10692):  -7806.678 Gradient norm:          3  
[09:19:31] < General >   Log likelihood (N=10692):  -7806.677 Gradient norm:          9  
[09:19:31] < General >   Log likelihood (N=10692):  -7806.669 Gradient norm:          2  
[09:19:31] < General >   Log likelihood (N=10692):  -7806.667 Gradient norm:          2  
[09:19:31] < General >   Log likelihood (N=10692):  -7806.659 Gradient norm:          4  
[09:19:31] < General >   Log likelihood (N=10692):  -7806.651 Gradient norm:          5  
[09:19:31] < General >   Log likelihood (N=10692):  -7806.644 Gradient norm:          3  
[09:19:31] < General >   Log likelihood (N=10692):  -7806.639 Gradient norm:          3  
[09:19:32] < General >   Log likelihood (N=10692):  -7806.627 Gradient norm:          5  
[09:19:32] < General >   Log likelihood (N=10692):  -7806.636 Gradient norm:      1e+01  
[09:19:32] < General >   Log likelihood (N=10692):  -7806.622 Gradient norm:          4  
[09:19:32] < General >   Log likelihood (N=10692):  -7806.616 Gradient norm:          2  
[09:19:32] < General >   Log likelihood (N=10692):  -7806.613 Gradient norm:          1  
[09:19:32] < General >   Log likelihood (N=10692):  -7806.611 Gradient norm:          1  
[09:19:32] < General >   Log likelihood (N=10692):  -7806.609 Gradient norm:        0.8  
[09:19:32] < General >   Log likelihood (N=10692):  -7806.615 Gradient norm:      1e+01  
[09:19:32] < General >   Log likelihood (N=10692):  -7806.609 Gradient norm:          2  
[09:19:32] < General >   Log likelihood (N=10692):  -7806.608 Gradient norm:        0.8  
[09:19:32] < General >   Log likelihood (N=10692):  -7806.608 Gradient norm:        0.7  
[09:19:32] < General >   Log likelihood (N=10692):  -7806.608 Gradient norm:        0.7  
[09:19:33] < General >   Log likelihood (N=10692):  -7806.607 Gradient norm:        0.8  
[09:19:33] < General >   Log likelihood (N=10692):  -7806.607 Gradient norm:        0.5  
[09:19:33] < General >   Log likelihood (N=10692):  -7806.607 Gradient norm:        0.5  
[09:19:33] < General >   Log likelihood (N=10692):  -7806.607 Gradient norm:        0.7  
[09:19:33] < General >   Log likelihood (N=10692):  -7806.606 Gradient norm:          1  
[09:19:33] < General >   Log likelihood (N=10692):  -7806.606 Gradient norm:        0.5  
[09:19:33] < General >   Log likelihood (N=10692):  -7806.606 Gradient norm:        0.4  
[09:19:33] < General >   Log likelihood (N=10692):  -7806.606 Gradient norm:        0.4  
[09:19:33] < General >   Log likelihood (N=10692):  -7806.606 Gradient norm:          3  
[09:19:33] < General >   Log likelihood (N=10692):  -7806.606 Gradient norm:        0.9  
[09:19:33] < General >   Log likelihood (N=10692):  -7806.606 Gradient norm:        0.5  
[09:19:34] < General >   Log likelihood (N=10692):  -7806.606 Gradient norm:        0.3  
[09:19:34] < General >   Log likelihood (N=10692):  -7806.606 Gradient norm:        0.4  
[09:19:34] < General >   Log likelihood (N=10692):  -7806.606 Gradient norm:        0.6  
[09:19:34] < General >   Log likelihood (N=10692):  -7806.605 Gradient norm:        0.7  
[09:19:34] < General >   Log likelihood (N=10692):  -7806.606 Gradient norm:          3  
[09:19:34] < General >   Log likelihood (N=10692):  -7806.605 Gradient norm:          1  
[09:19:34] < General >   Log likelihood (N=10692):  -7806.605 Gradient norm:        0.6  
[09:19:34] < General >   Log likelihood (N=10692):  -7806.605 Gradient norm:        0.4  
[09:19:34] < General >   Log likelihood (N=10692):  -7806.605 Gradient norm:        0.6  
[09:19:34] < General >   Log likelihood (N=10692):  -7806.605 Gradient norm:        0.8  
[09:19:34] < General >   Log likelihood (N=10692):  -7806.605 Gradient norm:          1  
[09:19:35] < General >   Log likelihood (N=10692):  -7806.604 Gradient norm:        0.7  
[09:19:35] < General >   Log likelihood (N=10692):  -7806.604 Gradient norm:        0.6  
[09:19:35] < General >   Log likelihood (N=10692):  -7806.604 Gradient norm:        0.6  
[09:19:35] < General >   Log likelihood (N=10692):  -7806.604 Gradient norm:          1  
[09:19:35] < General >   Log likelihood (N=10692):  -7806.603 Gradient norm:        0.7  
[09:19:35] < General >   Log likelihood (N=10692):  -7806.603 Gradient norm:        0.7  
[09:19:35] < General >   Log likelihood (N=10692):  -7806.603 Gradient norm:          1  
[09:19:35] < General >   Log likelihood (N=10692):  -7806.602 Gradient norm:        0.7  
[09:19:35] < General >   Log likelihood (N=10692):  -7806.602 Gradient norm:        0.6  
[09:19:35] < General >   Log likelihood (N=10692):  -7806.602 Gradient norm:        0.8  
[09:19:35] < General >   Log likelihood (N=10692):  -7806.602 Gradient norm:        0.3  
[09:19:36] < General >   Log likelihood (N=10692):  -7806.602 Gradient norm:        0.3  
[09:19:36] < General >   Log likelihood (N=10692):  -7806.602 Gradient norm:        0.4  
[09:19:36] < General >   Log likelihood (N=10692):  -7806.602 Gradient norm:        0.4  
[09:19:36] < General >   Log likelihood (N=10692):  -7806.601 Gradient norm:        0.7  
[09:19:36] < General >   Log likelihood (N=10692):  -7806.601 Gradient norm:        0.3  
[09:19:36] < General >   Log likelihood (N=10692):  -7806.601 Gradient norm:        0.3  
[09:19:36] < General >   Log likelihood (N=10692):  -7806.601 Gradient norm:        0.5  
[09:19:36] < General >   Log likelihood (N=10692):  -7806.601 Gradient norm:        0.2  
[09:19:36] < General >   Log likelihood (N=10692):  -7806.601 Gradient norm:        0.3  
[09:19:36] < General >   Log likelihood (N=10692):  -7806.601 Gradient norm:        0.2  
[09:19:36] < General >   Log likelihood (N=10692):  -7806.601 Gradient norm:        0.2  
[09:19:36] < General >   Log likelihood (N=10692):  -7806.601 Gradient norm:        0.2  
[09:19:37] < General >   Log likelihood (N=10692):  -7806.601 Gradient norm:        0.2  
[09:19:37] < General >   Log likelihood (N=10692):  -7806.601 Gradient norm:        0.2  
[09:19:37] < General >   Log likelihood (N=10692):  -7806.601 Gradient norm:        0.3  
[09:19:37] < General >   Log likelihood (N=10692):  -7806.601 Gradient norm:          3  
[09:19:37] < General >   Log likelihood (N=10692):  -7806.601 Gradient norm:        0.4  
[09:19:37] < General >   Log likelihood (N=10692):  -7806.601 Gradient norm:        0.3  
[09:19:37] < General >   Log likelihood (N=10692):  -7806.601 Gradient norm:        0.3  
[09:19:37] < General >   Log likelihood (N=10692):  -7806.601 Gradient norm:        0.4  
[09:19:37] < General >   Log likelihood (N=10692):  -7806.601 Gradient norm:        0.9  
[09:19:37] < General >   Log likelihood (N=10692):  -7806.601 Gradient norm:        0.3  
[09:19:37] < General >   Log likelihood (N=10692):  -7806.601 Gradient norm:        0.2  
[09:19:38] < General >   Log likelihood (N=10692):    -7806.6 Gradient norm:        0.3  
[09:19:38] < General >   Log likelihood (N=10692):    -7806.6 Gradient norm:        0.4  
[09:19:38] < General >   Log likelihood (N=10692):    -7806.6 Gradient norm:        0.8  
[09:19:38] < General >   Log likelihood (N=10692):    -7806.6 Gradient norm:        0.4  
[09:19:38] < General >   Log likelihood (N=10692):    -7806.6 Gradient norm:        0.3  
[09:19:38] < General >   Log likelihood (N=10692):    -7806.6 Gradient norm:        0.6  
[09:19:38] < General >   Log likelihood (N=10692):    -7806.6 Gradient norm:        0.8  
[09:19:38] < General >   Log likelihood (N=10692):    -7806.6 Gradient norm:        0.5  
[09:19:38] < General >   Log likelihood (N=10692):    -7806.6 Gradient norm:        0.4  
[09:19:38] < General >   Log likelihood (N=10692):    -7806.6 Gradient norm:        0.3  
[09:19:38] < General >   Log likelihood (N=10692):  -7806.599 Gradient norm:        0.9  
[09:19:39] < General >   Log likelihood (N=10692):  -7806.599 Gradient norm:        0.2  
[09:19:39] < General >   Log likelihood (N=10692):  -7806.599 Gradient norm:        0.2  
[09:19:39] < General >   Log likelihood (N=10692):  -7806.599 Gradient norm:        0.2  
[09:19:39] < General >   Log likelihood (N=10692):  -7806.599 Gradient norm:        0.3  
[09:19:39] < General >   Log likelihood (N=10692):  -7806.599 Gradient norm:        0.2  
[09:19:39] < General >   Log likelihood (N=10692):  -7806.599 Gradient norm:        0.1  
[09:19:39] < General >   Log likelihood (N=10692):  -7806.599 Gradient norm:       0.08  
[09:19:39] < General >   Log likelihood (N=10692):  -7806.599 Gradient norm:        0.1  
[09:19:39] < General >   Log likelihood (N=10692):  -7806.599 Gradient norm:       0.09  
[09:19:39] < General >   Log likelihood (N=10692):  -7806.599 Gradient norm:        0.4  
[09:19:39] < General >   Log likelihood (N=10692):  -7806.599 Gradient norm:       0.09  
[09:19:39] < General >   Log likelihood (N=10692):  -7806.599 Gradient norm:       0.05  
[09:19:40] < General >   Log likelihood (N=10692):  -7806.599 Gradient norm:       0.05  
[09:19:40] < General >   Log likelihood (N=10692):  -7806.599 Gradient norm:        0.2  
[09:19:40] < General >   Log likelihood (N=10692):  -7806.599 Gradient norm:       0.07  
[09:19:40] < General >   Log likelihood (N=10692):  -7806.599 Gradient norm:       0.04  
[09:19:40] < General >   Log likelihood (N=10692):  -7806.599 Gradient norm:       0.02  
[09:19:40] < General >   Log likelihood (N=10692):  -7806.599 Gradient norm:       0.02  
[09:19:40] < General >   Log likelihood (N=10692):  -7806.599 Gradient norm:       0.05  
[09:19:40] < General >   Log likelihood (N=10692):  -7806.599 Gradient norm:       0.03  
[09:19:40] < General >   Log likelihood (N=10692):  -7806.599 Gradient norm:       0.02  
[09:19:40] < General >   Log likelihood (N=10692):  -7806.599 Gradient norm:       0.01  
[09:19:40] < General >   Log likelihood (N=10692):  -7806.599 Gradient norm:       0.02  
[09:19:41] < General >   Log likelihood (N=10692):  -7806.599 Gradient norm:       0.04  
[09:19:41] < General >   Log likelihood (N=10692):  -7806.599 Gradient norm:       0.04  
[09:19:41] < General >   Log likelihood (N=10692):  -7806.599 Gradient norm:       0.02  
[09:19:41] < General >   Log likelihood (N=10692):  -7806.599 Gradient norm:       0.02  
[09:19:41] < General >   Log likelihood (N=10692):  -7806.599 Gradient norm:       0.04  
[09:19:41] < General >   Log likelihood (N=10692):  -7806.599 Gradient norm:       0.02  
[09:19:41] < General >   Log likelihood (N=10692):  -7806.599 Gradient norm:       0.02  
[09:19:41] < General >   Log likelihood (N=10692):  -7806.599 Gradient norm:       0.03  
[09:19:41] < General >   Log likelihood (N=10692):  -7806.599 Gradient norm:       0.05  
[09:19:41] < General >   Log likelihood (N=10692):  -7806.599 Gradient norm:       0.06  
[09:19:41] < General >   Log likelihood (N=10692):  -7806.599 Gradient norm:       0.09  
[09:19:42] < General >   Log likelihood (N=10692):  -7806.599 Gradient norm:       0.04  
[09:19:42] < General >   Log likelihood (N=10692):  -7806.599 Gradient norm:       0.02  
[09:19:42] < General >   Log likelihood (N=10692):  -7806.599 Gradient norm:       0.01  
[09:19:42] < General >   Log likelihood (N=10692):  -7806.599 Gradient norm:       0.01  
[09:19:42] < General >   Log likelihood (N=10692):  -7806.599 Gradient norm:       0.03  
[09:19:42] < General >   Log likelihood (N=10692):  -7806.599 Gradient norm:       0.01  
[09:19:42] < General >   Log likelihood (N=10692):  -7806.599 Gradient norm:      0.006  
[09:19:42] < General >   Log likelihood (N=10692):  -7806.599 Gradient norm:      0.006  
[09:19:42] < General >   Log likelihood (N=10692):  -7806.599 Gradient norm:       0.02  
[09:19:42] < General >   Log likelihood (N=10692):  -7806.599 Gradient norm:      0.007  
[09:19:42] < General >   Log likelihood (N=10692):  -7806.599 Gradient norm:      0.004  
[09:19:43] < General >   Log likelihood (N=10692):  -7806.599 Gradient norm:      0.006  
[09:19:43] < General >   Log likelihood (N=10692):  -7806.599 Gradient norm:      0.006  
[09:19:43] < General >   Log likelihood (N=10692):  -7806.599 Gradient norm:      0.005  
[09:19:43] < General >   Log likelihood (N=10692):  -7806.599 Gradient norm:      0.005  
[09:19:43] < General >   Log likelihood (N=10692):  -7806.599 Gradient norm:      0.008  
[09:19:43] < General >   Log likelihood (N=10692):  -7806.599 Gradient norm:       0.01  
[09:19:43] < General >   Log likelihood (N=10692):  -7806.599 Gradient norm:        0.1  
[09:19:43] < General >   Log likelihood (N=10692):  -7806.599 Gradient norm:       0.03  
[09:19:43] < General >   Log likelihood (N=10692):  -7806.599 Gradient norm:       0.02  
[09:19:43] < General >   Log likelihood (N=10692):  -7806.599 Gradient norm:       0.02  
[09:19:43] < General >   Log likelihood (N=10692):  -7806.599 Gradient norm:       0.04  
[09:19:43] < General >   Log likelihood (N=10692):  -7806.599 Gradient norm:       0.04  
[09:19:44] < General >   Log likelihood (N=10692):  -7806.599 Gradient norm:        0.3  
[09:19:44] < General >   Log likelihood (N=10692):  -7806.599 Gradient norm:        0.1  
[09:19:44] < General >   Log likelihood (N=10692):  -7806.599 Gradient norm:       0.06  
[09:19:44] < General >   Log likelihood (N=10692):  -7806.599 Gradient norm:       0.03  
[09:19:44] < General >   Log likelihood (N=10692):  -7806.599 Gradient norm:       0.03  
[09:19:44] < General >   Log likelihood (N=10692):  -7806.599 Gradient norm:       0.06  
[09:19:44] < General >   Log likelihood (N=10692):  -7806.599 Gradient norm:       0.05  
[09:19:44] < General >   Log likelihood (N=10692):  -7806.599 Gradient norm:       0.04  
[09:19:44] < General >   Log likelihood (N=10692):  -7806.599 Gradient norm:       0.08  
[09:19:44] < General >   Log likelihood (N=10692):  -7806.599 Gradient norm:       0.05  
[09:19:44] < General >   Log likelihood (N=10692):  -7806.599 Gradient norm:       0.04  
[09:19:45] < General >   Log likelihood (N=10692):  -7806.599 Gradient norm:       0.03  
[09:19:45] < General >   Log likelihood (N=10692):  -7806.599 Gradient norm:       0.06  
[09:19:45] < General >   Log likelihood (N=10692):  -7806.599 Gradient norm:        0.2  
[09:19:45] < General >   Log likelihood (N=10692):  -7806.599 Gradient norm:       0.06  
[09:19:45] < General >   Log likelihood (N=10692):  -7806.599 Gradient norm:       0.02  
[09:19:45] < General >   Log likelihood (N=10692):  -7806.599 Gradient norm:       0.02  
[09:19:45] < General >   Log likelihood (N=10692):  -7806.599 Gradient norm:       0.02  
[09:19:45] < General >   Log likelihood (N=10692):  -7806.599 Gradient norm:       0.03  
[09:19:45] < General >   Log likelihood (N=10692):  -7806.599 Gradient norm:        0.2  
[09:19:45] < General >   Log likelihood (N=10692):  -7806.599 Gradient norm:       0.04  
[09:19:45] < General >   Log likelihood (N=10692):  -7806.599 Gradient norm:       0.02  
[09:19:46] < General >   Log likelihood (N=10692):  -7806.599 Gradient norm:       0.02  
[09:19:46] < General >   Log likelihood (N=10692):  -7806.599 Gradient norm:       0.03  
[09:19:46] < General >   Log likelihood (N=10692):  -7806.599 Gradient norm:        0.1  
[09:19:46] < General >   Log likelihood (N=10692):  -7806.599 Gradient norm:       0.05  
[09:19:46] < General >   Log likelihood (N=10692):  -7806.599 Gradient norm:       0.03  
[09:19:46] < General >   Log likelihood (N=10692):  -7806.599 Gradient norm:       0.02  
[09:19:46] < General >   Log likelihood (N=10692):  -7806.599 Gradient norm:       0.03  
[09:19:46] < General >   Log likelihood (N=10692):  -7806.599 Gradient norm:       0.02  
[09:19:46] < General >   Log likelihood (N=10692):  -7806.599 Gradient norm:       0.05  
[09:19:46] < General >   Log likelihood (N=10692):  -7806.599 Gradient norm:       0.03  
[09:19:46] < General >   Log likelihood (N=10692):  -7806.599 Gradient norm:       0.03  
[09:19:46] < General >   Log likelihood (N=10692):  -7806.599 Gradient norm:       0.03  
[09:19:47] < General >   Log likelihood (N=10692):  -7806.599 Gradient norm:       0.06  
[09:19:47] < General >   Log likelihood (N=10692):  -7806.599 Gradient norm:       0.05  
[09:19:47] < General >   Log likelihood (N=10692):  -7806.599 Gradient norm:       0.03  
[09:19:47] < General >   Log likelihood (N=10692):  -7806.599 Gradient norm:       0.03  
[09:19:47] < General >   Log likelihood (N=10692):  -7806.599 Gradient norm:       0.03  
[09:19:47] < General >   Log likelihood (N=10692):  -7806.599 Gradient norm:       0.06  
[09:19:47] < General >   Log likelihood (N=10692):  -7806.599 Gradient norm:       0.02  
[09:19:47] < General >   Log likelihood (N=10692):  -7806.599 Gradient norm:       0.02  
[09:19:47] < General >   Log likelihood (N=10692):  -7806.599 Gradient norm:       0.01  
[09:19:47] < General >   Log likelihood (N=10692):  -7806.599 Gradient norm:       0.02  
[09:19:47] < General >   Log likelihood (N=10692):  -7806.599 Gradient norm:       0.04  
[09:19:48] < General >   Log likelihood (N=10692):  -7806.599 Gradient norm:       0.01  
[09:19:48] < General >   Log likelihood (N=10692):  -7806.599 Gradient norm:       0.01  
[09:19:48] < General >   Log likelihood (N=10692):  -7806.599 Gradient norm:      0.007  
[09:19:48] < General >   Log likelihood (N=10692):  -7806.599 Gradient norm:      0.008  
[09:19:48] < General >   Log likelihood (N=10692):  -7806.599 Gradient norm:       0.08  
[09:19:48] < General >   Log likelihood (N=10692):  -7806.599 Gradient norm:      0.006  
[09:19:48] < General >   Log likelihood (N=10692):  -7806.599 Gradient norm:      0.004  
[09:19:48] < General >   Log likelihood (N=10692):  -7806.599 Gradient norm:      0.006  
[09:19:48] < General >   Log likelihood (N=10692):  -7806.599 Gradient norm:       0.03  
[09:19:48] < General >   Log likelihood (N=10692):  -7806.599 Gradient norm:       0.01  
[09:19:48] < General >   Log likelihood (N=10692):  -7806.599 Gradient norm:      0.004  
[09:19:49] < General >   Log likelihood (N=10692):  -7806.599 Gradient norm:      0.004  
[09:19:49] < General >   Log likelihood (N=10692):  -7806.599 Gradient norm:      0.003  
[09:19:49] < General >   Log likelihood (N=10692):  -7806.599 Gradient norm:       0.01  
[09:19:49] < General >   Log likelihood (N=10692):  -7806.599 Gradient norm:      0.004  
[09:19:49] < General >   Log likelihood (N=10692):  -7806.599 Gradient norm:      0.002  
[09:19:50] < General >   Log likelihood (N=10692):  -7806.599 Gradient norm:      0.002 Hessian norm:       1e+04 BHHH norm:       1e+04
[09:19:50] < General >   Results saved in file MNL30.html
[09:19:50] < General >   Results saved in file MNL30.pickle
[09:19:50] < General >   Log file created: MNL30.log
