*** File created 2020-04-28 09:13:35.104453 ***
*** Log file from biogeme 3.2.5 [2020-04-28]
[09:13:33] < General >   Remove 35 unused variables from the database as only 12 are used.
[09:13:33] < General >   Log likelihood (N=10692):  -11071.26
[09:13:33] < General >   Minimize with tol 1e-07
[09:13:33] < General >   Log likelihood (N=10692):  -11071.26 Gradient norm:      6e+03  
[09:13:34] < General >   Log likelihood (N=10692):  -9641.938 Gradient norm:      2e+03  
[09:13:34] < General >   Log likelihood (N=10692):  -9275.251 Gradient norm:      1e+03  
[09:13:34] < General >   Log likelihood (N=10692):  -9081.112 Gradient norm:      9e+02  
[09:13:34] < General >   Log likelihood (N=10692):  -8973.263 Gradient norm:      6e+02  
[09:13:34] < General >   Log likelihood (N=10692):  -8725.307 Gradient norm:      3e+02  
[09:13:34] < General >   Log likelihood (N=10692):  -8634.747 Gradient norm:      3e+02  
[09:13:34] < General >   Log likelihood (N=10692):  -8582.268 Gradient norm:      5e+02  
[09:13:34] < General >   Log likelihood (N=10692):  -8559.453 Gradient norm:      9e+01  
[09:13:34] < General >   Log likelihood (N=10692):  -8557.848 Gradient norm:      8e+01  
[09:13:34] < General >   Log likelihood (N=10692):  -8551.219 Gradient norm:      8e+01  
[09:13:34] < General >   Log likelihood (N=10692):  -8543.713 Gradient norm:      9e+01  
[09:13:34] < General >   Log likelihood (N=10692):  -8535.769 Gradient norm:      7e+01  
[09:13:34] < General >   Log likelihood (N=10692):   -8531.33 Gradient norm:      3e+01  
[09:13:34] < General >   Log likelihood (N=10692):  -8531.235 Gradient norm:      7e+01  
[09:13:34] < General >   Log likelihood (N=10692):  -8530.716 Gradient norm:      2e+01  
[09:13:34] < General >   Log likelihood (N=10692):  -8530.626 Gradient norm:      1e+01  
[09:13:34] < General >   Log likelihood (N=10692):   -8530.54 Gradient norm:          8  
[09:13:34] < General >   Log likelihood (N=10692):  -8530.318 Gradient norm:      2e+01  
[09:13:34] < General >   Log likelihood (N=10692):  -8530.108 Gradient norm:      2e+01  
[09:13:34] < General >   Log likelihood (N=10692):  -8531.274 Gradient norm:      1e+02  
[09:13:34] < General >   Log likelihood (N=10692):  -8530.043 Gradient norm:      3e+01  
[09:13:34] < General >   Log likelihood (N=10692):  -8529.848 Gradient norm:      2e+01  
[09:13:34] < General >   Log likelihood (N=10692):  -8529.623 Gradient norm:      1e+01  
[09:13:34] < General >   Log likelihood (N=10692):  -8529.157 Gradient norm:      2e+01  
[09:13:34] < General >   Log likelihood (N=10692):  -8528.915 Gradient norm:      1e+01  
[09:13:34] < General >   Log likelihood (N=10692):  -8528.855 Gradient norm:          2  
[09:13:34] < General >   Log likelihood (N=10692):  -8528.851 Gradient norm:          3  
[09:13:34] < General >   Log likelihood (N=10692):  -8528.849 Gradient norm:          3  
[09:13:34] < General >   Log likelihood (N=10692):  -8528.848 Gradient norm:          2  
[09:13:34] < General >   Log likelihood (N=10692):  -8528.847 Gradient norm:        0.2  
[09:13:34] < General >   Log likelihood (N=10692):  -8528.847 Gradient norm:        0.2  
[09:13:34] < General >   Log likelihood (N=10692):  -8528.847 Gradient norm:        0.5  
[09:13:34] < General >   Log likelihood (N=10692):  -8528.847 Gradient norm:       0.05  
[09:13:34] < General >   Log likelihood (N=10692):  -8528.847 Gradient norm:       0.05  
[09:13:34] < General >   Log likelihood (N=10692):  -8528.847 Gradient norm:       0.05  
[09:13:34] < General >   Log likelihood (N=10692):  -8528.847 Gradient norm:        0.1  
[09:13:34] < General >   Log likelihood (N=10692):  -8528.847 Gradient norm:       0.04  
[09:13:34] < General >   Log likelihood (N=10692):  -8528.847 Gradient norm:      0.007  
[09:13:34] < General >   Log likelihood (N=10692):  -8528.847 Gradient norm:      0.002  
[09:13:34] < General >   Log likelihood (N=10692):  -8528.847 Gradient norm:      0.002  
[09:13:34] < General >   Log likelihood (N=10692):  -8528.847 Gradient norm:      0.002  
[09:13:34] < General >   Log likelihood (N=10692):  -8528.847 Gradient norm:      0.003  
[09:13:34] < General >   Log likelihood (N=10692):  -8528.847 Gradient norm:      0.001  
[09:13:34] < General >   Log likelihood (N=10692):  -8528.847 Gradient norm:      0.001 Hessian norm:       9e+03 BHHH norm:       9e+03
[09:13:35] < General >   Results saved in file MNL7.html
[09:13:35] < General >   Results saved in file MNL7.pickle
[09:13:35] < General >   Log file created: MNL7.log
