*** File created 2020-04-28 09:17:05.227048 ***
*** Log file from biogeme 3.2.5 [2020-04-28]
[09:16:27] < General >   Remove 24 unused variables from the database as only 23 are used.
[09:16:28] < General >   Log likelihood (N=10692):  -11071.26
[09:16:28] < General >   Minimize with tol 1e-07
[09:16:28] < General >   Log likelihood (N=10692):  -11071.26 Gradient norm:      7e+03  
[09:16:28] < General >   Log likelihood (N=10692):  -9340.313 Gradient norm:      2e+03  
[09:16:28] < General >   Log likelihood (N=10692):   -9173.24 Gradient norm:      1e+03  
[09:16:28] < General >   Log likelihood (N=10692):   -8907.82 Gradient norm:      1e+03  
[09:16:29] < General >   Log likelihood (N=10692):  -8675.831 Gradient norm:      1e+03  
[09:16:29] < General >   Log likelihood (N=10692):  -8231.474 Gradient norm:      7e+02  
[09:16:29] < General >   Log likelihood (N=10692):  -8094.481 Gradient norm:      5e+02  
[09:16:29] < General >   Log likelihood (N=10692):  -8063.789 Gradient norm:      1e+03  
[09:16:29] < General >   Log likelihood (N=10692):  -8004.872 Gradient norm:      3e+02  
[09:16:30] < General >   Log likelihood (N=10692):  -7992.773 Gradient norm:      2e+02  
[09:16:30] < General >   Log likelihood (N=10692):    -7979.9 Gradient norm:      2e+02  
[09:16:30] < General >   Log likelihood (N=10692):  -7970.125 Gradient norm:      2e+02  
[09:16:30] < General >   Log likelihood (N=10692):  -7958.827 Gradient norm:      1e+02  
[09:16:30] < General >   Log likelihood (N=10692):   -7952.75 Gradient norm:      9e+01  
[09:16:31] < General >   Log likelihood (N=10692):  -7949.206 Gradient norm:      2e+02  
[09:16:31] < General >   Log likelihood (N=10692):  -7944.778 Gradient norm:      8e+01  
[09:16:31] < General >   Log likelihood (N=10692):  -7941.403 Gradient norm:      8e+01  
[09:16:31] < General >   Log likelihood (N=10692):   -7932.55 Gradient norm:      1e+02  
[09:16:31] < General >   Log likelihood (N=10692):  -7927.237 Gradient norm:      9e+01  
[09:16:31] < General >   Log likelihood (N=10692):  -7922.498 Gradient norm:      1e+02  
[09:16:31] < General >   Log likelihood (N=10692):  -7920.937 Gradient norm:      2e+02  
[09:16:32] < General >   Log likelihood (N=10692):  -7918.641 Gradient norm:      1e+02  
[09:16:32] < General >   Log likelihood (N=10692):  -7916.591 Gradient norm:      9e+01  
[09:16:32] < General >   Log likelihood (N=10692):  -7914.807 Gradient norm:      1e+02  
[09:16:32] < General >   Log likelihood (N=10692):   -7912.13 Gradient norm:      1e+02  
[09:16:32] < General >   Log likelihood (N=10692):  -7904.843 Gradient norm:      1e+02  
[09:16:32] < General >   Log likelihood (N=10692):  -7905.778 Gradient norm:      4e+02  
[09:16:33] < General >   Log likelihood (N=10692):  -7901.174 Gradient norm:      2e+02  
[09:16:33] < General >   Log likelihood (N=10692):  -7893.713 Gradient norm:      1e+02  
[09:16:33] < General >   Log likelihood (N=10692):   -7888.61 Gradient norm:      9e+01  
[09:16:33] < General >   Log likelihood (N=10692):  -7882.691 Gradient norm:      9e+01  
[09:16:33] < General >   Log likelihood (N=10692):  -7878.424 Gradient norm:      8e+01  
[09:16:33] < General >   Log likelihood (N=10692):  -7877.099 Gradient norm:      9e+01  
[09:16:33] < General >   Log likelihood (N=10692):  -7876.106 Gradient norm:      5e+01  
[09:16:34] < General >   Log likelihood (N=10692):  -7875.906 Gradient norm:      5e+01  
[09:16:34] < General >   Log likelihood (N=10692):  -7875.674 Gradient norm:      5e+01  
[09:16:34] < General >   Log likelihood (N=10692):  -7875.547 Gradient norm:      6e+01  
[09:16:34] < General >   Log likelihood (N=10692):  -7875.473 Gradient norm:      5e+01  
[09:16:34] < General >   Log likelihood (N=10692):  -7875.448 Gradient norm:      4e+01  
[09:16:34] < General >   Log likelihood (N=10692):  -7875.426 Gradient norm:      4e+01  
[09:16:35] < General >   Log likelihood (N=10692):  -7875.394 Gradient norm:      4e+01  
[09:16:35] < General >   Log likelihood (N=10692):  -7875.442 Gradient norm:      5e+01  
[09:16:35] < General >   Log likelihood (N=10692):  -7875.385 Gradient norm:      4e+01  
[09:16:35] < General >   Log likelihood (N=10692):  -7875.367 Gradient norm:      4e+01  
[09:16:35] < General >   Log likelihood (N=10692):  -7875.359 Gradient norm:      4e+01  
[09:16:35] < General >   Log likelihood (N=10692):  -7875.353 Gradient norm:      4e+01  
[09:16:36] < General >   Log likelihood (N=10692):  -7875.349 Gradient norm:      4e+01  
[09:16:36] < General >   Log likelihood (N=10692):  -7875.354 Gradient norm:      4e+01  
[09:16:36] < General >   Log likelihood (N=10692):  -7875.347 Gradient norm:      4e+01  
[09:16:36] < General >   Log likelihood (N=10692):  -7875.342 Gradient norm:      4e+01  
[09:16:36] < General >   Log likelihood (N=10692):   -7875.34 Gradient norm:      4e+01  
[09:16:36] < General >   Log likelihood (N=10692):  -7875.336 Gradient norm:      4e+01  
[09:16:36] < General >   Log likelihood (N=10692):  -7875.334 Gradient norm:      4e+01  
[09:16:37] < General >   Log likelihood (N=10692):  -7875.332 Gradient norm:      4e+01  
[09:16:37] < General >   Log likelihood (N=10692):   -7875.33 Gradient norm:      4e+01  
[09:16:37] < General >   Log likelihood (N=10692):  -7875.329 Gradient norm:      4e+01  
[09:16:37] < General >   Log likelihood (N=10692):  -7875.326 Gradient norm:      4e+01  
[09:16:37] < General >   Log likelihood (N=10692):  -7875.321 Gradient norm:      4e+01  
[09:16:37] < General >   Log likelihood (N=10692):  -7875.322 Gradient norm:      4e+01  
[09:16:38] < General >   Log likelihood (N=10692):  -7875.318 Gradient norm:      4e+01  
[09:16:38] < General >   Log likelihood (N=10692):  -7875.316 Gradient norm:      4e+01  
[09:16:38] < General >   Log likelihood (N=10692):  -7875.312 Gradient norm:      4e+01  
[09:16:38] < General >   Log likelihood (N=10692):  -7875.309 Gradient norm:      4e+01  
[09:16:38] < General >   Log likelihood (N=10692):  -7875.305 Gradient norm:      4e+01  
[09:16:38] < General >   Log likelihood (N=10692):    -7875.3 Gradient norm:      4e+01  
[09:16:38] < General >   Log likelihood (N=10692):  -7875.295 Gradient norm:      4e+01  
[09:16:39] < General >   Log likelihood (N=10692):  -7875.291 Gradient norm:      4e+01  
[09:16:39] < General >   Log likelihood (N=10692):  -7875.276 Gradient norm:      4e+01  
[09:16:39] < General >   Log likelihood (N=10692):   -7875.26 Gradient norm:      4e+01  
[09:16:39] < General >   Log likelihood (N=10692):  -7875.246 Gradient norm:      4e+01  
[09:16:39] < General >   Log likelihood (N=10692):  -7875.233 Gradient norm:      4e+01  
[09:16:39] < General >   Log likelihood (N=10692):  -7875.219 Gradient norm:      4e+01  
[09:16:40] < General >   Log likelihood (N=10692):  -7875.214 Gradient norm:      4e+01  
[09:16:40] < General >   Log likelihood (N=10692):  -7875.199 Gradient norm:      4e+01  
[09:16:40] < General >   Log likelihood (N=10692):  -7875.194 Gradient norm:      4e+01  
[09:16:40] < General >   Log likelihood (N=10692):   -7875.19 Gradient norm:      4e+01  
[09:16:40] < General >   Log likelihood (N=10692):  -7875.185 Gradient norm:      4e+01  
[09:16:40] < General >   Log likelihood (N=10692):   -7875.21 Gradient norm:      4e+01  
[09:16:41] < General >   Log likelihood (N=10692):  -7875.182 Gradient norm:      3e+01  
[09:16:41] < General >   Log likelihood (N=10692):  -7875.176 Gradient norm:      4e+01  
[09:16:41] < General >   Log likelihood (N=10692):  -7875.172 Gradient norm:      4e+01  
[09:16:41] < General >   Log likelihood (N=10692):  -7875.169 Gradient norm:      4e+01  
[09:16:41] < General >   Log likelihood (N=10692):  -7875.164 Gradient norm:      4e+01  
[09:16:41] < General >   Log likelihood (N=10692):  -7875.153 Gradient norm:      4e+01  
[09:16:41] < General >   Log likelihood (N=10692):  -7875.141 Gradient norm:      4e+01  
[09:16:42] < General >   Log likelihood (N=10692):  -7875.128 Gradient norm:      4e+01  
[09:16:42] < General >   Log likelihood (N=10692):  -7875.109 Gradient norm:      4e+01  
[09:16:42] < General >   Log likelihood (N=10692):  -7875.096 Gradient norm:      4e+01  
[09:16:42] < General >   Log likelihood (N=10692):  -7875.083 Gradient norm:      4e+01  
[09:16:42] < General >   Log likelihood (N=10692):  -7875.045 Gradient norm:      4e+01  
[09:16:42] < General >   Log likelihood (N=10692):  -7875.041 Gradient norm:      4e+01  
[09:16:43] < General >   Log likelihood (N=10692):  -7875.034 Gradient norm:      4e+01  
[09:16:43] < General >   Log likelihood (N=10692):  -7875.028 Gradient norm:      4e+01  
[09:16:43] < General >   Log likelihood (N=10692):  -7875.021 Gradient norm:      4e+01  
[09:16:43] < General >   Log likelihood (N=10692):  -7875.013 Gradient norm:      4e+01  
[09:16:43] < General >   Log likelihood (N=10692):  -7875.008 Gradient norm:      4e+01  
[09:16:43] < General >   Log likelihood (N=10692):  -7875.002 Gradient norm:      4e+01  
[09:16:43] < General >   Log likelihood (N=10692):  -7874.999 Gradient norm:      4e+01  
[09:16:44] < General >   Log likelihood (N=10692):  -7874.994 Gradient norm:      4e+01  
[09:16:44] < General >   Log likelihood (N=10692):  -7874.995 Gradient norm:      4e+01  
[09:16:44] < General >   Log likelihood (N=10692):  -7874.994 Gradient norm:      4e+01  
[09:16:44] < General >   Log likelihood (N=10692):  -7874.993 Gradient norm:      4e+01  
[09:16:44] < General >   Log likelihood (N=10692):  -7874.992 Gradient norm:      4e+01  
[09:16:44] < General >   Log likelihood (N=10692):  -7874.992 Gradient norm:      4e+01  
[09:16:45] < General >   Log likelihood (N=10692):  -7874.991 Gradient norm:      4e+01  
[09:16:45] < General >   Log likelihood (N=10692):  -7874.996 Gradient norm:      4e+01  
[09:16:45] < General >   Log likelihood (N=10692):  -7874.991 Gradient norm:      4e+01  
[09:16:45] < General >   Log likelihood (N=10692):   -7874.99 Gradient norm:      4e+01  
[09:16:45] < General >   Log likelihood (N=10692):   -7874.99 Gradient norm:      4e+01  
[09:16:45] < General >   Log likelihood (N=10692):   -7874.99 Gradient norm:      4e+01  
[09:16:45] < General >   Log likelihood (N=10692):   -7874.99 Gradient norm:      4e+01  
[09:16:46] < General >   Log likelihood (N=10692):   -7874.99 Gradient norm:      4e+01  
[09:16:46] < General >   Log likelihood (N=10692):   -7874.99 Gradient norm:      4e+01  
[09:16:46] < General >   Log likelihood (N=10692):  -7874.989 Gradient norm:      4e+01  
[09:16:46] < General >   Log likelihood (N=10692):  -7874.989 Gradient norm:      4e+01  
[09:16:46] < General >   Log likelihood (N=10692):  -7874.989 Gradient norm:      4e+01  
[09:16:46] < General >   Log likelihood (N=10692):  -7874.988 Gradient norm:      4e+01  
[09:16:47] < General >   Log likelihood (N=10692):  -7874.988 Gradient norm:      4e+01  
[09:16:47] < General >   Log likelihood (N=10692):  -7874.987 Gradient norm:      4e+01  
[09:16:47] < General >   Log likelihood (N=10692):  -7874.985 Gradient norm:      4e+01  
[09:16:47] < General >   Log likelihood (N=10692):  -7874.984 Gradient norm:      4e+01  
[09:16:47] < General >   Log likelihood (N=10692):  -7874.983 Gradient norm:      4e+01  
[09:16:47] < General >   Log likelihood (N=10692):  -7874.982 Gradient norm:      4e+01  
[09:16:48] < General >   Log likelihood (N=10692):  -7874.982 Gradient norm:      4e+01  
[09:16:48] < General >   Log likelihood (N=10692):  -7874.981 Gradient norm:      4e+01  
[09:16:48] < General >   Log likelihood (N=10692):  -7874.981 Gradient norm:      4e+01  
[09:16:48] < General >   Log likelihood (N=10692):   -7874.98 Gradient norm:      4e+01  
[09:16:48] < General >   Log likelihood (N=10692):   -7874.98 Gradient norm:      4e+01  
[09:16:48] < General >   Log likelihood (N=10692):   -7874.98 Gradient norm:      4e+01  
[09:16:48] < General >   Log likelihood (N=10692):  -7874.979 Gradient norm:      4e+01  
[09:16:49] < General >   Log likelihood (N=10692):  -7874.979 Gradient norm:      4e+01  
[09:16:49] < General >   Log likelihood (N=10692):  -7874.979 Gradient norm:      4e+01  
[09:16:49] < General >   Log likelihood (N=10692):  -7874.979 Gradient norm:      4e+01  
[09:16:49] < General >   Log likelihood (N=10692):  -7874.978 Gradient norm:      4e+01  
[09:16:49] < General >   Log likelihood (N=10692):  -7874.978 Gradient norm:      4e+01  
[09:16:49] < General >   Log likelihood (N=10692):  -7874.978 Gradient norm:      4e+01  
[09:16:50] < General >   Log likelihood (N=10692):  -7874.978 Gradient norm:      4e+01  
[09:16:50] < General >   Log likelihood (N=10692):  -7874.978 Gradient norm:      4e+01  
[09:16:50] < General >   Log likelihood (N=10692):  -7874.978 Gradient norm:      4e+01  
[09:16:50] < General >   Log likelihood (N=10692):  -7874.978 Gradient norm:      4e+01  
[09:16:50] < General >   Log likelihood (N=10692):  -7874.978 Gradient norm:      4e+01  
[09:16:50] < General >   Log likelihood (N=10692):  -7874.978 Gradient norm:      4e+01  
[09:16:50] < General >   Log likelihood (N=10692):  -7874.978 Gradient norm:      4e+01  
[09:16:51] < General >   Log likelihood (N=10692):  -7874.978 Gradient norm:      4e+01  
[09:16:51] < General >   Log likelihood (N=10692):  -7874.978 Gradient norm:      4e+01  
[09:16:51] < General >   Log likelihood (N=10692):  -7874.978 Gradient norm:      4e+01  
[09:16:51] < General >   Log likelihood (N=10692):  -7874.978 Gradient norm:      4e+01  
[09:16:51] < General >   Log likelihood (N=10692):  -7874.978 Gradient norm:      4e+01  
[09:16:51] < General >   Log likelihood (N=10692):  -7874.978 Gradient norm:      4e+01  
[09:16:52] < General >   Log likelihood (N=10692):  -7874.978 Gradient norm:      4e+01  
[09:16:52] < General >   Log likelihood (N=10692):  -7874.978 Gradient norm:      4e+01  
[09:16:52] < General >   Log likelihood (N=10692):  -7874.978 Gradient norm:      4e+01  
[09:16:52] < General >   Log likelihood (N=10692):  -7874.978 Gradient norm:      4e+01  
[09:16:52] < General >   Log likelihood (N=10692):  -7874.978 Gradient norm:      4e+01  
[09:16:52] < General >   Log likelihood (N=10692):  -7874.978 Gradient norm:      4e+01  
[09:16:52] < General >   Log likelihood (N=10692):  -7874.978 Gradient norm:      4e+01  
[09:16:53] < General >   Log likelihood (N=10692):  -7874.978 Gradient norm:      4e+01  
[09:16:53] < General >   Log likelihood (N=10692):  -7874.978 Gradient norm:      4e+01  
[09:16:53] < General >   Log likelihood (N=10692):  -7874.978 Gradient norm:      4e+01  
[09:16:53] < General >   Log likelihood (N=10692):  -7874.978 Gradient norm:      4e+01  
[09:16:53] < General >   Log likelihood (N=10692):  -7874.978 Gradient norm:      4e+01  
[09:16:53] < General >   Log likelihood (N=10692):  -7874.978 Gradient norm:      4e+01  
[09:16:54] < General >   Log likelihood (N=10692):  -7874.978 Gradient norm:      4e+01  
[09:16:54] < General >   Log likelihood (N=10692):  -7874.978 Gradient norm:      4e+01  
[09:16:54] < General >   Log likelihood (N=10692):  -7874.978 Gradient norm:      4e+01  
[09:16:54] < General >   Log likelihood (N=10692):  -7874.978 Gradient norm:      4e+01  
[09:16:54] < General >   Log likelihood (N=10692):  -7874.978 Gradient norm:      4e+01  
[09:16:54] < General >   Log likelihood (N=10692):  -7874.978 Gradient norm:      4e+01  
[09:16:55] < General >   Log likelihood (N=10692):  -7874.978 Gradient norm:      4e+01  
[09:16:55] < General >   Log likelihood (N=10692):  -7874.978 Gradient norm:      4e+01  
[09:16:55] < General >   Log likelihood (N=10692):  -7874.978 Gradient norm:      4e+01  
[09:16:55] < General >   Log likelihood (N=10692):  -7874.978 Gradient norm:      4e+01  
[09:16:55] < General >   Log likelihood (N=10692):  -7874.978 Gradient norm:      4e+01  
[09:16:55] < General >   Log likelihood (N=10692):  -7874.978 Gradient norm:      4e+01  
[09:16:55] < General >   Log likelihood (N=10692):  -7874.978 Gradient norm:      4e+01  
[09:16:56] < General >   Log likelihood (N=10692):  -7874.978 Gradient norm:      4e+01  
[09:16:56] < General >   Log likelihood (N=10692):  -7874.978 Gradient norm:      4e+01  
[09:16:56] < General >   Log likelihood (N=10692):  -7874.978 Gradient norm:      4e+01  
[09:16:56] < General >   Log likelihood (N=10692):  -7874.978 Gradient norm:      4e+01  
[09:16:56] < General >   Log likelihood (N=10692):  -7874.978 Gradient norm:      4e+01  
[09:16:56] < General >   Log likelihood (N=10692):  -7874.978 Gradient norm:      4e+01  
[09:16:57] < General >   Log likelihood (N=10692):  -7874.978 Gradient norm:      4e+01  
[09:16:57] < General >   Log likelihood (N=10692):  -7874.978 Gradient norm:      4e+01  
[09:16:57] < General >   Log likelihood (N=10692):  -7874.978 Gradient norm:      4e+01  
[09:16:57] < General >   Log likelihood (N=10692):  -7874.978 Gradient norm:      4e+01  
[09:16:57] < General >   Log likelihood (N=10692):  -7874.978 Gradient norm:      4e+01  
[09:16:57] < General >   Log likelihood (N=10692):  -7874.978 Gradient norm:      4e+01  
[09:16:57] < General >   Log likelihood (N=10692):  -7874.978 Gradient norm:      4e+01  
[09:16:58] < General >   Log likelihood (N=10692):  -7874.978 Gradient norm:      4e+01  
[09:16:58] < General >   Log likelihood (N=10692):  -7874.978 Gradient norm:      4e+01  
[09:16:58] < General >   Log likelihood (N=10692):  -7874.978 Gradient norm:      4e+01  
[09:16:58] < General >   Log likelihood (N=10692):  -7874.978 Gradient norm:      4e+01  
[09:16:58] < General >   Log likelihood (N=10692):  -7874.978 Gradient norm:      4e+01  
[09:16:58] < General >   Log likelihood (N=10692):  -7874.978 Gradient norm:      4e+01  
[09:16:59] < General >   Log likelihood (N=10692):  -7874.978 Gradient norm:      4e+01  
[09:16:59] < General >   Log likelihood (N=10692):  -7874.978 Gradient norm:      4e+01  
[09:16:59] < General >   Log likelihood (N=10692):  -7874.978 Gradient norm:      4e+01  
[09:16:59] < General >   Log likelihood (N=10692):  -7874.978 Gradient norm:      4e+01  
[09:16:59] < General >   Log likelihood (N=10692):  -7874.978 Gradient norm:      4e+01  
[09:16:59] < General >   Log likelihood (N=10692):  -7874.978 Gradient norm:      4e+01  
[09:16:59] < General >   Log likelihood (N=10692):  -7874.978 Gradient norm:      4e+01  
[09:17:00] < General >   Log likelihood (N=10692):  -7874.978 Gradient norm:      4e+01  
[09:17:00] < General >   Log likelihood (N=10692):  -7874.978 Gradient norm:      4e+01  
[09:17:00] < General >   Log likelihood (N=10692):  -7874.978 Gradient norm:      4e+01  
[09:17:00] < General >   Log likelihood (N=10692):  -7874.978 Gradient norm:      4e+01  
[09:17:00] < General >   Log likelihood (N=10692):  -7874.978 Gradient norm:      4e+01  
[09:17:00] < General >   Log likelihood (N=10692):  -7874.978 Gradient norm:      4e+01  
[09:17:01] < General >   Log likelihood (N=10692):  -7874.978 Gradient norm:      4e+01  
[09:17:01] < General >   Log likelihood (N=10692):  -7874.978 Gradient norm:      4e+01  
[09:17:01] < General >   Log likelihood (N=10692):  -7874.978 Gradient norm:      4e+01  
[09:17:04] < General >   Log likelihood (N=10692):  -7874.978 Gradient norm:      4e+01 Hessian norm:       1e+04 BHHH norm:       1e+04
[09:17:05] < General >   Results saved in file NL1.html
[09:17:05] < General >   Results saved in file NL1.pickle
[09:17:05] < General >   Log file created: NL1.log
