*** File created 2020-04-28 09:18:39.773964 ***
*** Log file from biogeme 3.2.5 [2020-04-28]
[09:17:05] < General >   Remove 24 unused variables from the database as only 23 are used.
[09:17:05] < General >   Log likelihood (N=10692):  -11071.26
[09:17:05] < General >   Minimize with tol 1e-07
[09:17:05] < General >   Log likelihood (N=10692):  -11071.26 Gradient norm:      7e+03  
[09:17:05] < General >   Log likelihood (N=10692):  -9244.519 Gradient norm:      1e+03  
[09:17:06] < General >   Log likelihood (N=10692):  -9108.241 Gradient norm:      1e+03  
[09:17:06] < General >   Log likelihood (N=10692):  -8814.276 Gradient norm:      9e+02  
[09:17:06] < General >   Log likelihood (N=10692):   -8576.59 Gradient norm:      9e+02  
[09:17:06] < General >   Log likelihood (N=10692):  -8295.292 Gradient norm:      1e+03  
[09:17:07] < General >   Log likelihood (N=10692):  -8165.199 Gradient norm:      7e+02  
[09:17:07] < General >   Log likelihood (N=10692):  -8107.713 Gradient norm:      4e+02  
[09:17:07] < General >   Log likelihood (N=10692):  -8050.932 Gradient norm:      3e+02  
[09:17:07] < General >   Log likelihood (N=10692):  -8012.081 Gradient norm:      4e+02  
[09:17:08] < General >   Log likelihood (N=10692):  -7963.099 Gradient norm:      3e+02  
[09:17:08] < General >   Log likelihood (N=10692):  -7936.841 Gradient norm:      1e+02  
[09:17:08] < General >   Log likelihood (N=10692):  -7928.915 Gradient norm:      7e+01  
[09:17:08] < General >   Log likelihood (N=10692):  -7925.528 Gradient norm:      9e+01  
[09:17:09] < General >   Log likelihood (N=10692):  -7920.575 Gradient norm:      7e+01  
[09:17:09] < General >   Log likelihood (N=10692):  -7914.328 Gradient norm:      9e+01  
[09:17:09] < General >   Log likelihood (N=10692):  -7932.868 Gradient norm:      5e+02  
[09:17:09] < General >   Log likelihood (N=10692):  -7911.396 Gradient norm:      9e+01  
[09:17:10] < General >   Log likelihood (N=10692):  -7907.534 Gradient norm:      5e+01  
[09:17:10] < General >   Log likelihood (N=10692):  -7904.661 Gradient norm:      7e+01  
[09:17:10] < General >   Log likelihood (N=10692):  -7902.618 Gradient norm:      1e+02  
[09:17:10] < General >   Log likelihood (N=10692):  -7900.395 Gradient norm:      5e+01  
[09:17:11] < General >   Log likelihood (N=10692):   -7897.56 Gradient norm:      6e+01  
[09:17:11] < General >   Log likelihood (N=10692):  -7895.504 Gradient norm:      6e+01  
[09:17:11] < General >   Log likelihood (N=10692):  -7889.688 Gradient norm:      1e+02  
[09:17:11] < General >   Log likelihood (N=10692):  -7887.177 Gradient norm:      2e+02  
[09:17:12] < General >   Log likelihood (N=10692):  -7881.902 Gradient norm:      5e+01  
[09:17:12] < General >   Log likelihood (N=10692):   -7880.38 Gradient norm:      5e+01  
[09:17:12] < General >   Log likelihood (N=10692):  -7877.711 Gradient norm:      8e+01  
[09:17:12] < General >   Log likelihood (N=10692):  -7873.024 Gradient norm:      9e+01  
[09:17:13] < General >   Log likelihood (N=10692):  -7874.434 Gradient norm:      3e+02  
[09:17:13] < General >   Log likelihood (N=10692):  -7869.948 Gradient norm:      2e+02  
[09:17:13] < General >   Log likelihood (N=10692):  -7865.426 Gradient norm:      8e+01  
[09:17:13] < General >   Log likelihood (N=10692):  -7861.325 Gradient norm:      6e+01  
[09:17:14] < General >   Log likelihood (N=10692):   -7859.44 Gradient norm:      6e+01  
[09:17:14] < General >   Log likelihood (N=10692):  -7855.035 Gradient norm:      8e+01  
[09:17:14] < General >   Log likelihood (N=10692):  -7855.967 Gradient norm:      2e+02  
[09:17:14] < General >   Log likelihood (N=10692):  -7853.204 Gradient norm:      6e+01  
[09:17:15] < General >   Log likelihood (N=10692):  -7852.441 Gradient norm:      3e+01  
[09:17:15] < General >   Log likelihood (N=10692):  -7851.744 Gradient norm:      3e+01  
[09:17:15] < General >   Log likelihood (N=10692):  -7851.319 Gradient norm:      2e+01  
[09:17:15] < General >   Log likelihood (N=10692):  -7851.011 Gradient norm:      6e+01  
[09:17:15] < General >   Log likelihood (N=10692):  -7850.522 Gradient norm:      2e+01  
[09:17:16] < General >   Log likelihood (N=10692):  -7850.371 Gradient norm:      2e+01  
[09:17:16] < General >   Log likelihood (N=10692):  -7850.241 Gradient norm:      2e+01  
[09:17:16] < General >   Log likelihood (N=10692):  -7849.973 Gradient norm:      2e+01  
[09:17:16] < General >   Log likelihood (N=10692):  -7849.681 Gradient norm:      2e+01  
[09:17:17] < General >   Log likelihood (N=10692):  -7849.524 Gradient norm:      1e+01  
[09:17:17] < General >   Log likelihood (N=10692):  -7849.476 Gradient norm:          5  
[09:17:17] < General >   Log likelihood (N=10692):  -7849.456 Gradient norm:          6  
[09:17:17] < General >   Log likelihood (N=10692):  -7849.434 Gradient norm:          7  
[09:17:18] < General >   Log likelihood (N=10692):  -7849.425 Gradient norm:          9  
[09:17:18] < General >   Log likelihood (N=10692):  -7849.406 Gradient norm:          3  
[09:17:18] < General >   Log likelihood (N=10692):    -7849.4 Gradient norm:          3  
[09:17:18] < General >   Log likelihood (N=10692):   -7849.39 Gradient norm:          3  
[09:17:19] < General >   Log likelihood (N=10692):  -7849.381 Gradient norm:          4  
[09:17:19] < General >   Log likelihood (N=10692):  -7849.389 Gradient norm:      1e+01  
[09:17:19] < General >   Log likelihood (N=10692):  -7849.376 Gradient norm:          2  
[09:17:19] < General >   Log likelihood (N=10692):  -7849.374 Gradient norm:          1  
[09:17:20] < General >   Log likelihood (N=10692):  -7849.372 Gradient norm:          2  
[09:17:20] < General >   Log likelihood (N=10692):  -7849.369 Gradient norm:          3  
[09:17:20] < General >   Log likelihood (N=10692):  -7849.366 Gradient norm:          2  
[09:17:20] < General >   Log likelihood (N=10692):  -7849.363 Gradient norm:          2  
[09:17:21] < General >   Log likelihood (N=10692):  -7849.359 Gradient norm:          2  
[09:17:21] < General >   Log likelihood (N=10692):  -7849.353 Gradient norm:          3  
[09:17:21] < General >   Log likelihood (N=10692):   -7849.35 Gradient norm:          4  
[09:17:21] < General >   Log likelihood (N=10692):  -7849.345 Gradient norm:          1  
[09:17:22] < General >   Log likelihood (N=10692):  -7849.343 Gradient norm:          1  
[09:17:22] < General >   Log likelihood (N=10692):  -7849.338 Gradient norm:          2  
[09:17:22] < General >   Log likelihood (N=10692):  -7849.334 Gradient norm:          5  
[09:17:22] < General >   Log likelihood (N=10692):  -7849.327 Gradient norm:          2  
[09:17:23] < General >   Log likelihood (N=10692):  -7849.324 Gradient norm:          2  
[09:17:23] < General >   Log likelihood (N=10692):  -7849.315 Gradient norm:          5  
[09:17:23] < General >   Log likelihood (N=10692):  -7849.303 Gradient norm:          3  
[09:17:23] < General >   Log likelihood (N=10692):  -7849.289 Gradient norm:          3  
[09:17:24] < General >   Log likelihood (N=10692):  -7849.254 Gradient norm:          3  
[09:17:24] < General >   Log likelihood (N=10692):   -7849.21 Gradient norm:          5  
[09:17:24] < General >   Log likelihood (N=10692):   -7849.27 Gradient norm:      3e+01  
[09:17:24] < General >   Log likelihood (N=10692):  -7849.193 Gradient norm:          7  
[09:17:25] < General >   Log likelihood (N=10692):  -7849.165 Gradient norm:          4  
[09:17:25] < General >   Log likelihood (N=10692):  -7849.149 Gradient norm:          3  
[09:17:25] < General >   Log likelihood (N=10692):  -7849.124 Gradient norm:          3  
[09:17:25] < General >   Log likelihood (N=10692):  -7849.095 Gradient norm:          4  
[09:17:26] < General >   Log likelihood (N=10692):  -7849.606 Gradient norm:      7e+01  
[09:17:26] < General >   Log likelihood (N=10692):  -7849.093 Gradient norm:          4  
[09:17:26] < General >   Log likelihood (N=10692):  -7849.081 Gradient norm:          2  
[09:17:26] < General >   Log likelihood (N=10692):  -7849.076 Gradient norm:          1  
[09:17:27] < General >   Log likelihood (N=10692):  -7849.072 Gradient norm:          3  
[09:17:27] < General >   Log likelihood (N=10692):  -7849.078 Gradient norm:          8  
[09:17:27] < General >   Log likelihood (N=10692):   -7849.07 Gradient norm:          1  
[09:17:27] < General >   Log likelihood (N=10692):  -7849.069 Gradient norm:          1  
[09:17:28] < General >   Log likelihood (N=10692):  -7849.067 Gradient norm:        0.7  
[09:17:28] < General >   Log likelihood (N=10692):  -7849.066 Gradient norm:          2  
[09:17:28] < General >   Log likelihood (N=10692):  -7849.065 Gradient norm:          2  
[09:17:28] < General >   Log likelihood (N=10692):  -7849.062 Gradient norm:          1  
[09:17:29] < General >   Log likelihood (N=10692):  -7849.059 Gradient norm:          2  
[09:17:29] < General >   Log likelihood (N=10692):  -7849.054 Gradient norm:          2  
[09:17:29] < General >   Log likelihood (N=10692):  -7849.069 Gradient norm:      1e+01  
[09:17:29] < General >   Log likelihood (N=10692):  -7849.052 Gradient norm:          4  
[09:17:30] < General >   Log likelihood (N=10692):  -7849.046 Gradient norm:          2  
[09:17:30] < General >   Log likelihood (N=10692):  -7849.042 Gradient norm:          2  
[09:17:30] < General >   Log likelihood (N=10692):  -7849.037 Gradient norm:          2  
[09:17:30] < General >   Log likelihood (N=10692):  -7849.032 Gradient norm:          5  
[09:17:31] < General >   Log likelihood (N=10692):  -7849.027 Gradient norm:          2  
[09:17:31] < General >   Log likelihood (N=10692):  -7849.025 Gradient norm:          1  
[09:17:31] < General >   Log likelihood (N=10692):  -7849.023 Gradient norm:          1  
[09:17:31] < General >   Log likelihood (N=10692):  -7849.022 Gradient norm:          1  
[09:17:32] < General >   Log likelihood (N=10692):  -7849.021 Gradient norm:          2  
[09:17:32] < General >   Log likelihood (N=10692):   -7849.02 Gradient norm:        0.7  
[09:17:32] < General >   Log likelihood (N=10692):  -7849.019 Gradient norm:        0.7  
[09:17:32] < General >   Log likelihood (N=10692):  -7849.019 Gradient norm:        0.8  
[09:17:33] < General >   Log likelihood (N=10692):  -7849.019 Gradient norm:          4  
[09:17:33] < General >   Log likelihood (N=10692):  -7849.019 Gradient norm:          2  
[09:17:33] < General >   Log likelihood (N=10692):  -7849.018 Gradient norm:        0.6  
[09:17:33] < General >   Log likelihood (N=10692):  -7849.018 Gradient norm:        0.4  
[09:17:34] < General >   Log likelihood (N=10692):  -7849.017 Gradient norm:        0.5  
[09:17:34] < General >   Log likelihood (N=10692):  -7849.017 Gradient norm:        0.6  
[09:17:34] < General >   Log likelihood (N=10692):  -7849.017 Gradient norm:          2  
[09:17:34] < General >   Log likelihood (N=10692):  -7849.017 Gradient norm:        0.8  
[09:17:35] < General >   Log likelihood (N=10692):  -7849.017 Gradient norm:        0.3  
[09:17:35] < General >   Log likelihood (N=10692):  -7849.017 Gradient norm:        0.3  
[09:17:35] < General >   Log likelihood (N=10692):  -7849.017 Gradient norm:        0.4  
[09:17:35] < General >   Log likelihood (N=10692):  -7849.017 Gradient norm:        0.9  
[09:17:36] < General >   Log likelihood (N=10692):  -7849.016 Gradient norm:        0.3  
[09:17:36] < General >   Log likelihood (N=10692):  -7849.016 Gradient norm:        0.3  
[09:17:36] < General >   Log likelihood (N=10692):  -7849.016 Gradient norm:        0.4  
[09:17:36] < General >   Log likelihood (N=10692):  -7849.017 Gradient norm:          3  
[09:17:37] < General >   Log likelihood (N=10692):  -7849.016 Gradient norm:        0.8  
[09:17:37] < General >   Log likelihood (N=10692):  -7849.016 Gradient norm:        0.6  
[09:17:37] < General >   Log likelihood (N=10692):  -7849.016 Gradient norm:        0.4  
[09:17:37] < General >   Log likelihood (N=10692):  -7849.015 Gradient norm:        0.5  
[09:17:38] < General >   Log likelihood (N=10692):  -7849.015 Gradient norm:          1  
[09:17:38] < General >   Log likelihood (N=10692):  -7849.014 Gradient norm:          1  
[09:17:38] < General >   Log likelihood (N=10692):  -7849.014 Gradient norm:        0.8  
[09:17:38] < General >   Log likelihood (N=10692):  -7849.013 Gradient norm:        0.7  
[09:17:39] < General >   Log likelihood (N=10692):  -7849.012 Gradient norm:          1  
[09:17:39] < General >   Log likelihood (N=10692):  -7849.011 Gradient norm:          2  
[09:17:39] < General >   Log likelihood (N=10692):  -7849.011 Gradient norm:        0.6  
[09:17:39] < General >   Log likelihood (N=10692):   -7849.01 Gradient norm:        0.6  
[09:17:40] < General >   Log likelihood (N=10692):   -7849.01 Gradient norm:        0.5  
[09:17:40] < General >   Log likelihood (N=10692):  -7849.011 Gradient norm:          3  
[09:17:40] < General >   Log likelihood (N=10692):   -7849.01 Gradient norm:          1  
[09:17:40] < General >   Log likelihood (N=10692):   -7849.01 Gradient norm:        0.7  
[09:17:41] < General >   Log likelihood (N=10692):  -7849.009 Gradient norm:        0.5  
[09:17:41] < General >   Log likelihood (N=10692):  -7849.009 Gradient norm:        0.5  
[09:17:41] < General >   Log likelihood (N=10692):  -7849.009 Gradient norm:        0.3  
[09:17:41] < General >   Log likelihood (N=10692):  -7849.009 Gradient norm:          1  
[09:17:41] < General >   Log likelihood (N=10692):  -7849.009 Gradient norm:        0.7  
[09:17:42] < General >   Log likelihood (N=10692):  -7849.008 Gradient norm:        0.2  
[09:17:42] < General >   Log likelihood (N=10692):  -7849.008 Gradient norm:        0.2  
[09:17:42] < General >   Log likelihood (N=10692):  -7849.008 Gradient norm:        0.2  
[09:17:42] < General >   Log likelihood (N=10692):  -7849.008 Gradient norm:        0.8  
[09:17:43] < General >   Log likelihood (N=10692):  -7849.008 Gradient norm:        0.3  
[09:17:43] < General >   Log likelihood (N=10692):  -7849.008 Gradient norm:        0.2  
[09:17:43] < General >   Log likelihood (N=10692):  -7849.008 Gradient norm:        0.2  
[09:17:43] < General >   Log likelihood (N=10692):  -7849.008 Gradient norm:        0.2  
[09:17:44] < General >   Log likelihood (N=10692):  -7849.008 Gradient norm:          2  
[09:17:44] < General >   Log likelihood (N=10692):  -7849.008 Gradient norm:        0.4  
[09:17:44] < General >   Log likelihood (N=10692):  -7849.008 Gradient norm:        0.2  
[09:17:44] < General >   Log likelihood (N=10692):  -7849.008 Gradient norm:        0.2  
[09:17:45] < General >   Log likelihood (N=10692):  -7849.008 Gradient norm:        0.2  
[09:17:45] < General >   Log likelihood (N=10692):  -7849.008 Gradient norm:        0.2  
[09:17:45] < General >   Log likelihood (N=10692):  -7849.008 Gradient norm:          2  
[09:17:45] < General >   Log likelihood (N=10692):  -7849.008 Gradient norm:        0.4  
[09:17:46] < General >   Log likelihood (N=10692):  -7849.008 Gradient norm:        0.2  
[09:17:46] < General >   Log likelihood (N=10692):  -7849.008 Gradient norm:        0.2  
[09:17:46] < General >   Log likelihood (N=10692):  -7849.008 Gradient norm:        0.4  
[09:17:46] < General >   Log likelihood (N=10692):  -7849.008 Gradient norm:        0.3  
[09:17:47] < General >   Log likelihood (N=10692):  -7849.008 Gradient norm:        0.4  
[09:17:47] < General >   Log likelihood (N=10692):  -7849.007 Gradient norm:        0.6  
[09:17:47] < General >   Log likelihood (N=10692):  -7849.007 Gradient norm:          1  
[09:17:47] < General >   Log likelihood (N=10692):  -7849.006 Gradient norm:        0.6  
[09:17:48] < General >   Log likelihood (N=10692):  -7849.006 Gradient norm:        0.5  
[09:17:48] < General >   Log likelihood (N=10692):  -7849.005 Gradient norm:        0.3  
[09:17:48] < General >   Log likelihood (N=10692):  -7849.005 Gradient norm:        0.4  
[09:17:48] < General >   Log likelihood (N=10692):  -7849.005 Gradient norm:          2  
[09:17:49] < General >   Log likelihood (N=10692):  -7849.005 Gradient norm:        0.5  
[09:17:49] < General >   Log likelihood (N=10692):  -7849.005 Gradient norm:        0.2  
[09:17:49] < General >   Log likelihood (N=10692):  -7849.005 Gradient norm:        0.3  
[09:17:49] < General >   Log likelihood (N=10692):  -7849.005 Gradient norm:          1  
[09:17:50] < General >   Log likelihood (N=10692):  -7849.004 Gradient norm:        0.3  
[09:17:50] < General >   Log likelihood (N=10692):  -7849.004 Gradient norm:        0.2  
[09:17:50] < General >   Log likelihood (N=10692):  -7849.004 Gradient norm:        0.2  
[09:17:50] < General >   Log likelihood (N=10692):  -7849.004 Gradient norm:        0.4  
[09:17:51] < General >   Log likelihood (N=10692):  -7849.004 Gradient norm:        0.5  
[09:17:51] < General >   Log likelihood (N=10692):  -7849.004 Gradient norm:        0.3  
[09:17:51] < General >   Log likelihood (N=10692):  -7849.004 Gradient norm:        0.3  
[09:17:51] < General >   Log likelihood (N=10692):  -7849.004 Gradient norm:        0.3  
[09:17:52] < General >   Log likelihood (N=10692):  -7849.004 Gradient norm:          1  
[09:17:52] < General >   Log likelihood (N=10692):  -7849.003 Gradient norm:        0.4  
[09:17:52] < General >   Log likelihood (N=10692):  -7849.003 Gradient norm:        0.3  
[09:17:52] < General >   Log likelihood (N=10692):  -7849.003 Gradient norm:        0.2  
[09:17:53] < General >   Log likelihood (N=10692):  -7849.003 Gradient norm:        0.6  
[09:17:53] < General >   Log likelihood (N=10692):  -7849.003 Gradient norm:        0.9  
[09:17:53] < General >   Log likelihood (N=10692):  -7849.002 Gradient norm:        0.5  
[09:17:53] < General >   Log likelihood (N=10692):  -7849.002 Gradient norm:        0.6  
[09:17:54] < General >   Log likelihood (N=10692):  -7849.002 Gradient norm:        0.7  
[09:17:54] < General >   Log likelihood (N=10692):  -7849.002 Gradient norm:          3  
[09:17:54] < General >   Log likelihood (N=10692):  -7849.001 Gradient norm:          1  
[09:17:54] < General >   Log likelihood (N=10692):  -7849.001 Gradient norm:        0.7  
[09:17:55] < General >   Log likelihood (N=10692):      -7849 Gradient norm:        0.7  
[09:17:55] < General >   Log likelihood (N=10692):      -7849 Gradient norm:        0.8  
[09:17:55] < General >   Log likelihood (N=10692):  -7848.999 Gradient norm:          1  
[09:17:55] < General >   Log likelihood (N=10692):  -7848.998 Gradient norm:          1  
[09:17:56] < General >   Log likelihood (N=10692):  -7848.997 Gradient norm:        0.6  
[09:17:56] < General >   Log likelihood (N=10692):  -7848.997 Gradient norm:        0.8  
[09:17:56] < General >   Log likelihood (N=10692):  -7848.997 Gradient norm:        0.8  
[09:17:56] < General >   Log likelihood (N=10692):  -7848.996 Gradient norm:        0.4  
[09:17:57] < General >   Log likelihood (N=10692):  -7848.996 Gradient norm:        0.3  
[09:17:57] < General >   Log likelihood (N=10692):  -7848.996 Gradient norm:        0.2  
[09:17:57] < General >   Log likelihood (N=10692):  -7848.996 Gradient norm:        0.7  
[09:17:57] < General >   Log likelihood (N=10692):  -7848.996 Gradient norm:        0.3  
[09:17:58] < General >   Log likelihood (N=10692):  -7848.996 Gradient norm:        0.2  
[09:17:58] < General >   Log likelihood (N=10692):  -7848.996 Gradient norm:        0.1  
[09:17:58] < General >   Log likelihood (N=10692):  -7848.996 Gradient norm:        0.1  
[09:17:58] < General >   Log likelihood (N=10692):  -7848.996 Gradient norm:       0.09  
[09:17:59] < General >   Log likelihood (N=10692):  -7848.996 Gradient norm:        0.4  
[09:17:59] < General >   Log likelihood (N=10692):  -7848.996 Gradient norm:        0.1  
[09:17:59] < General >   Log likelihood (N=10692):  -7848.996 Gradient norm:       0.07  
[09:17:59] < General >   Log likelihood (N=10692):  -7848.996 Gradient norm:       0.08  
[09:18:00] < General >   Log likelihood (N=10692):  -7848.996 Gradient norm:       0.09  
[09:18:00] < General >   Log likelihood (N=10692):  -7848.996 Gradient norm:        0.2  
[09:18:00] < General >   Log likelihood (N=10692):  -7848.996 Gradient norm:        0.9  
[09:18:00] < General >   Log likelihood (N=10692):  -7848.996 Gradient norm:        0.2  
[09:18:01] < General >   Log likelihood (N=10692):  -7848.996 Gradient norm:        0.1  
[09:18:01] < General >   Log likelihood (N=10692):  -7848.996 Gradient norm:        0.1  
[09:18:01] < General >   Log likelihood (N=10692):  -7848.996 Gradient norm:        0.5  
[09:18:01] < General >   Log likelihood (N=10692):  -7848.996 Gradient norm:        0.2  
[09:18:02] < General >   Log likelihood (N=10692):  -7848.996 Gradient norm:        0.1  
[09:18:02] < General >   Log likelihood (N=10692):  -7848.996 Gradient norm:        0.1  
[09:18:02] < General >   Log likelihood (N=10692):  -7848.996 Gradient norm:        0.1  
[09:18:02] < General >   Log likelihood (N=10692):  -7848.996 Gradient norm:        0.7  
[09:18:03] < General >   Log likelihood (N=10692):  -7848.996 Gradient norm:        0.3  
[09:18:03] < General >   Log likelihood (N=10692):  -7848.996 Gradient norm:        0.2  
[09:18:03] < General >   Log likelihood (N=10692):  -7848.996 Gradient norm:        0.2  
[09:18:03] < General >   Log likelihood (N=10692):  -7848.995 Gradient norm:        0.2  
[09:18:04] < General >   Log likelihood (N=10692):  -7848.995 Gradient norm:        0.2  
[09:18:04] < General >   Log likelihood (N=10692):  -7848.996 Gradient norm:          1  
[09:18:04] < General >   Log likelihood (N=10692):  -7848.995 Gradient norm:        0.2  
[09:18:04] < General >   Log likelihood (N=10692):  -7848.995 Gradient norm:       0.07  
[09:18:05] < General >   Log likelihood (N=10692):  -7848.995 Gradient norm:       0.05  
[09:18:05] < General >   Log likelihood (N=10692):  -7848.995 Gradient norm:       0.05  
[09:18:05] < General >   Log likelihood (N=10692):  -7848.995 Gradient norm:        0.3  
[09:18:05] < General >   Log likelihood (N=10692):  -7848.995 Gradient norm:        0.1  
[09:18:06] < General >   Log likelihood (N=10692):  -7848.995 Gradient norm:       0.07  
[09:18:06] < General >   Log likelihood (N=10692):  -7848.995 Gradient norm:       0.04  
[09:18:06] < General >   Log likelihood (N=10692):  -7848.995 Gradient norm:       0.06  
[09:18:06] < General >   Log likelihood (N=10692):  -7848.995 Gradient norm:        0.2  
[09:18:07] < General >   Log likelihood (N=10692):  -7848.995 Gradient norm:       0.06  
[09:18:07] < General >   Log likelihood (N=10692):  -7848.995 Gradient norm:       0.04  
[09:18:07] < General >   Log likelihood (N=10692):  -7848.995 Gradient norm:       0.04  
[09:18:07] < General >   Log likelihood (N=10692):  -7848.995 Gradient norm:       0.04  
[09:18:08] < General >   Log likelihood (N=10692):  -7848.995 Gradient norm:        0.1  
[09:18:08] < General >   Log likelihood (N=10692):  -7848.995 Gradient norm:       0.04  
[09:18:08] < General >   Log likelihood (N=10692):  -7848.995 Gradient norm:       0.03  
[09:18:08] < General >   Log likelihood (N=10692):  -7848.995 Gradient norm:       0.03  
[09:18:08] < General >   Log likelihood (N=10692):  -7848.995 Gradient norm:       0.03  
[09:18:09] < General >   Log likelihood (N=10692):  -7848.995 Gradient norm:       0.09  
[09:18:09] < General >   Log likelihood (N=10692):  -7848.995 Gradient norm:       0.03  
[09:18:09] < General >   Log likelihood (N=10692):  -7848.995 Gradient norm:       0.02  
[09:18:09] < General >   Log likelihood (N=10692):  -7848.995 Gradient norm:       0.03  
[09:18:10] < General >   Log likelihood (N=10692):  -7848.995 Gradient norm:       0.04  
[09:18:10] < General >   Log likelihood (N=10692):  -7848.995 Gradient norm:       0.06  
[09:18:10] < General >   Log likelihood (N=10692):  -7848.995 Gradient norm:       0.05  
[09:18:10] < General >   Log likelihood (N=10692):  -7848.995 Gradient norm:       0.03  
[09:18:11] < General >   Log likelihood (N=10692):  -7848.995 Gradient norm:       0.06  
[09:18:11] < General >   Log likelihood (N=10692):  -7848.995 Gradient norm:       0.09  
[09:18:11] < General >   Log likelihood (N=10692):  -7848.995 Gradient norm:       0.09  
[09:18:11] < General >   Log likelihood (N=10692):  -7848.995 Gradient norm:        0.1  
[09:18:12] < General >   Log likelihood (N=10692):  -7848.995 Gradient norm:        0.5  
[09:18:12] < General >   Log likelihood (N=10692):  -7848.995 Gradient norm:        0.2  
[09:18:12] < General >   Log likelihood (N=10692):  -7848.995 Gradient norm:       0.09  
[09:18:12] < General >   Log likelihood (N=10692):  -7848.995 Gradient norm:       0.05  
[09:18:13] < General >   Log likelihood (N=10692):  -7848.995 Gradient norm:       0.04  
[09:18:13] < General >   Log likelihood (N=10692):  -7848.995 Gradient norm:       0.04  
[09:18:13] < General >   Log likelihood (N=10692):  -7848.995 Gradient norm:       0.06  
[09:18:13] < General >   Log likelihood (N=10692):  -7848.995 Gradient norm:        0.4  
[09:18:14] < General >   Log likelihood (N=10692):  -7848.995 Gradient norm:       0.06  
[09:18:14] < General >   Log likelihood (N=10692):  -7848.995 Gradient norm:       0.04  
[09:18:14] < General >   Log likelihood (N=10692):  -7848.995 Gradient norm:       0.04  
[09:18:14] < General >   Log likelihood (N=10692):  -7848.995 Gradient norm:       0.04  
[09:18:15] < General >   Log likelihood (N=10692):  -7848.995 Gradient norm:       0.03  
[09:18:15] < General >   Log likelihood (N=10692):  -7848.995 Gradient norm:       0.04  
[09:18:15] < General >   Log likelihood (N=10692):  -7848.995 Gradient norm:       0.06  
[09:18:15] < General >   Log likelihood (N=10692):  -7848.995 Gradient norm:        0.1  
[09:18:16] < General >   Log likelihood (N=10692):  -7848.995 Gradient norm:       0.04  
[09:18:16] < General >   Log likelihood (N=10692):  -7848.995 Gradient norm:       0.03  
[09:18:16] < General >   Log likelihood (N=10692):  -7848.995 Gradient norm:       0.05  
[09:18:16] < General >   Log likelihood (N=10692):  -7848.995 Gradient norm:       0.07  
[09:18:17] < General >   Log likelihood (N=10692):  -7848.995 Gradient norm:        0.2  
[09:18:17] < General >   Log likelihood (N=10692):  -7848.995 Gradient norm:       0.06  
[09:18:17] < General >   Log likelihood (N=10692):  -7848.995 Gradient norm:       0.07  
[09:18:17] < General >   Log likelihood (N=10692):  -7848.995 Gradient norm:        0.1  
[09:18:18] < General >   Log likelihood (N=10692):  -7848.995 Gradient norm:        0.1  
[09:18:18] < General >   Log likelihood (N=10692):  -7848.995 Gradient norm:        0.2  
[09:18:18] < General >   Log likelihood (N=10692):  -7848.995 Gradient norm:        0.2  
[09:18:18] < General >   Log likelihood (N=10692):  -7848.995 Gradient norm:        0.1  
[09:18:19] < General >   Log likelihood (N=10692):  -7848.995 Gradient norm:       0.06  
[09:18:19] < General >   Log likelihood (N=10692):  -7848.995 Gradient norm:       0.04  
[09:18:19] < General >   Log likelihood (N=10692):  -7848.995 Gradient norm:       0.04  
[09:18:19] < General >   Log likelihood (N=10692):  -7848.995 Gradient norm:       0.04  
[09:18:20] < General >   Log likelihood (N=10692):  -7848.995 Gradient norm:       0.02  
[09:18:20] < General >   Log likelihood (N=10692):  -7848.995 Gradient norm:       0.03  
[09:18:20] < General >   Log likelihood (N=10692):  -7848.995 Gradient norm:       0.04  
[09:18:20] < General >   Log likelihood (N=10692):  -7848.995 Gradient norm:       0.04  
[09:18:21] < General >   Log likelihood (N=10692):  -7848.995 Gradient norm:       0.06  
[09:18:21] < General >   Log likelihood (N=10692):  -7848.995 Gradient norm:       0.03  
[09:18:21] < General >   Log likelihood (N=10692):  -7848.995 Gradient norm:       0.03  
[09:18:21] < General >   Log likelihood (N=10692):  -7848.995 Gradient norm:       0.05  
[09:18:22] < General >   Log likelihood (N=10692):  -7848.995 Gradient norm:       0.05  
[09:18:22] < General >   Log likelihood (N=10692):  -7848.995 Gradient norm:       0.03  
[09:18:22] < General >   Log likelihood (N=10692):  -7848.995 Gradient norm:       0.03  
[09:18:22] < General >   Log likelihood (N=10692):  -7848.995 Gradient norm:       0.04  
[09:18:23] < General >   Log likelihood (N=10692):  -7848.995 Gradient norm:       0.09  
[09:18:23] < General >   Log likelihood (N=10692):  -7848.995 Gradient norm:       0.04  
[09:18:23] < General >   Log likelihood (N=10692):  -7848.995 Gradient norm:       0.05  
[09:18:23] < General >   Log likelihood (N=10692):  -7848.995 Gradient norm:       0.07  
[09:18:24] < General >   Log likelihood (N=10692):  -7848.995 Gradient norm:       0.06  
[09:18:24] < General >   Log likelihood (N=10692):  -7848.995 Gradient norm:        0.2  
[09:18:24] < General >   Log likelihood (N=10692):  -7848.995 Gradient norm:       0.08  
[09:18:24] < General >   Log likelihood (N=10692):  -7848.995 Gradient norm:       0.04  
[09:18:25] < General >   Log likelihood (N=10692):  -7848.995 Gradient norm:       0.04  
[09:18:25] < General >   Log likelihood (N=10692):  -7848.995 Gradient norm:       0.04  
[09:18:25] < General >   Log likelihood (N=10692):  -7848.995 Gradient norm:        0.1  
[09:18:25] < General >   Log likelihood (N=10692):  -7848.995 Gradient norm:       0.03  
[09:18:26] < General >   Log likelihood (N=10692):  -7848.995 Gradient norm:       0.02  
[09:18:26] < General >   Log likelihood (N=10692):  -7848.995 Gradient norm:       0.03  
[09:18:26] < General >   Log likelihood (N=10692):  -7848.995 Gradient norm:       0.03  
[09:18:26] < General >   Log likelihood (N=10692):  -7848.995 Gradient norm:       0.05  
[09:18:27] < General >   Log likelihood (N=10692):  -7848.995 Gradient norm:        0.1  
[09:18:27] < General >   Log likelihood (N=10692):  -7848.995 Gradient norm:       0.02  
[09:18:27] < General >   Log likelihood (N=10692):  -7848.995 Gradient norm:       0.01  
[09:18:27] < General >   Log likelihood (N=10692):  -7848.995 Gradient norm:       0.01  
[09:18:28] < General >   Log likelihood (N=10692):  -7848.995 Gradient norm:       0.02  
[09:18:28] < General >   Log likelihood (N=10692):  -7848.995 Gradient norm:       0.01  
[09:18:28] < General >   Log likelihood (N=10692):  -7848.995 Gradient norm:      0.009  
[09:18:28] < General >   Log likelihood (N=10692):  -7848.995 Gradient norm:      0.009  
[09:18:29] < General >   Log likelihood (N=10692):  -7848.995 Gradient norm:       0.04  
[09:18:29] < General >   Log likelihood (N=10692):  -7848.995 Gradient norm:      0.009  
[09:18:29] < General >   Log likelihood (N=10692):  -7848.995 Gradient norm:      0.005  
[09:18:29] < General >   Log likelihood (N=10692):  -7848.995 Gradient norm:      0.004  
[09:18:30] < General >   Log likelihood (N=10692):  -7848.995 Gradient norm:      0.005  
[09:18:30] < General >   Log likelihood (N=10692):  -7848.995 Gradient norm:       0.04  
[09:18:30] < General >   Log likelihood (N=10692):  -7848.995 Gradient norm:      0.008  
[09:18:30] < General >   Log likelihood (N=10692):  -7848.995 Gradient norm:      0.007  
[09:18:30] < General >   Log likelihood (N=10692):  -7848.995 Gradient norm:      0.004  
[09:18:31] < General >   Log likelihood (N=10692):  -7848.995 Gradient norm:      0.004  
[09:18:31] < General >   Log likelihood (N=10692):  -7848.995 Gradient norm:       0.02  
[09:18:31] < General >   Log likelihood (N=10692):  -7848.995 Gradient norm:      0.006  
[09:18:31] < General >   Log likelihood (N=10692):  -7848.995 Gradient norm:      0.004  
[09:18:32] < General >   Log likelihood (N=10692):  -7848.995 Gradient norm:      0.005  
[09:18:32] < General >   Log likelihood (N=10692):  -7848.995 Gradient norm:       0.02  
[09:18:32] < General >   Log likelihood (N=10692):  -7848.995 Gradient norm:      0.007  
[09:18:32] < General >   Log likelihood (N=10692):  -7848.995 Gradient norm:      0.005  
[09:18:33] < General >   Log likelihood (N=10692):  -7848.995 Gradient norm:      0.007  
[09:18:33] < General >   Log likelihood (N=10692):  -7848.995 Gradient norm:       0.01  
[09:18:33] < General >   Log likelihood (N=10692):  -7848.995 Gradient norm:      0.006  
[09:18:33] < General >   Log likelihood (N=10692):  -7848.995 Gradient norm:      0.007  
[09:18:34] < General >   Log likelihood (N=10692):  -7848.995 Gradient norm:      0.006  
[09:18:34] < General >   Log likelihood (N=10692):  -7848.995 Gradient norm:      0.005  
[09:18:34] < General >   Log likelihood (N=10692):  -7848.995 Gradient norm:      0.008  
[09:18:34] < General >   Log likelihood (N=10692):  -7848.995 Gradient norm:      0.004  
[09:18:35] < General >   Log likelihood (N=10692):  -7848.995 Gradient norm:      0.003  
[09:18:35] < General >   Log likelihood (N=10692):  -7848.995 Gradient norm:      0.003  
[09:18:35] < General >   Log likelihood (N=10692):  -7848.995 Gradient norm:       0.01  
[09:18:35] < General >   Log likelihood (N=10692):  -7848.995 Gradient norm:      0.002  
[09:18:36] < General >   Log likelihood (N=10692):  -7848.995 Gradient norm:      0.002  
[09:18:39] < General >   Log likelihood (N=10692):  -7848.995 Gradient norm:      0.002 Hessian norm:       8e+03 BHHH norm:       8e+03
[09:18:39] < General >   Results saved in file NL2.html
[09:18:39] < General >   Results saved in file NL2.pickle
[09:18:39] < General >   Log file created: NL2.log
