*** File created 2020-04-28 09:19:22.240243 ***
*** Log file from biogeme 3.2.5 [2020-04-28]
[09:18:39] < General >   Remove 24 unused variables from the database as only 23 are used.
[09:18:40] < General >   Log likelihood (N=10692):  -11071.26
[09:18:40] < General >   Minimize with tol 1e-07
[09:18:40] < General >   Log likelihood (N=10692):  -11071.26 Gradient norm:      7e+03  
[09:18:40] < General >   Log likelihood (N=10692):  -9341.011 Gradient norm:      2e+03  
[09:18:40] < General >   Log likelihood (N=10692):  -9178.285 Gradient norm:      1e+03  
[09:18:40] < General >   Log likelihood (N=10692):  -8960.365 Gradient norm:      1e+03  
[09:18:40] < General >   Log likelihood (N=10692):  -8707.765 Gradient norm:      2e+03  
[09:18:41] < General >   Log likelihood (N=10692):  -8374.777 Gradient norm:      1e+03  
[09:18:41] < General >   Log likelihood (N=10692):  -8186.289 Gradient norm:      1e+03  
[09:18:41] < General >   Log likelihood (N=10692):  -8066.024 Gradient norm:      3e+02  
[09:18:41] < General >   Log likelihood (N=10692):  -8038.394 Gradient norm:      3e+02  
[09:18:41] < General >   Log likelihood (N=10692):  -7994.919 Gradient norm:      3e+02  
[09:18:41] < General >   Log likelihood (N=10692):  -7971.408 Gradient norm:      2e+02  
[09:18:42] < General >   Log likelihood (N=10692):  -7960.454 Gradient norm:      8e+01  
[09:18:42] < General >   Log likelihood (N=10692):  -7957.333 Gradient norm:      1e+02  
[09:18:42] < General >   Log likelihood (N=10692):  -7951.777 Gradient norm:      9e+01  
[09:18:42] < General >   Log likelihood (N=10692):  -7943.257 Gradient norm:      1e+02  
[09:18:42] < General >   Log likelihood (N=10692):  -7962.802 Gradient norm:      4e+02  
[09:18:43] < General >   Log likelihood (N=10692):  -7940.311 Gradient norm:      9e+01  
[09:18:43] < General >   Log likelihood (N=10692):  -7932.532 Gradient norm:      8e+01  
[09:18:43] < General >   Log likelihood (N=10692):  -7929.709 Gradient norm:      2e+02  
[09:18:43] < General >   Log likelihood (N=10692):  -7927.223 Gradient norm:      9e+01  
[09:18:43] < General >   Log likelihood (N=10692):  -7925.927 Gradient norm:      7e+01  
[09:18:44] < General >   Log likelihood (N=10692):  -7922.691 Gradient norm:      6e+01  
[09:18:44] < General >   Log likelihood (N=10692):  -7919.788 Gradient norm:      7e+01  
[09:18:44] < General >   Log likelihood (N=10692):  -7915.046 Gradient norm:      6e+01  
[09:18:44] < General >   Log likelihood (N=10692):  -7911.874 Gradient norm:      1e+02  
[09:18:45] < General >   Log likelihood (N=10692):  -7909.128 Gradient norm:      6e+01  
[09:18:45] < General >   Log likelihood (N=10692):  -7904.819 Gradient norm:      1e+02  
[09:18:45] < General >   Log likelihood (N=10692):  -7901.192 Gradient norm:      1e+02  
[09:18:45] < General >   Log likelihood (N=10692):  -7893.855 Gradient norm:      2e+02  
[09:18:46] < General >   Log likelihood (N=10692):  -7889.805 Gradient norm:      1e+02  
[09:18:46] < General >   Log likelihood (N=10692):  -7884.733 Gradient norm:      6e+01  
[09:18:46] < General >   Log likelihood (N=10692):  -7882.504 Gradient norm:      7e+01  
[09:18:46] < General >   Log likelihood (N=10692):  -7880.824 Gradient norm:      3e+01  
[09:18:47] < General >   Log likelihood (N=10692):  -7880.025 Gradient norm:      4e+01  
[09:18:47] < General >   Log likelihood (N=10692):  -7879.487 Gradient norm:      2e+01  
[09:18:47] < General >   Log likelihood (N=10692):  -7878.864 Gradient norm:      2e+01  
[09:18:47] < General >   Log likelihood (N=10692):  -7878.372 Gradient norm:      4e+01  
[09:18:47] < General >   Log likelihood (N=10692):  -7878.172 Gradient norm:      7e+01  
[09:18:48] < General >   Log likelihood (N=10692):  -7877.729 Gradient norm:      2e+01  
[09:18:48] < General >   Log likelihood (N=10692):  -7877.571 Gradient norm:      2e+01  
[09:18:48] < General >   Log likelihood (N=10692):  -7877.187 Gradient norm:      3e+01  
[09:18:48] < General >   Log likelihood (N=10692):   -7876.22 Gradient norm:      3e+01  
[09:18:49] < General >   Log likelihood (N=10692):  -7875.751 Gradient norm:      2e+01  
[09:18:49] < General >   Log likelihood (N=10692):  -7875.497 Gradient norm:      3e+01  
[09:18:49] < General >   Log likelihood (N=10692):  -7875.438 Gradient norm:      2e+01  
[09:18:49] < General >   Log likelihood (N=10692):  -7875.411 Gradient norm:      2e+01  
[09:18:49] < General >   Log likelihood (N=10692):  -7875.369 Gradient norm:      2e+01  
[09:18:49] < General >   Log likelihood (N=10692):  -7875.394 Gradient norm:      3e+01  
[09:18:49] < General >   Log likelihood (N=10692):  -7875.362 Gradient norm:      2e+01  
[09:18:50] < General >   Log likelihood (N=10692):  -7875.358 Gradient norm:      2e+01  
[09:18:50] < General >   Log likelihood (N=10692):  -7875.351 Gradient norm:      2e+01  
[09:18:50] < General >   Log likelihood (N=10692):  -7875.346 Gradient norm:      2e+01  
[09:18:50] < General >   Log likelihood (N=10692):  -7875.342 Gradient norm:      3e+01  
[09:18:50] < General >   Log likelihood (N=10692):  -7875.345 Gradient norm:      2e+01  
[09:18:50] < General >   Log likelihood (N=10692):  -7875.341 Gradient norm:      2e+01  
[09:18:50] < General >   Log likelihood (N=10692):  -7875.339 Gradient norm:      2e+01  
[09:18:51] < General >   Log likelihood (N=10692):  -7875.337 Gradient norm:      2e+01  
[09:18:51] < General >   Log likelihood (N=10692):  -7875.332 Gradient norm:      2e+01  
[09:18:51] < General >   Log likelihood (N=10692):  -7875.331 Gradient norm:      2e+01  
[09:18:51] < General >   Log likelihood (N=10692):  -7875.327 Gradient norm:      2e+01  
[09:18:51] < General >   Log likelihood (N=10692):  -7875.326 Gradient norm:      3e+01  
[09:18:51] < General >   Log likelihood (N=10692):  -7875.324 Gradient norm:      3e+01  
[09:18:51] < General >   Log likelihood (N=10692):  -7875.322 Gradient norm:      3e+01  
[09:18:52] < General >   Log likelihood (N=10692):  -7875.317 Gradient norm:      3e+01  
[09:18:52] < General >   Log likelihood (N=10692):   -7875.32 Gradient norm:      3e+01  
[09:18:52] < General >   Log likelihood (N=10692):  -7875.313 Gradient norm:      3e+01  
[09:18:52] < General >   Log likelihood (N=10692):  -7875.309 Gradient norm:      3e+01  
[09:18:52] < General >   Log likelihood (N=10692):  -7875.304 Gradient norm:      3e+01  
[09:18:52] < General >   Log likelihood (N=10692):  -7875.295 Gradient norm:      3e+01  
[09:18:53] < General >   Log likelihood (N=10692):  -7875.285 Gradient norm:      3e+01  
[09:18:53] < General >   Log likelihood (N=10692):   -7875.27 Gradient norm:      3e+01  
[09:18:53] < General >   Log likelihood (N=10692):  -7875.258 Gradient norm:      3e+01  
[09:18:53] < General >   Log likelihood (N=10692):   -7875.25 Gradient norm:      3e+01  
[09:18:53] < General >   Log likelihood (N=10692):  -7875.235 Gradient norm:      3e+01  
[09:18:53] < General >   Log likelihood (N=10692):  -7875.232 Gradient norm:      2e+01  
[09:18:53] < General >   Log likelihood (N=10692):  -7875.228 Gradient norm:      2e+01  
[09:18:54] < General >   Log likelihood (N=10692):  -7875.223 Gradient norm:      2e+01  
[09:18:54] < General >   Log likelihood (N=10692):  -7875.216 Gradient norm:      3e+01  
[09:18:54] < General >   Log likelihood (N=10692):  -7875.221 Gradient norm:      3e+01  
[09:18:54] < General >   Log likelihood (N=10692):  -7875.214 Gradient norm:      3e+01  
[09:18:54] < General >   Log likelihood (N=10692):   -7875.21 Gradient norm:      3e+01  
[09:18:54] < General >   Log likelihood (N=10692):  -7875.207 Gradient norm:      3e+01  
[09:18:54] < General >   Log likelihood (N=10692):  -7875.204 Gradient norm:      3e+01  
[09:18:55] < General >   Log likelihood (N=10692):  -7875.199 Gradient norm:      3e+01  
[09:18:55] < General >   Log likelihood (N=10692):  -7875.193 Gradient norm:      2e+01  
[09:18:55] < General >   Log likelihood (N=10692):  -7875.186 Gradient norm:      2e+01  
[09:18:55] < General >   Log likelihood (N=10692):  -7875.181 Gradient norm:      2e+01  
[09:18:55] < General >   Log likelihood (N=10692):  -7875.176 Gradient norm:      2e+01  
[09:18:55] < General >   Log likelihood (N=10692):  -7875.171 Gradient norm:      2e+01  
[09:18:55] < General >   Log likelihood (N=10692):  -7875.167 Gradient norm:      3e+01  
[09:18:56] < General >   Log likelihood (N=10692):  -7875.161 Gradient norm:      3e+01  
[09:18:56] < General >   Log likelihood (N=10692):   -7875.15 Gradient norm:      3e+01  
[09:18:56] < General >   Log likelihood (N=10692):  -7875.147 Gradient norm:      3e+01  
[09:18:56] < General >   Log likelihood (N=10692):   -7875.13 Gradient norm:      2e+01  
[09:18:56] < General >   Log likelihood (N=10692):  -7875.125 Gradient norm:      2e+01  
[09:18:56] < General >   Log likelihood (N=10692):  -7875.112 Gradient norm:      2e+01  
[09:18:57] < General >   Log likelihood (N=10692):  -7875.084 Gradient norm:      2e+01  
[09:18:57] < General >   Log likelihood (N=10692):  -7875.056 Gradient norm:      2e+01  
[09:18:57] < General >   Log likelihood (N=10692):  -7875.065 Gradient norm:      4e+01  
[09:18:57] < General >   Log likelihood (N=10692):  -7875.044 Gradient norm:      3e+01  
[09:18:57] < General >   Log likelihood (N=10692):  -7875.036 Gradient norm:      3e+01  
[09:18:57] < General >   Log likelihood (N=10692):  -7875.029 Gradient norm:      3e+01  
[09:18:57] < General >   Log likelihood (N=10692):   -7875.02 Gradient norm:      3e+01  
[09:18:58] < General >   Log likelihood (N=10692):  -7875.012 Gradient norm:      2e+01  
[09:18:58] < General >   Log likelihood (N=10692):  -7875.005 Gradient norm:      2e+01  
[09:18:58] < General >   Log likelihood (N=10692):      -7875 Gradient norm:      2e+01  
[09:18:58] < General >   Log likelihood (N=10692):   -7875.02 Gradient norm:      3e+01  
[09:18:58] < General >   Log likelihood (N=10692):  -7874.999 Gradient norm:      3e+01  
[09:18:58] < General >   Log likelihood (N=10692):  -7874.996 Gradient norm:      3e+01  
[09:18:58] < General >   Log likelihood (N=10692):   -7874.99 Gradient norm:      2e+01  
[09:18:59] < General >   Log likelihood (N=10692):  -7874.986 Gradient norm:      2e+01  
[09:18:59] < General >   Log likelihood (N=10692):  -7874.984 Gradient norm:      2e+01  
[09:18:59] < General >   Log likelihood (N=10692):  -7874.985 Gradient norm:      3e+01  
[09:18:59] < General >   Log likelihood (N=10692):  -7874.984 Gradient norm:      3e+01  
[09:18:59] < General >   Log likelihood (N=10692):  -7874.984 Gradient norm:      3e+01  
[09:18:59] < General >   Log likelihood (N=10692):  -7874.983 Gradient norm:      2e+01  
[09:18:59] < General >   Log likelihood (N=10692):  -7874.983 Gradient norm:      2e+01  
[09:19:00] < General >   Log likelihood (N=10692):  -7874.983 Gradient norm:      2e+01  
[09:19:00] < General >   Log likelihood (N=10692):  -7874.983 Gradient norm:      2e+01  
[09:19:00] < General >   Log likelihood (N=10692):  -7874.983 Gradient norm:      2e+01  
[09:19:00] < General >   Log likelihood (N=10692):  -7874.983 Gradient norm:      2e+01  
[09:19:00] < General >   Log likelihood (N=10692):  -7874.982 Gradient norm:      2e+01  
[09:19:00] < General >   Log likelihood (N=10692):  -7874.982 Gradient norm:      2e+01  
[09:19:01] < General >   Log likelihood (N=10692):  -7874.982 Gradient norm:      2e+01  
[09:19:01] < General >   Log likelihood (N=10692):  -7874.982 Gradient norm:      2e+01  
[09:19:01] < General >   Log likelihood (N=10692):  -7874.982 Gradient norm:      2e+01  
[09:19:01] < General >   Log likelihood (N=10692):  -7874.982 Gradient norm:      2e+01  
[09:19:01] < General >   Log likelihood (N=10692):  -7874.982 Gradient norm:      2e+01  
[09:19:01] < General >   Log likelihood (N=10692):  -7874.982 Gradient norm:      3e+01  
[09:19:01] < General >   Log likelihood (N=10692):  -7874.982 Gradient norm:      3e+01  
[09:19:02] < General >   Log likelihood (N=10692):  -7874.981 Gradient norm:      2e+01  
[09:19:02] < General >   Log likelihood (N=10692):  -7874.981 Gradient norm:      2e+01  
[09:19:02] < General >   Log likelihood (N=10692):  -7874.981 Gradient norm:      2e+01  
[09:19:02] < General >   Log likelihood (N=10692):  -7874.981 Gradient norm:      2e+01  
[09:19:02] < General >   Log likelihood (N=10692):  -7874.981 Gradient norm:      2e+01  
[09:19:02] < General >   Log likelihood (N=10692):  -7874.981 Gradient norm:      2e+01  
[09:19:02] < General >   Log likelihood (N=10692):   -7874.98 Gradient norm:      2e+01  
[09:19:03] < General >   Log likelihood (N=10692):   -7874.98 Gradient norm:      2e+01  
[09:19:03] < General >   Log likelihood (N=10692):   -7874.98 Gradient norm:      2e+01  
[09:19:03] < General >   Log likelihood (N=10692):  -7874.979 Gradient norm:      3e+01  
[09:19:03] < General >   Log likelihood (N=10692):  -7874.979 Gradient norm:      3e+01  
[09:19:03] < General >   Log likelihood (N=10692):  -7874.979 Gradient norm:      3e+01  
[09:19:03] < General >   Log likelihood (N=10692):  -7874.979 Gradient norm:      2e+01  
[09:19:04] < General >   Log likelihood (N=10692):  -7874.979 Gradient norm:      2e+01  
[09:19:04] < General >   Log likelihood (N=10692):  -7874.979 Gradient norm:      2e+01  
[09:19:04] < General >   Log likelihood (N=10692):  -7874.979 Gradient norm:      2e+01  
[09:19:04] < General >   Log likelihood (N=10692):  -7874.979 Gradient norm:      2e+01  
[09:19:04] < General >   Log likelihood (N=10692):  -7874.979 Gradient norm:      2e+01  
[09:19:04] < General >   Log likelihood (N=10692):  -7874.979 Gradient norm:      2e+01  
[09:19:04] < General >   Log likelihood (N=10692):  -7874.979 Gradient norm:      2e+01  
[09:19:05] < General >   Log likelihood (N=10692):  -7874.979 Gradient norm:      2e+01  
[09:19:05] < General >   Log likelihood (N=10692):  -7874.979 Gradient norm:      2e+01  
[09:19:05] < General >   Log likelihood (N=10692):  -7874.979 Gradient norm:      2e+01  
[09:19:05] < General >   Log likelihood (N=10692):  -7874.978 Gradient norm:      2e+01  
[09:19:05] < General >   Log likelihood (N=10692):  -7874.978 Gradient norm:      2e+01  
[09:19:05] < General >   Log likelihood (N=10692):  -7874.978 Gradient norm:      2e+01  
[09:19:05] < General >   Log likelihood (N=10692):  -7874.978 Gradient norm:      2e+01  
[09:19:06] < General >   Log likelihood (N=10692):  -7874.978 Gradient norm:      2e+01  
[09:19:06] < General >   Log likelihood (N=10692):  -7874.978 Gradient norm:      2e+01  
[09:19:06] < General >   Log likelihood (N=10692):  -7874.978 Gradient norm:      2e+01  
[09:19:06] < General >   Log likelihood (N=10692):  -7874.978 Gradient norm:      2e+01  
[09:19:06] < General >   Log likelihood (N=10692):  -7874.978 Gradient norm:      2e+01  
[09:19:06] < General >   Log likelihood (N=10692):  -7874.978 Gradient norm:      2e+01  
[09:19:06] < General >   Log likelihood (N=10692):  -7874.978 Gradient norm:      2e+01  
[09:19:07] < General >   Log likelihood (N=10692):  -7874.978 Gradient norm:      2e+01  
[09:19:07] < General >   Log likelihood (N=10692):  -7874.978 Gradient norm:      2e+01  
[09:19:07] < General >   Log likelihood (N=10692):  -7874.978 Gradient norm:      2e+01  
[09:19:07] < General >   Log likelihood (N=10692):  -7874.978 Gradient norm:      2e+01  
[09:19:07] < General >   Log likelihood (N=10692):  -7874.978 Gradient norm:      2e+01  
[09:19:07] < General >   Log likelihood (N=10692):  -7874.978 Gradient norm:      2e+01  
[09:19:08] < General >   Log likelihood (N=10692):  -7874.978 Gradient norm:      3e+01  
[09:19:08] < General >   Log likelihood (N=10692):  -7874.978 Gradient norm:      2e+01  
[09:19:08] < General >   Log likelihood (N=10692):  -7874.978 Gradient norm:      2e+01  
[09:19:08] < General >   Log likelihood (N=10692):  -7874.978 Gradient norm:      2e+01  
[09:19:08] < General >   Log likelihood (N=10692):  -7874.978 Gradient norm:      2e+01  
[09:19:08] < General >   Log likelihood (N=10692):  -7874.978 Gradient norm:      2e+01  
[09:19:08] < General >   Log likelihood (N=10692):  -7874.978 Gradient norm:      2e+01  
[09:19:09] < General >   Log likelihood (N=10692):  -7874.978 Gradient norm:      2e+01  
[09:19:09] < General >   Log likelihood (N=10692):  -7874.978 Gradient norm:      2e+01  
[09:19:09] < General >   Log likelihood (N=10692):  -7874.978 Gradient norm:      2e+01  
[09:19:09] < General >   Log likelihood (N=10692):  -7874.978 Gradient norm:      2e+01  
[09:19:09] < General >   Log likelihood (N=10692):  -7874.978 Gradient norm:      2e+01  
[09:19:09] < General >   Log likelihood (N=10692):  -7874.978 Gradient norm:      2e+01  
[09:19:09] < General >   Log likelihood (N=10692):  -7874.978 Gradient norm:      2e+01  
[09:19:10] < General >   Log likelihood (N=10692):  -7874.978 Gradient norm:      2e+01  
[09:19:10] < General >   Log likelihood (N=10692):  -7874.978 Gradient norm:      2e+01  
[09:19:10] < General >   Log likelihood (N=10692):  -7874.978 Gradient norm:      2e+01  
[09:19:10] < General >   Log likelihood (N=10692):  -7874.978 Gradient norm:      2e+01  
[09:19:10] < General >   Log likelihood (N=10692):  -7874.978 Gradient norm:      2e+01  
[09:19:10] < General >   Log likelihood (N=10692):  -7874.978 Gradient norm:      2e+01  
[09:19:10] < General >   Log likelihood (N=10692):  -7874.978 Gradient norm:      2e+01  
[09:19:11] < General >   Log likelihood (N=10692):  -7874.978 Gradient norm:      2e+01  
[09:19:11] < General >   Log likelihood (N=10692):  -7874.978 Gradient norm:      2e+01  
[09:19:11] < General >   Log likelihood (N=10692):  -7874.978 Gradient norm:      2e+01  
[09:19:11] < General >   Log likelihood (N=10692):  -7874.978 Gradient norm:      2e+01  
[09:19:11] < General >   Log likelihood (N=10692):  -7874.978 Gradient norm:      2e+01  
[09:19:11] < General >   Log likelihood (N=10692):  -7874.978 Gradient norm:      2e+01  
[09:19:12] < General >   Log likelihood (N=10692):  -7874.978 Gradient norm:      2e+01  
[09:19:12] < General >   Log likelihood (N=10692):  -7874.978 Gradient norm:      2e+01  
[09:19:12] < General >   Log likelihood (N=10692):  -7874.978 Gradient norm:      2e+01  
[09:19:12] < General >   Log likelihood (N=10692):  -7874.978 Gradient norm:      2e+01  
[09:19:12] < General >   Log likelihood (N=10692):  -7874.978 Gradient norm:      2e+01  
[09:19:12] < General >   Log likelihood (N=10692):  -7874.978 Gradient norm:      2e+01  
[09:19:12] < General >   Log likelihood (N=10692):  -7874.978 Gradient norm:      2e+01  
[09:19:13] < General >   Log likelihood (N=10692):  -7874.978 Gradient norm:      2e+01  
[09:19:13] < General >   Log likelihood (N=10692):  -7874.978 Gradient norm:      2e+01  
[09:19:13] < General >   Log likelihood (N=10692):  -7874.978 Gradient norm:      2e+01  
[09:19:13] < General >   Log likelihood (N=10692):  -7874.978 Gradient norm:      2e+01  
[09:19:13] < General >   Log likelihood (N=10692):  -7874.978 Gradient norm:      2e+01  
[09:19:13] < General >   Log likelihood (N=10692):  -7874.978 Gradient norm:      2e+01  
[09:19:13] < General >   Log likelihood (N=10692):  -7874.978 Gradient norm:      2e+01  
[09:19:14] < General >   Log likelihood (N=10692):  -7874.978 Gradient norm:      2e+01  
[09:19:14] < General >   Log likelihood (N=10692):  -7874.978 Gradient norm:      2e+01  
[09:19:14] < General >   Log likelihood (N=10692):  -7874.978 Gradient norm:      2e+01  
[09:19:14] < General >   Log likelihood (N=10692):  -7874.978 Gradient norm:      2e+01  
[09:19:14] < General >   Log likelihood (N=10692):  -7874.978 Gradient norm:      2e+01  
[09:19:14] < General >   Log likelihood (N=10692):  -7874.978 Gradient norm:      2e+01  
[09:19:15] < General >   Log likelihood (N=10692):  -7874.978 Gradient norm:      2e+01  
[09:19:15] < General >   Log likelihood (N=10692):  -7874.978 Gradient norm:      2e+01  
[09:19:15] < General >   Log likelihood (N=10692):  -7874.978 Gradient norm:      2e+01  
[09:19:15] < General >   Log likelihood (N=10692):  -7874.978 Gradient norm:      2e+01  
[09:19:15] < General >   Log likelihood (N=10692):  -7874.978 Gradient norm:      2e+01  
[09:19:15] < General >   Log likelihood (N=10692):  -7874.978 Gradient norm:      2e+01  
[09:19:15] < General >   Log likelihood (N=10692):  -7874.978 Gradient norm:      2e+01  
[09:19:16] < General >   Log likelihood (N=10692):  -7874.978 Gradient norm:      2e+01  
[09:19:16] < General >   Log likelihood (N=10692):  -7874.978 Gradient norm:      2e+01  
[09:19:16] < General >   Log likelihood (N=10692):  -7874.978 Gradient norm:      2e+01  
[09:19:16] < General >   Log likelihood (N=10692):  -7874.978 Gradient norm:      2e+01  
[09:19:16] < General >   Log likelihood (N=10692):  -7874.978 Gradient norm:      2e+01  
[09:19:16] < General >   Log likelihood (N=10692):  -7874.978 Gradient norm:      2e+01  
[09:19:16] < General >   Log likelihood (N=10692):  -7874.978 Gradient norm:      2e+01  
[09:19:17] < General >   Log likelihood (N=10692):  -7874.978 Gradient norm:      2e+01  
[09:19:17] < General >   Log likelihood (N=10692):  -7874.978 Gradient norm:      2e+01  
[09:19:17] < General >   Log likelihood (N=10692):  -7874.978 Gradient norm:      2e+01  
[09:19:17] < General >   Log likelihood (N=10692):  -7874.978 Gradient norm:      2e+01  
[09:19:17] < General >   Log likelihood (N=10692):  -7874.978 Gradient norm:      2e+01  
[09:19:17] < General >   Log likelihood (N=10692):  -7874.978 Gradient norm:      2e+01  
[09:19:17] < General >   Log likelihood (N=10692):  -7874.978 Gradient norm:      2e+01  
[09:19:18] < General >   Log likelihood (N=10692):  -7874.978 Gradient norm:      2e+01  
[09:19:18] < General >   Log likelihood (N=10692):  -7874.978 Gradient norm:      2e+01  
[09:19:18] < General >   Log likelihood (N=10692):  -7874.978 Gradient norm:      2e+01  
[09:19:18] < General >   Log likelihood (N=10692):  -7874.978 Gradient norm:      2e+01  
[09:19:18] < General >   Log likelihood (N=10692):  -7874.978 Gradient norm:      2e+01  
[09:19:21] < General >   Log likelihood (N=10692):  -7874.978 Gradient norm:      2e+01 Hessian norm:       1e+04 BHHH norm:       1e+04
[09:19:22] < General >   Results saved in file NL3.html
[09:19:22] < General >   Results saved in file NL3.pickle
[09:19:22] < General >   Log file created: NL3.log
