*** File created 2020-04-28 09:29:51.975744 ***
*** Log file from biogeme 3.2.5 [2020-04-28]
[09:26:30] < General >   Remove 24 unused variables from the database as only 23 are used.
[09:26:30] < General >   Log likelihood (N=10692):  -11071.26
[09:26:30] < General >   Minimize with tol 1e-07
[09:26:30] < General >   Log likelihood (N=10692):  -11071.26 Gradient norm:      7e+03  
[09:26:31] < General >   Log likelihood (N=10692):  -9340.313 Gradient norm:      2e+03  
[09:26:31] < General >   Log likelihood (N=10692):  -9173.288 Gradient norm:      1e+03  
[09:26:31] < General >   Log likelihood (N=10692):  -8908.695 Gradient norm:      1e+03  
[09:26:32] < General >   Log likelihood (N=10692):  -8668.836 Gradient norm:      2e+03  
[09:26:32] < General >   Log likelihood (N=10692):  -8150.738 Gradient norm:      6e+02  
[09:26:32] < General >   Log likelihood (N=10692):  -8077.704 Gradient norm:      6e+02  
[09:26:32] < General >   Log likelihood (N=10692):  -8031.531 Gradient norm:      4e+02  
[09:26:33] < General >   Log likelihood (N=10692):  -7982.029 Gradient norm:      3e+02  
[09:26:33] < General >   Log likelihood (N=10692):  -7951.095 Gradient norm:      4e+02  
[09:26:33] < General >   Log likelihood (N=10692):  -7908.771 Gradient norm:      5e+02  
[09:26:33] < General >   Log likelihood (N=10692):  -7886.975 Gradient norm:      2e+02  
[09:26:33] < General >   Log likelihood (N=10692):  -7880.902 Gradient norm:      2e+02  
[09:26:34] < General >   Log likelihood (N=10692):  -7873.768 Gradient norm:      2e+02  
[09:26:34] < General >   Log likelihood (N=10692):  -7850.287 Gradient norm:      2e+02  
[09:26:34] < General >   Log likelihood (N=10692):  -8104.925 Gradient norm:      2e+03  
[09:26:34] < General >   Log likelihood (N=10692):  -7845.764 Gradient norm:      1e+02  
[09:26:34] < General >   Log likelihood (N=10692):  -7836.066 Gradient norm:      1e+02  
[09:26:34] < General >   Log likelihood (N=10692):  -7827.815 Gradient norm:      2e+02  
[09:26:35] < General >   Log likelihood (N=10692):  -7815.427 Gradient norm:      1e+02  
[09:26:35] < General >   Log likelihood (N=10692):  -7808.809 Gradient norm:      9e+01  
[09:26:35] < General >   Log likelihood (N=10692):  -7804.924 Gradient norm:      7e+01  
[09:26:35] < General >   Log likelihood (N=10692):  -7800.365 Gradient norm:      1e+02  
[09:26:35] < General >   Log likelihood (N=10692):  -7797.616 Gradient norm:      2e+02  
[09:26:36] < General >   Log likelihood (N=10692):  -7795.023 Gradient norm:      9e+01  
[09:26:36] < General >   Log likelihood (N=10692):  -7793.895 Gradient norm:      7e+01  
[09:26:36] < General >   Log likelihood (N=10692):  -7792.007 Gradient norm:      8e+01  
[09:26:37] < General >   Log likelihood (N=10692):  -7788.198 Gradient norm:      1e+02  
[09:26:37] < General >   Log likelihood (N=10692):   -7784.05 Gradient norm:      1e+02  
[09:26:37] < General >   Log likelihood (N=10692):  -7783.404 Gradient norm:      3e+02  
[09:26:38] < General >   Log likelihood (N=10692):  -7779.575 Gradient norm:      1e+02  
[09:26:38] < General >   Log likelihood (N=10692):   -7771.48 Gradient norm:      2e+02  
[09:26:38] < General >   Log likelihood (N=10692):  -7765.612 Gradient norm:      1e+02  
[09:26:38] < General >   Log likelihood (N=10692):  -7760.882 Gradient norm:      2e+02  
[09:26:39] < General >   Log likelihood (N=10692):  -7756.698 Gradient norm:      1e+02  
[09:26:39] < General >   Log likelihood (N=10692):  -7752.045 Gradient norm:      2e+02  
[09:26:39] < General >   Log likelihood (N=10692):  -7745.309 Gradient norm:      1e+02  
[09:26:39] < General >   Log likelihood (N=10692):  -7738.058 Gradient norm:      1e+02  
[09:26:39] < General >   Log likelihood (N=10692):  -7742.165 Gradient norm:      8e+02  
[09:26:40] < General >   Log likelihood (N=10692):  -7736.021 Gradient norm:      3e+02  
[09:26:40] < General >   Log likelihood (N=10692):  -7741.802 Gradient norm:      5e+02  
[09:26:40] < General >   Log likelihood (N=10692):  -7734.214 Gradient norm:      1e+02  
[09:26:40] < General >   Log likelihood (N=10692):  -7733.685 Gradient norm:      1e+02  
[09:26:40] < General >   Log likelihood (N=10692):   -7732.82 Gradient norm:      9e+01  
[09:26:40] < General >   Log likelihood (N=10692):   -7731.73 Gradient norm:      1e+02  
[09:26:41] < General >   Log likelihood (N=10692):  -7730.071 Gradient norm:      8e+01  
[09:26:41] < General >   Log likelihood (N=10692):  -7729.191 Gradient norm:      1e+02  
[09:26:41] < General >   Log likelihood (N=10692):  -7728.964 Gradient norm:      1e+02  
[09:26:41] < General >   Log likelihood (N=10692):  -7728.832 Gradient norm:      7e+01  
[09:26:41] < General >   Log likelihood (N=10692):   -7728.76 Gradient norm:      7e+01  
[09:26:42] < General >   Log likelihood (N=10692):  -7728.635 Gradient norm:      8e+01  
[09:26:42] < General >   Log likelihood (N=10692):  -7728.525 Gradient norm:      7e+01  
[09:26:42] < General >   Log likelihood (N=10692):  -7728.404 Gradient norm:      6e+01  
[09:26:42] < General >   Log likelihood (N=10692):  -7728.233 Gradient norm:      6e+01  
[09:26:42] < General >   Log likelihood (N=10692):    -7728.1 Gradient norm:      6e+01  
[09:26:43] < General >   Log likelihood (N=10692):  -7727.996 Gradient norm:      6e+01  
[09:26:43] < General >   Log likelihood (N=10692):  -7727.906 Gradient norm:      6e+01  
[09:26:43] < General >   Log likelihood (N=10692):  -7727.735 Gradient norm:      6e+01  
[09:26:43] < General >   Log likelihood (N=10692):  -7727.663 Gradient norm:      6e+01  
[09:26:43] < General >   Log likelihood (N=10692):   -7727.64 Gradient norm:      6e+01  
[09:26:44] < General >   Log likelihood (N=10692):  -7727.638 Gradient norm:      8e+01  
[09:26:44] < General >   Log likelihood (N=10692):  -7727.629 Gradient norm:      7e+01  
[09:26:44] < General >   Log likelihood (N=10692):  -7727.619 Gradient norm:      7e+01  
[09:26:44] < General >   Log likelihood (N=10692):   -7727.58 Gradient norm:      7e+01  
[09:26:44] < General >   Log likelihood (N=10692):  -7727.554 Gradient norm:      7e+01  
[09:26:44] < General >   Log likelihood (N=10692):  -7727.484 Gradient norm:      6e+01  
[09:26:45] < General >   Log likelihood (N=10692):  -7727.423 Gradient norm:      6e+01  
[09:26:45] < General >   Log likelihood (N=10692):  -7727.311 Gradient norm:      7e+01  
[09:26:45] < General >   Log likelihood (N=10692):  -7727.209 Gradient norm:      7e+01  
[09:26:45] < General >   Log likelihood (N=10692):  -7727.102 Gradient norm:      7e+01  
[09:26:45] < General >   Log likelihood (N=10692):   -7727.07 Gradient norm:      6e+01  
[09:26:46] < General >   Log likelihood (N=10692):  -7727.033 Gradient norm:      6e+01  
[09:26:46] < General >   Log likelihood (N=10692):  -7727.019 Gradient norm:      6e+01  
[09:26:46] < General >   Log likelihood (N=10692):  -7727.006 Gradient norm:      6e+01  
[09:26:46] < General >   Log likelihood (N=10692):  -7726.989 Gradient norm:      6e+01  
[09:26:46] < General >   Log likelihood (N=10692):  -7726.962 Gradient norm:      6e+01  
[09:26:47] < General >   Log likelihood (N=10692):  -7726.925 Gradient norm:      6e+01  
[09:26:47] < General >   Log likelihood (N=10692):  -7726.881 Gradient norm:      6e+01  
[09:26:47] < General >   Log likelihood (N=10692):  -7726.861 Gradient norm:      6e+01  
[09:26:47] < General >   Log likelihood (N=10692):  -7726.847 Gradient norm:      6e+01  
[09:26:47] < General >   Log likelihood (N=10692):  -7726.836 Gradient norm:      6e+01  
[09:26:48] < General >   Log likelihood (N=10692):  -7726.814 Gradient norm:      5e+01  
[09:26:48] < General >   Log likelihood (N=10692):  -7726.798 Gradient norm:      5e+01  
[09:26:48] < General >   Log likelihood (N=10692):  -7726.783 Gradient norm:      5e+01  
[09:26:48] < General >   Log likelihood (N=10692):  -7726.764 Gradient norm:      5e+01  
[09:26:48] < General >   Log likelihood (N=10692):  -7726.772 Gradient norm:      7e+01  
[09:26:48] < General >   Log likelihood (N=10692):  -7726.758 Gradient norm:      6e+01  
[09:26:49] < General >   Log likelihood (N=10692):  -7726.746 Gradient norm:      5e+01  
[09:26:49] < General >   Log likelihood (N=10692):  -7726.734 Gradient norm:      5e+01  
[09:26:49] < General >   Log likelihood (N=10692):   -7726.73 Gradient norm:      5e+01  
[09:26:49] < General >   Log likelihood (N=10692):  -7726.723 Gradient norm:      5e+01  
[09:26:49] < General >   Log likelihood (N=10692):  -7726.709 Gradient norm:      5e+01  
[09:26:50] < General >   Log likelihood (N=10692):  -7727.022 Gradient norm:      1e+02  
[09:26:50] < General >   Log likelihood (N=10692):  -7726.703 Gradient norm:      6e+01  
[09:26:50] < General >   Log likelihood (N=10692):  -7726.694 Gradient norm:      5e+01  
[09:26:50] < General >   Log likelihood (N=10692):  -7726.689 Gradient norm:      5e+01  
[09:26:50] < General >   Log likelihood (N=10692):  -7726.686 Gradient norm:      5e+01  
[09:26:51] < General >   Log likelihood (N=10692):   -7726.68 Gradient norm:      5e+01  
[09:26:51] < General >   Log likelihood (N=10692):  -7726.693 Gradient norm:      6e+01  
[09:26:51] < General >   Log likelihood (N=10692):  -7726.679 Gradient norm:      5e+01  
[09:26:51] < General >   Log likelihood (N=10692):  -7726.677 Gradient norm:      5e+01  
[09:26:51] < General >   Log likelihood (N=10692):  -7726.672 Gradient norm:      5e+01  
[09:26:52] < General >   Log likelihood (N=10692):  -7726.669 Gradient norm:      5e+01  
[09:26:52] < General >   Log likelihood (N=10692):  -7726.666 Gradient norm:      5e+01  
[09:26:52] < General >   Log likelihood (N=10692):  -7726.664 Gradient norm:      5e+01  
[09:26:52] < General >   Log likelihood (N=10692):   -7726.66 Gradient norm:      5e+01  
[09:26:52] < General >   Log likelihood (N=10692):  -7726.654 Gradient norm:      5e+01  
[09:26:52] < General >   Log likelihood (N=10692):  -7726.649 Gradient norm:      5e+01  
[09:26:53] < General >   Log likelihood (N=10692):  -7726.643 Gradient norm:      5e+01  
[09:26:53] < General >   Log likelihood (N=10692):  -7726.639 Gradient norm:      5e+01  
[09:26:53] < General >   Log likelihood (N=10692):  -7726.636 Gradient norm:      5e+01  
[09:26:53] < General >   Log likelihood (N=10692):  -7726.665 Gradient norm:      8e+01  
[09:26:53] < General >   Log likelihood (N=10692):  -7726.632 Gradient norm:      5e+01  
[09:26:54] < General >   Log likelihood (N=10692):  -7726.623 Gradient norm:      5e+01  
[09:26:54] < General >   Log likelihood (N=10692):  -7726.619 Gradient norm:      5e+01  
[09:26:54] < General >   Log likelihood (N=10692):  -7726.615 Gradient norm:      5e+01  
[09:26:54] < General >   Log likelihood (N=10692):   -7726.61 Gradient norm:      5e+01  
[09:26:54] < General >   Log likelihood (N=10692):  -7726.605 Gradient norm:      5e+01  
[09:26:55] < General >   Log likelihood (N=10692):  -7726.597 Gradient norm:      5e+01  
[09:26:55] < General >   Log likelihood (N=10692):  -7726.593 Gradient norm:      5e+01  
[09:26:55] < General >   Log likelihood (N=10692):  -7726.588 Gradient norm:      6e+01  
[09:26:55] < General >   Log likelihood (N=10692):  -7726.581 Gradient norm:      5e+01  
[09:26:55] < General >   Log likelihood (N=10692):  -7726.579 Gradient norm:      5e+01  
[09:26:55] < General >   Log likelihood (N=10692):  -7726.575 Gradient norm:      5e+01  
[09:26:56] < General >   Log likelihood (N=10692):  -7726.584 Gradient norm:      6e+01  
[09:26:56] < General >   Log likelihood (N=10692):  -7726.574 Gradient norm:      5e+01  
[09:26:56] < General >   Log likelihood (N=10692):   -7726.57 Gradient norm:      5e+01  
[09:26:56] < General >   Log likelihood (N=10692):  -7726.568 Gradient norm:      5e+01  
[09:26:56] < General >   Log likelihood (N=10692):  -7726.565 Gradient norm:      5e+01  
[09:26:57] < General >   Log likelihood (N=10692):  -7726.563 Gradient norm:      5e+01  
[09:26:57] < General >   Log likelihood (N=10692):   -7726.56 Gradient norm:      5e+01  
[09:26:57] < General >   Log likelihood (N=10692):  -7726.555 Gradient norm:      5e+01  
[09:26:57] < General >   Log likelihood (N=10692):   -7726.55 Gradient norm:      5e+01  
[09:26:57] < General >   Log likelihood (N=10692):  -7726.622 Gradient norm:      8e+01  
[09:26:58] < General >   Log likelihood (N=10692):  -7726.548 Gradient norm:      6e+01  
[09:26:58] < General >   Log likelihood (N=10692):  -7726.542 Gradient norm:      5e+01  
[09:26:58] < General >   Log likelihood (N=10692):  -7726.539 Gradient norm:      5e+01  
[09:26:58] < General >   Log likelihood (N=10692):  -7726.531 Gradient norm:      6e+01  
[09:26:58] < General >   Log likelihood (N=10692):  -7726.526 Gradient norm:      6e+01  
[09:26:59] < General >   Log likelihood (N=10692):  -7726.521 Gradient norm:      6e+01  
[09:26:59] < General >   Log likelihood (N=10692):  -7726.514 Gradient norm:      6e+01  
[09:26:59] < General >   Log likelihood (N=10692):  -7726.508 Gradient norm:      6e+01  
[09:26:59] < General >   Log likelihood (N=10692):  -7726.505 Gradient norm:      6e+01  
[09:26:59] < General >   Log likelihood (N=10692):  -7726.495 Gradient norm:      6e+01  
[09:26:59] < General >   Log likelihood (N=10692):  -7726.471 Gradient norm:      6e+01  
[09:27:00] < General >   Log likelihood (N=10692):  -7726.494 Gradient norm:      7e+01  
[09:27:00] < General >   Log likelihood (N=10692):  -7726.465 Gradient norm:      6e+01  
[09:27:00] < General >   Log likelihood (N=10692):  -7726.454 Gradient norm:      6e+01  
[09:27:00] < General >   Log likelihood (N=10692):  -7726.447 Gradient norm:      6e+01  
[09:27:00] < General >   Log likelihood (N=10692):  -7726.431 Gradient norm:      6e+01  
[09:27:01] < General >   Log likelihood (N=10692):   -7726.42 Gradient norm:      6e+01  
[09:27:01] < General >   Log likelihood (N=10692):  -7726.421 Gradient norm:      7e+01  
[09:27:01] < General >   Log likelihood (N=10692):  -7726.414 Gradient norm:      6e+01  
[09:27:01] < General >   Log likelihood (N=10692):  -7726.406 Gradient norm:      6e+01  
[09:27:01] < General >   Log likelihood (N=10692):  -7726.404 Gradient norm:      6e+01  
[09:27:02] < General >   Log likelihood (N=10692):  -7726.401 Gradient norm:      6e+01  
[09:27:02] < General >   Log likelihood (N=10692):  -7726.394 Gradient norm:      6e+01  
[09:27:02] < General >   Log likelihood (N=10692):  -7726.385 Gradient norm:      6e+01  
[09:27:02] < General >   Log likelihood (N=10692):  -7726.428 Gradient norm:      8e+01  
[09:27:02] < General >   Log likelihood (N=10692):  -7726.382 Gradient norm:      6e+01  
[09:27:03] < General >   Log likelihood (N=10692):  -7726.373 Gradient norm:      6e+01  
[09:27:03] < General >   Log likelihood (N=10692):  -7726.362 Gradient norm:      6e+01  
[09:27:03] < General >   Log likelihood (N=10692):   -7726.35 Gradient norm:      6e+01  
[09:27:03] < General >   Log likelihood (N=10692):  -7726.336 Gradient norm:      6e+01  
[09:27:03] < General >   Log likelihood (N=10692):  -7726.324 Gradient norm:      6e+01  
[09:27:03] < General >   Log likelihood (N=10692):  -7726.699 Gradient norm:      2e+02  
[09:27:04] < General >   Log likelihood (N=10692):  -7726.323 Gradient norm:      6e+01  
[09:27:04] < General >   Log likelihood (N=10692):  -7726.319 Gradient norm:      6e+01  
[09:27:04] < General >   Log likelihood (N=10692):  -7726.314 Gradient norm:      6e+01  
[09:27:04] < General >   Log likelihood (N=10692):  -7726.306 Gradient norm:      6e+01  
[09:27:04] < General >   Log likelihood (N=10692):  -7726.303 Gradient norm:      6e+01  
[09:27:05] < General >   Log likelihood (N=10692):  -7726.302 Gradient norm:      6e+01  
[09:27:05] < General >   Log likelihood (N=10692):    -7726.3 Gradient norm:      6e+01  
[09:27:05] < General >   Log likelihood (N=10692):  -7726.298 Gradient norm:      6e+01  
[09:27:05] < General >   Log likelihood (N=10692):  -7726.297 Gradient norm:      6e+01  
[09:27:05] < General >   Log likelihood (N=10692):  -7726.295 Gradient norm:      6e+01  
[09:27:06] < General >   Log likelihood (N=10692):  -7726.292 Gradient norm:      6e+01  
[09:27:06] < General >   Log likelihood (N=10692):  -7726.304 Gradient norm:      7e+01  
[09:27:06] < General >   Log likelihood (N=10692):  -7726.291 Gradient norm:      6e+01  
[09:27:06] < General >   Log likelihood (N=10692):   -7726.29 Gradient norm:      6e+01  
[09:27:06] < General >   Log likelihood (N=10692):  -7726.288 Gradient norm:      6e+01  
[09:27:06] < General >   Log likelihood (N=10692):  -7726.285 Gradient norm:      6e+01  
[09:27:07] < General >   Log likelihood (N=10692):  -7726.283 Gradient norm:      6e+01  
[09:27:07] < General >   Log likelihood (N=10692):   -7726.29 Gradient norm:      6e+01  
[09:27:07] < General >   Log likelihood (N=10692):  -7726.281 Gradient norm:      5e+01  
[09:27:07] < General >   Log likelihood (N=10692):  -7726.279 Gradient norm:      5e+01  
[09:27:07] < General >   Log likelihood (N=10692):  -7726.279 Gradient norm:      6e+01  
[09:27:08] < General >   Log likelihood (N=10692):  -7726.278 Gradient norm:      5e+01  
[09:27:08] < General >   Log likelihood (N=10692):  -7726.277 Gradient norm:      5e+01  
[09:27:08] < General >   Log likelihood (N=10692):  -7726.274 Gradient norm:      5e+01  
[09:27:08] < General >   Log likelihood (N=10692):  -7726.278 Gradient norm:      6e+01  
[09:27:08] < General >   Log likelihood (N=10692):  -7726.274 Gradient norm:      5e+01  
[09:27:09] < General >   Log likelihood (N=10692):  -7726.272 Gradient norm:      5e+01  
[09:27:09] < General >   Log likelihood (N=10692):  -7726.271 Gradient norm:      5e+01  
[09:27:09] < General >   Log likelihood (N=10692):   -7726.27 Gradient norm:      5e+01  
[09:27:09] < General >   Log likelihood (N=10692):   -7726.27 Gradient norm:      5e+01  
[09:27:09] < General >   Log likelihood (N=10692):  -7726.268 Gradient norm:      5e+01  
[09:27:10] < General >   Log likelihood (N=10692):  -7726.271 Gradient norm:      6e+01  
[09:27:10] < General >   Log likelihood (N=10692):  -7726.268 Gradient norm:      5e+01  
[09:27:10] < General >   Log likelihood (N=10692):  -7726.267 Gradient norm:      5e+01  
[09:27:10] < General >   Log likelihood (N=10692):  -7726.267 Gradient norm:      5e+01  
[09:27:10] < General >   Log likelihood (N=10692):  -7726.267 Gradient norm:      6e+01  
[09:27:10] < General >   Log likelihood (N=10692):  -7726.266 Gradient norm:      6e+01  
[09:27:11] < General >   Log likelihood (N=10692):  -7726.264 Gradient norm:      6e+01  
[09:27:11] < General >   Log likelihood (N=10692):  -7726.263 Gradient norm:      6e+01  
[09:27:11] < General >   Log likelihood (N=10692):   -7726.26 Gradient norm:      5e+01  
[09:27:11] < General >   Log likelihood (N=10692):  -7726.259 Gradient norm:      5e+01  
[09:27:11] < General >   Log likelihood (N=10692):  -7726.258 Gradient norm:      5e+01  
[09:27:12] < General >   Log likelihood (N=10692):  -7726.258 Gradient norm:      5e+01  
[09:27:12] < General >   Log likelihood (N=10692):  -7726.258 Gradient norm:      5e+01  
[09:27:12] < General >   Log likelihood (N=10692):  -7726.257 Gradient norm:      5e+01  
[09:27:12] < General >   Log likelihood (N=10692):  -7726.257 Gradient norm:      5e+01  
[09:27:12] < General >   Log likelihood (N=10692):  -7726.256 Gradient norm:      5e+01  
[09:27:13] < General >   Log likelihood (N=10692):  -7726.256 Gradient norm:      5e+01  
[09:27:13] < General >   Log likelihood (N=10692):  -7726.255 Gradient norm:      5e+01  
[09:27:13] < General >   Log likelihood (N=10692):  -7726.253 Gradient norm:      5e+01  
[09:27:13] < General >   Log likelihood (N=10692):  -7726.253 Gradient norm:      5e+01  
[09:27:13] < General >   Log likelihood (N=10692):  -7726.252 Gradient norm:      6e+01  
[09:27:14] < General >   Log likelihood (N=10692):  -7726.252 Gradient norm:      6e+01  
[09:27:14] < General >   Log likelihood (N=10692):  -7726.252 Gradient norm:      6e+01  
[09:27:14] < General >   Log likelihood (N=10692):  -7726.252 Gradient norm:      6e+01  
[09:27:14] < General >   Log likelihood (N=10692):  -7726.252 Gradient norm:      6e+01  
[09:27:14] < General >   Log likelihood (N=10692):  -7726.251 Gradient norm:      6e+01  
[09:27:14] < General >   Log likelihood (N=10692):  -7726.251 Gradient norm:      6e+01  
[09:27:15] < General >   Log likelihood (N=10692):  -7726.251 Gradient norm:      6e+01  
[09:27:15] < General >   Log likelihood (N=10692):  -7726.251 Gradient norm:      6e+01  
[09:27:15] < General >   Log likelihood (N=10692):   -7726.25 Gradient norm:      6e+01  
[09:27:15] < General >   Log likelihood (N=10692):   -7726.25 Gradient norm:      6e+01  
[09:27:15] < General >   Log likelihood (N=10692):   -7726.25 Gradient norm:      6e+01  
[09:27:16] < General >   Log likelihood (N=10692):   -7726.25 Gradient norm:      6e+01  
[09:27:16] < General >   Log likelihood (N=10692):   -7726.25 Gradient norm:      6e+01  
[09:27:16] < General >   Log likelihood (N=10692):  -7726.249 Gradient norm:      6e+01  
[09:27:16] < General >   Log likelihood (N=10692):  -7726.249 Gradient norm:      6e+01  
[09:27:16] < General >   Log likelihood (N=10692):  -7726.249 Gradient norm:      6e+01  
[09:27:17] < General >   Log likelihood (N=10692):  -7726.248 Gradient norm:      6e+01  
[09:27:17] < General >   Log likelihood (N=10692):  -7726.248 Gradient norm:      6e+01  
[09:27:17] < General >   Log likelihood (N=10692):  -7726.248 Gradient norm:      6e+01  
[09:27:17] < General >   Log likelihood (N=10692):  -7726.247 Gradient norm:      6e+01  
[09:27:17] < General >   Log likelihood (N=10692):  -7726.247 Gradient norm:      6e+01  
[09:27:18] < General >   Log likelihood (N=10692):  -7726.247 Gradient norm:      6e+01  
[09:27:18] < General >   Log likelihood (N=10692):  -7726.246 Gradient norm:      6e+01  
[09:27:18] < General >   Log likelihood (N=10692):  -7726.246 Gradient norm:      6e+01  
[09:27:18] < General >   Log likelihood (N=10692):  -7726.246 Gradient norm:      6e+01  
[09:27:18] < General >   Log likelihood (N=10692):  -7726.246 Gradient norm:      6e+01  
[09:27:18] < General >   Log likelihood (N=10692):  -7726.245 Gradient norm:      6e+01  
[09:27:19] < General >   Log likelihood (N=10692):  -7726.245 Gradient norm:      6e+01  
[09:27:19] < General >   Log likelihood (N=10692):  -7726.245 Gradient norm:      6e+01  
[09:27:19] < General >   Log likelihood (N=10692):  -7726.245 Gradient norm:      6e+01  
[09:27:19] < General >   Log likelihood (N=10692):  -7726.245 Gradient norm:      6e+01  
[09:27:19] < General >   Log likelihood (N=10692):  -7726.245 Gradient norm:      6e+01  
[09:27:20] < General >   Log likelihood (N=10692):  -7726.244 Gradient norm:      6e+01  
[09:27:20] < General >   Log likelihood (N=10692):  -7726.244 Gradient norm:      6e+01  
[09:27:20] < General >   Log likelihood (N=10692):  -7726.244 Gradient norm:      6e+01  
[09:27:20] < General >   Log likelihood (N=10692):  -7726.244 Gradient norm:      6e+01  
[09:27:20] < General >   Log likelihood (N=10692):  -7726.244 Gradient norm:      6e+01  
[09:27:21] < General >   Log likelihood (N=10692):  -7726.244 Gradient norm:      6e+01  
[09:27:21] < General >   Log likelihood (N=10692):  -7726.244 Gradient norm:      6e+01  
[09:27:21] < General >   Log likelihood (N=10692):  -7726.244 Gradient norm:      6e+01  
[09:27:21] < General >   Log likelihood (N=10692):  -7726.244 Gradient norm:      6e+01  
[09:27:21] < General >   Log likelihood (N=10692):  -7726.244 Gradient norm:      6e+01  
[09:27:22] < General >   Log likelihood (N=10692):  -7726.244 Gradient norm:      6e+01  
[09:27:22] < General >   Log likelihood (N=10692):  -7726.244 Gradient norm:      6e+01  
[09:27:22] < General >   Log likelihood (N=10692):  -7726.245 Gradient norm:      6e+01  
[09:27:22] < General >   Log likelihood (N=10692):  -7726.244 Gradient norm:      6e+01  
[09:27:22] < General >   Log likelihood (N=10692):  -7726.244 Gradient norm:      6e+01  
[09:27:22] < General >   Log likelihood (N=10692):  -7726.244 Gradient norm:      6e+01  
[09:27:23] < General >   Log likelihood (N=10692):  -7726.244 Gradient norm:      6e+01  
[09:27:23] < General >   Log likelihood (N=10692):  -7726.244 Gradient norm:      6e+01  
[09:27:23] < General >   Log likelihood (N=10692):  -7726.244 Gradient norm:      6e+01  
[09:27:23] < General >   Log likelihood (N=10692):  -7726.244 Gradient norm:      6e+01  
[09:27:23] < General >   Log likelihood (N=10692):  -7726.244 Gradient norm:      6e+01  
[09:27:24] < General >   Log likelihood (N=10692):  -7726.244 Gradient norm:      6e+01  
[09:27:24] < General >   Log likelihood (N=10692):  -7726.244 Gradient norm:      6e+01  
[09:27:24] < General >   Log likelihood (N=10692):  -7726.244 Gradient norm:      6e+01  
[09:27:24] < General >   Log likelihood (N=10692):  -7726.244 Gradient norm:      6e+01  
[09:27:24] < General >   Log likelihood (N=10692):  -7726.244 Gradient norm:      6e+01  
[09:27:25] < General >   Log likelihood (N=10692):  -7726.244 Gradient norm:      6e+01  
[09:27:25] < General >   Log likelihood (N=10692):  -7726.244 Gradient norm:      6e+01  
[09:27:25] < General >   Log likelihood (N=10692):  -7726.244 Gradient norm:      6e+01  
[09:27:25] < General >   Log likelihood (N=10692):  -7726.244 Gradient norm:      6e+01  
[09:27:25] < General >   Log likelihood (N=10692):  -7726.244 Gradient norm:      6e+01  
[09:27:25] < General >   Log likelihood (N=10692):  -7726.244 Gradient norm:      6e+01  
[09:27:26] < General >   Log likelihood (N=10692):  -7726.244 Gradient norm:      6e+01  
[09:27:26] < General >   Log likelihood (N=10692):  -7726.244 Gradient norm:      6e+01  
[09:27:26] < General >   Log likelihood (N=10692):  -7726.244 Gradient norm:      6e+01  
[09:27:26] < General >   Log likelihood (N=10692):  -7726.244 Gradient norm:      6e+01  
[09:27:26] < General >   Log likelihood (N=10692):  -7726.244 Gradient norm:      6e+01  
[09:27:27] < General >   Log likelihood (N=10692):  -7726.244 Gradient norm:      6e+01  
[09:27:27] < General >   Log likelihood (N=10692):  -7726.244 Gradient norm:      6e+01  
[09:27:27] < General >   Log likelihood (N=10692):  -7726.244 Gradient norm:      6e+01  
[09:27:27] < General >   Log likelihood (N=10692):  -7726.244 Gradient norm:      6e+01  
[09:27:27] < General >   Log likelihood (N=10692):  -7726.244 Gradient norm:      6e+01  
[09:27:28] < General >   Log likelihood (N=10692):  -7726.244 Gradient norm:      6e+01  
[09:27:28] < General >   Log likelihood (N=10692):  -7726.244 Gradient norm:      6e+01  
[09:27:28] < General >   Log likelihood (N=10692):  -7726.244 Gradient norm:      6e+01  
[09:27:28] < General >   Log likelihood (N=10692):  -7726.244 Gradient norm:      6e+01  
[09:27:28] < General >   Log likelihood (N=10692):  -7726.244 Gradient norm:      6e+01  
[09:27:29] < General >   Log likelihood (N=10692):  -7726.244 Gradient norm:      6e+01  
[09:27:29] < General >   Log likelihood (N=10692):  -7726.244 Gradient norm:      6e+01  
[09:27:29] < General >   Log likelihood (N=10692):  -7726.244 Gradient norm:      6e+01  
[09:27:29] < General >   Log likelihood (N=10692):  -7726.244 Gradient norm:      6e+01  
[09:27:29] < General >   Log likelihood (N=10692):  -7726.244 Gradient norm:      6e+01  
[09:27:29] < General >   Log likelihood (N=10692):  -7726.244 Gradient norm:      6e+01  
[09:27:30] < General >   Log likelihood (N=10692):  -7726.244 Gradient norm:      6e+01  
[09:27:30] < General >   Log likelihood (N=10692):  -7726.244 Gradient norm:      6e+01  
[09:27:30] < General >   Log likelihood (N=10692):  -7726.244 Gradient norm:      6e+01  
[09:27:30] < General >   Log likelihood (N=10692):  -7726.244 Gradient norm:      6e+01  
[09:27:30] < General >   Log likelihood (N=10692):  -7726.244 Gradient norm:      6e+01  
[09:27:31] < General >   Log likelihood (N=10692):  -7726.244 Gradient norm:      6e+01  
[09:27:31] < General >   Log likelihood (N=10692):  -7726.244 Gradient norm:      6e+01  
[09:27:31] < General >   Log likelihood (N=10692):  -7726.244 Gradient norm:      6e+01  
[09:27:31] < General >   Log likelihood (N=10692):  -7726.244 Gradient norm:      6e+01  
[09:27:31] < General >   Log likelihood (N=10692):  -7726.244 Gradient norm:      6e+01  
[09:27:32] < General >   Log likelihood (N=10692):  -7726.244 Gradient norm:      6e+01  
[09:27:32] < General >   Log likelihood (N=10692):  -7726.244 Gradient norm:      6e+01  
[09:27:32] < General >   Log likelihood (N=10692):  -7726.244 Gradient norm:      6e+01  
[09:27:32] < General >   Log likelihood (N=10692):  -7726.244 Gradient norm:      6e+01  
[09:27:32] < General >   Log likelihood (N=10692):  -7726.244 Gradient norm:      6e+01  
[09:27:33] < General >   Log likelihood (N=10692):  -7726.244 Gradient norm:      6e+01  
[09:27:33] < General >   Log likelihood (N=10692):  -7726.244 Gradient norm:      6e+01  
[09:27:33] < General >   Log likelihood (N=10692):  -7726.244 Gradient norm:      6e+01  
[09:27:33] < General >   Log likelihood (N=10692):  -7726.244 Gradient norm:      6e+01  
[09:27:33] < General >   Log likelihood (N=10692):  -7726.244 Gradient norm:      6e+01  
[09:27:33] < General >   Log likelihood (N=10692):  -7726.244 Gradient norm:      6e+01  
[09:27:34] < General >   Log likelihood (N=10692):  -7726.244 Gradient norm:      6e+01  
[09:27:34] < General >   Log likelihood (N=10692):  -7726.244 Gradient norm:      6e+01  
[09:27:34] < General >   Log likelihood (N=10692):  -7726.244 Gradient norm:      6e+01  
[09:27:34] < General >   Log likelihood (N=10692):  -7726.244 Gradient norm:      6e+01  
[09:27:34] < General >   Log likelihood (N=10692):  -7726.244 Gradient norm:      6e+01  
[09:27:35] < General >   Log likelihood (N=10692):  -7726.244 Gradient norm:      6e+01  
[09:27:35] < General >   Log likelihood (N=10692):  -7726.244 Gradient norm:      6e+01  
[09:27:35] < General >   Log likelihood (N=10692):  -7726.244 Gradient norm:      6e+01  
[09:27:35] < General >   Log likelihood (N=10692):  -7726.245 Gradient norm:      6e+01  
[09:27:35] < General >   Log likelihood (N=10692):  -7726.244 Gradient norm:      6e+01  
[09:27:36] < General >   Log likelihood (N=10692):  -7726.244 Gradient norm:      6e+01  
[09:27:36] < General >   Log likelihood (N=10692):  -7726.244 Gradient norm:      6e+01  
[09:27:36] < General >   Log likelihood (N=10692):  -7726.243 Gradient norm:      6e+01  
[09:27:36] < General >   Log likelihood (N=10692):  -7726.243 Gradient norm:      6e+01  
[09:27:36] < General >   Log likelihood (N=10692):  -7726.243 Gradient norm:      6e+01  
[09:27:36] < General >   Log likelihood (N=10692):  -7726.243 Gradient norm:      6e+01  
[09:27:37] < General >   Log likelihood (N=10692):  -7726.243 Gradient norm:      6e+01  
[09:27:37] < General >   Log likelihood (N=10692):  -7726.243 Gradient norm:      6e+01  
[09:27:37] < General >   Log likelihood (N=10692):  -7726.243 Gradient norm:      6e+01  
[09:27:37] < General >   Log likelihood (N=10692):  -7726.244 Gradient norm:      6e+01  
[09:27:37] < General >   Log likelihood (N=10692):  -7726.243 Gradient norm:      6e+01  
[09:27:38] < General >   Log likelihood (N=10692):  -7726.243 Gradient norm:      6e+01  
[09:27:38] < General >   Log likelihood (N=10692):  -7726.243 Gradient norm:      6e+01  
[09:27:38] < General >   Log likelihood (N=10692):  -7726.243 Gradient norm:      6e+01  
[09:27:38] < General >   Log likelihood (N=10692):  -7726.245 Gradient norm:      6e+01  
[09:27:38] < General >   Log likelihood (N=10692):  -7726.243 Gradient norm:      6e+01  
[09:27:39] < General >   Log likelihood (N=10692):  -7726.243 Gradient norm:      6e+01  
[09:27:39] < General >   Log likelihood (N=10692):  -7726.243 Gradient norm:      6e+01  
[09:27:39] < General >   Log likelihood (N=10692):  -7726.243 Gradient norm:      6e+01  
[09:27:39] < General >   Log likelihood (N=10692):  -7726.243 Gradient norm:      6e+01  
[09:27:39] < General >   Log likelihood (N=10692):  -7726.243 Gradient norm:      6e+01  
[09:27:40] < General >   Log likelihood (N=10692):  -7726.243 Gradient norm:      6e+01  
[09:27:40] < General >   Log likelihood (N=10692):  -7726.243 Gradient norm:      6e+01  
[09:27:40] < General >   Log likelihood (N=10692):  -7726.243 Gradient norm:      6e+01  
[09:27:40] < General >   Log likelihood (N=10692):  -7726.243 Gradient norm:      6e+01  
[09:27:40] < General >   Log likelihood (N=10692):  -7726.243 Gradient norm:      6e+01  
[09:27:41] < General >   Log likelihood (N=10692):  -7726.243 Gradient norm:      6e+01  
[09:27:41] < General >   Log likelihood (N=10692):  -7726.243 Gradient norm:      6e+01  
[09:27:41] < General >   Log likelihood (N=10692):  -7726.243 Gradient norm:      6e+01  
[09:27:41] < General >   Log likelihood (N=10692):  -7726.243 Gradient norm:      6e+01  
[09:27:41] < General >   Log likelihood (N=10692):  -7726.243 Gradient norm:      6e+01  
[09:27:41] < General >   Log likelihood (N=10692):  -7726.243 Gradient norm:      6e+01  
[09:27:42] < General >   Log likelihood (N=10692):  -7726.243 Gradient norm:      6e+01  
[09:27:42] < General >   Log likelihood (N=10692):  -7726.243 Gradient norm:      6e+01  
[09:27:42] < General >   Log likelihood (N=10692):  -7726.243 Gradient norm:      6e+01  
[09:27:42] < General >   Log likelihood (N=10692):  -7726.243 Gradient norm:      6e+01  
[09:27:42] < General >   Log likelihood (N=10692):  -7726.243 Gradient norm:      6e+01  
[09:27:43] < General >   Log likelihood (N=10692):  -7726.243 Gradient norm:      6e+01  
[09:27:43] < General >   Log likelihood (N=10692):  -7726.243 Gradient norm:      6e+01  
[09:27:43] < General >   Log likelihood (N=10692):  -7726.242 Gradient norm:      6e+01  
[09:27:43] < General >   Log likelihood (N=10692):  -7726.242 Gradient norm:      6e+01  
[09:27:43] < General >   Log likelihood (N=10692):  -7726.242 Gradient norm:      6e+01  
[09:27:44] < General >   Log likelihood (N=10692):  -7726.242 Gradient norm:      6e+01  
[09:27:44] < General >   Log likelihood (N=10692):  -7726.242 Gradient norm:      6e+01  
[09:27:44] < General >   Log likelihood (N=10692):  -7726.246 Gradient norm:      6e+01  
[09:27:44] < General >   Log likelihood (N=10692):  -7726.242 Gradient norm:      6e+01  
[09:27:44] < General >   Log likelihood (N=10692):  -7726.242 Gradient norm:      6e+01  
[09:27:44] < General >   Log likelihood (N=10692):  -7726.242 Gradient norm:      6e+01  
[09:27:45] < General >   Log likelihood (N=10692):  -7726.242 Gradient norm:      6e+01  
[09:27:45] < General >   Log likelihood (N=10692):  -7726.242 Gradient norm:      6e+01  
[09:27:45] < General >   Log likelihood (N=10692):  -7726.242 Gradient norm:      6e+01  
[09:27:45] < General >   Log likelihood (N=10692):  -7726.242 Gradient norm:      6e+01  
[09:27:45] < General >   Log likelihood (N=10692):  -7726.242 Gradient norm:      6e+01  
[09:27:46] < General >   Log likelihood (N=10692):  -7726.242 Gradient norm:      6e+01  
[09:27:46] < General >   Log likelihood (N=10692):  -7726.242 Gradient norm:      6e+01  
[09:27:46] < General >   Log likelihood (N=10692):  -7726.242 Gradient norm:      6e+01  
[09:27:46] < General >   Log likelihood (N=10692):  -7726.242 Gradient norm:      6e+01  
[09:27:46] < General >   Log likelihood (N=10692):  -7726.242 Gradient norm:      6e+01  
[09:27:47] < General >   Log likelihood (N=10692):  -7726.242 Gradient norm:      6e+01  
[09:27:47] < General >   Log likelihood (N=10692):  -7726.242 Gradient norm:      6e+01  
[09:27:47] < General >   Log likelihood (N=10692):  -7726.242 Gradient norm:      6e+01  
[09:27:47] < General >   Log likelihood (N=10692):  -7726.242 Gradient norm:      6e+01  
[09:27:47] < General >   Log likelihood (N=10692):  -7726.242 Gradient norm:      6e+01  
[09:27:48] < General >   Log likelihood (N=10692):  -7726.242 Gradient norm:      6e+01  
[09:27:48] < General >   Log likelihood (N=10692):  -7726.242 Gradient norm:      6e+01  
[09:27:48] < General >   Log likelihood (N=10692):  -7726.242 Gradient norm:      6e+01  
[09:27:48] < General >   Log likelihood (N=10692):  -7726.242 Gradient norm:      6e+01  
[09:27:48] < General >   Log likelihood (N=10692):  -7726.242 Gradient norm:      6e+01  
[09:27:48] < General >   Log likelihood (N=10692):  -7726.242 Gradient norm:      6e+01  
[09:27:49] < General >   Log likelihood (N=10692):  -7726.242 Gradient norm:      6e+01  
[09:27:49] < General >   Log likelihood (N=10692):  -7726.242 Gradient norm:      6e+01  
[09:27:49] < General >   Log likelihood (N=10692):  -7726.242 Gradient norm:      6e+01  
[09:27:49] < General >   Log likelihood (N=10692):  -7726.242 Gradient norm:      6e+01  
[09:27:49] < General >   Log likelihood (N=10692):  -7726.242 Gradient norm:      6e+01  
[09:27:50] < General >   Log likelihood (N=10692):  -7726.242 Gradient norm:      6e+01  
[09:27:50] < General >   Log likelihood (N=10692):  -7726.243 Gradient norm:      6e+01  
[09:27:50] < General >   Log likelihood (N=10692):  -7726.242 Gradient norm:      6e+01  
[09:27:50] < General >   Log likelihood (N=10692):  -7726.242 Gradient norm:      6e+01  
[09:27:50] < General >   Log likelihood (N=10692):  -7726.242 Gradient norm:      6e+01  
[09:27:51] < General >   Log likelihood (N=10692):  -7726.242 Gradient norm:      6e+01  
[09:27:51] < General >   Log likelihood (N=10692):  -7726.242 Gradient norm:      6e+01  
[09:27:51] < General >   Log likelihood (N=10692):  -7726.242 Gradient norm:      6e+01  
[09:27:51] < General >   Log likelihood (N=10692):  -7726.242 Gradient norm:      6e+01  
[09:27:51] < General >   Log likelihood (N=10692):  -7726.241 Gradient norm:      6e+01  
[09:27:52] < General >   Log likelihood (N=10692):  -7726.241 Gradient norm:      6e+01  
[09:27:52] < General >   Log likelihood (N=10692):  -7726.241 Gradient norm:      6e+01  
[09:27:52] < General >   Log likelihood (N=10692):  -7726.241 Gradient norm:      6e+01  
[09:27:52] < General >   Log likelihood (N=10692):  -7726.241 Gradient norm:      6e+01  
[09:27:52] < General >   Log likelihood (N=10692):  -7726.241 Gradient norm:      6e+01  
[09:27:52] < General >   Log likelihood (N=10692):  -7726.241 Gradient norm:      6e+01  
[09:27:53] < General >   Log likelihood (N=10692):  -7726.241 Gradient norm:      6e+01  
[09:27:53] < General >   Log likelihood (N=10692):  -7726.241 Gradient norm:      6e+01  
[09:27:53] < General >   Log likelihood (N=10692):  -7726.241 Gradient norm:      6e+01  
[09:27:53] < General >   Log likelihood (N=10692):  -7726.241 Gradient norm:      6e+01  
[09:27:53] < General >   Log likelihood (N=10692):  -7726.241 Gradient norm:      6e+01  
[09:27:54] < General >   Log likelihood (N=10692):  -7726.241 Gradient norm:      6e+01  
[09:27:54] < General >   Log likelihood (N=10692):  -7726.241 Gradient norm:      6e+01  
[09:27:54] < General >   Log likelihood (N=10692):  -7726.241 Gradient norm:      6e+01  
[09:27:54] < General >   Log likelihood (N=10692):  -7726.241 Gradient norm:      6e+01  
[09:27:54] < General >   Log likelihood (N=10692):  -7726.241 Gradient norm:      6e+01  
[09:27:55] < General >   Log likelihood (N=10692):  -7726.241 Gradient norm:      6e+01  
[09:27:55] < General >   Log likelihood (N=10692):  -7726.241 Gradient norm:      6e+01  
[09:27:55] < General >   Log likelihood (N=10692):  -7726.241 Gradient norm:      6e+01  
[09:27:55] < General >   Log likelihood (N=10692):   -7726.24 Gradient norm:      6e+01  
[09:27:55] < General >   Log likelihood (N=10692):   -7726.24 Gradient norm:      6e+01  
[09:27:55] < General >   Log likelihood (N=10692):   -7726.24 Gradient norm:      6e+01  
[09:27:56] < General >   Log likelihood (N=10692):   -7726.24 Gradient norm:      6e+01  
[09:27:56] < General >   Log likelihood (N=10692):   -7726.24 Gradient norm:      6e+01  
[09:27:56] < General >   Log likelihood (N=10692):   -7726.24 Gradient norm:      6e+01  
[09:27:56] < General >   Log likelihood (N=10692):   -7726.24 Gradient norm:      6e+01  
[09:27:56] < General >   Log likelihood (N=10692):   -7726.24 Gradient norm:      6e+01  
[09:27:57] < General >   Log likelihood (N=10692):  -7726.243 Gradient norm:      6e+01  
[09:27:57] < General >   Log likelihood (N=10692):   -7726.24 Gradient norm:      6e+01  
[09:27:57] < General >   Log likelihood (N=10692):   -7726.24 Gradient norm:      6e+01  
[09:27:57] < General >   Log likelihood (N=10692):   -7726.24 Gradient norm:      6e+01  
[09:27:57] < General >   Log likelihood (N=10692):   -7726.24 Gradient norm:      6e+01  
[09:27:58] < General >   Log likelihood (N=10692):   -7726.24 Gradient norm:      6e+01  
[09:27:58] < General >   Log likelihood (N=10692):   -7726.24 Gradient norm:      6e+01  
[09:27:58] < General >   Log likelihood (N=10692):   -7726.24 Gradient norm:      6e+01  
[09:27:58] < General >   Log likelihood (N=10692):   -7726.24 Gradient norm:      6e+01  
[09:27:58] < General >   Log likelihood (N=10692):   -7726.24 Gradient norm:      6e+01  
[09:27:59] < General >   Log likelihood (N=10692):   -7726.24 Gradient norm:      6e+01  
[09:27:59] < General >   Log likelihood (N=10692):   -7726.24 Gradient norm:      6e+01  
[09:27:59] < General >   Log likelihood (N=10692):   -7726.24 Gradient norm:      6e+01  
[09:27:59] < General >   Log likelihood (N=10692):   -7726.24 Gradient norm:      6e+01  
[09:27:59] < General >   Log likelihood (N=10692):   -7726.24 Gradient norm:      6e+01  
[09:27:59] < General >   Log likelihood (N=10692):   -7726.24 Gradient norm:      6e+01  
[09:28:00] < General >   Log likelihood (N=10692):   -7726.24 Gradient norm:      6e+01  
[09:28:00] < General >   Log likelihood (N=10692):   -7726.24 Gradient norm:      6e+01  
[09:28:00] < General >   Log likelihood (N=10692):   -7726.24 Gradient norm:      6e+01  
[09:28:00] < General >   Log likelihood (N=10692):   -7726.24 Gradient norm:      6e+01  
[09:28:00] < General >   Log likelihood (N=10692):   -7726.24 Gradient norm:      6e+01  
[09:28:01] < General >   Log likelihood (N=10692):   -7726.24 Gradient norm:      6e+01  
[09:28:01] < General >   Log likelihood (N=10692):   -7726.24 Gradient norm:      6e+01  
[09:28:01] < General >   Log likelihood (N=10692):   -7726.24 Gradient norm:      6e+01  
[09:28:01] < General >   Log likelihood (N=10692):   -7726.24 Gradient norm:      6e+01  
[09:28:01] < General >   Log likelihood (N=10692):   -7726.24 Gradient norm:      6e+01  
[09:28:02] < General >   Log likelihood (N=10692):   -7726.24 Gradient norm:      6e+01  
[09:28:02] < General >   Log likelihood (N=10692):   -7726.24 Gradient norm:      6e+01  
[09:28:02] < General >   Log likelihood (N=10692):   -7726.24 Gradient norm:      6e+01  
[09:28:02] < General >   Log likelihood (N=10692):   -7726.24 Gradient norm:      6e+01  
[09:28:02] < General >   Log likelihood (N=10692):   -7726.24 Gradient norm:      6e+01  
[09:28:03] < General >   Log likelihood (N=10692):  -7726.239 Gradient norm:      6e+01  
[09:28:03] < General >   Log likelihood (N=10692):  -7726.239 Gradient norm:      6e+01  
[09:28:03] < General >   Log likelihood (N=10692):   -7726.26 Gradient norm:      7e+01  
[09:28:03] < General >   Log likelihood (N=10692):  -7726.239 Gradient norm:      6e+01  
[09:28:03] < General >   Log likelihood (N=10692):  -7726.239 Gradient norm:      6e+01  
[09:28:03] < General >   Log likelihood (N=10692):  -7726.239 Gradient norm:      6e+01  
[09:28:04] < General >   Log likelihood (N=10692):  -7726.239 Gradient norm:      6e+01  
[09:28:04] < General >   Log likelihood (N=10692):  -7726.239 Gradient norm:      6e+01  
[09:28:04] < General >   Log likelihood (N=10692):  -7726.239 Gradient norm:      6e+01  
[09:28:04] < General >   Log likelihood (N=10692):  -7726.238 Gradient norm:      6e+01  
[09:28:04] < General >   Log likelihood (N=10692):  -7726.237 Gradient norm:      6e+01  
[09:28:05] < General >   Log likelihood (N=10692):  -7726.237 Gradient norm:      6e+01  
[09:28:05] < General >   Log likelihood (N=10692):  -7726.237 Gradient norm:      6e+01  
[09:28:05] < General >   Log likelihood (N=10692):  -7726.237 Gradient norm:      6e+01  
[09:28:05] < General >   Log likelihood (N=10692):  -7726.237 Gradient norm:      6e+01  
[09:28:05] < General >   Log likelihood (N=10692):  -7726.236 Gradient norm:      6e+01  
[09:28:06] < General >   Log likelihood (N=10692):  -7726.236 Gradient norm:      6e+01  
[09:28:06] < General >   Log likelihood (N=10692):  -7726.236 Gradient norm:      6e+01  
[09:28:06] < General >   Log likelihood (N=10692):  -7726.235 Gradient norm:      6e+01  
[09:28:06] < General >   Log likelihood (N=10692):  -7726.235 Gradient norm:      6e+01  
[09:28:06] < General >   Log likelihood (N=10692):  -7726.234 Gradient norm:      6e+01  
[09:28:07] < General >   Log likelihood (N=10692):  -7726.234 Gradient norm:      6e+01  
[09:28:07] < General >   Log likelihood (N=10692):  -7726.233 Gradient norm:      6e+01  
[09:28:07] < General >   Log likelihood (N=10692):  -7726.242 Gradient norm:      6e+01  
[09:28:07] < General >   Log likelihood (N=10692):  -7726.233 Gradient norm:      6e+01  
[09:28:07] < General >   Log likelihood (N=10692):  -7726.233 Gradient norm:      6e+01  
[09:28:07] < General >   Log likelihood (N=10692):  -7726.232 Gradient norm:      6e+01  
[09:28:08] < General >   Log likelihood (N=10692):  -7726.232 Gradient norm:      6e+01  
[09:28:08] < General >   Log likelihood (N=10692):  -7726.232 Gradient norm:      6e+01  
[09:28:08] < General >   Log likelihood (N=10692):  -7726.232 Gradient norm:      6e+01  
[09:28:08] < General >   Log likelihood (N=10692):  -7726.231 Gradient norm:      6e+01  
[09:28:08] < General >   Log likelihood (N=10692):  -7726.231 Gradient norm:      6e+01  
[09:28:09] < General >   Log likelihood (N=10692):  -7726.231 Gradient norm:      6e+01  
[09:28:09] < General >   Log likelihood (N=10692):  -7726.231 Gradient norm:      6e+01  
[09:28:09] < General >   Log likelihood (N=10692):   -7726.23 Gradient norm:      6e+01  
[09:28:09] < General >   Log likelihood (N=10692):   -7726.23 Gradient norm:      6e+01  
[09:28:09] < General >   Log likelihood (N=10692):  -7726.234 Gradient norm:      6e+01  
[09:28:10] < General >   Log likelihood (N=10692):   -7726.23 Gradient norm:      6e+01  
[09:28:10] < General >   Log likelihood (N=10692):   -7726.23 Gradient norm:      6e+01  
[09:28:10] < General >   Log likelihood (N=10692):   -7726.23 Gradient norm:      6e+01  
[09:28:10] < General >   Log likelihood (N=10692):  -7726.229 Gradient norm:      6e+01  
[09:28:10] < General >   Log likelihood (N=10692):  -7726.229 Gradient norm:      6e+01  
[09:28:11] < General >   Log likelihood (N=10692):  -7726.229 Gradient norm:      6e+01  
[09:28:11] < General >   Log likelihood (N=10692):  -7726.228 Gradient norm:      6e+01  
[09:28:11] < General >   Log likelihood (N=10692):  -7726.228 Gradient norm:      6e+01  
[09:28:11] < General >   Log likelihood (N=10692):  -7726.228 Gradient norm:      6e+01  
[09:28:11] < General >   Log likelihood (N=10692):  -7726.227 Gradient norm:      6e+01  
[09:28:11] < General >   Log likelihood (N=10692):  -7726.227 Gradient norm:      6e+01  
[09:28:12] < General >   Log likelihood (N=10692):  -7726.227 Gradient norm:      6e+01  
[09:28:12] < General >   Log likelihood (N=10692):  -7726.229 Gradient norm:      6e+01  
[09:28:12] < General >   Log likelihood (N=10692):  -7726.227 Gradient norm:      6e+01  
[09:28:12] < General >   Log likelihood (N=10692):  -7726.227 Gradient norm:      6e+01  
[09:28:12] < General >   Log likelihood (N=10692):  -7726.227 Gradient norm:      6e+01  
[09:28:13] < General >   Log likelihood (N=10692):  -7726.226 Gradient norm:      6e+01  
[09:28:13] < General >   Log likelihood (N=10692):  -7726.226 Gradient norm:      6e+01  
[09:28:13] < General >   Log likelihood (N=10692):  -7726.226 Gradient norm:      6e+01  
[09:28:13] < General >   Log likelihood (N=10692):  -7726.225 Gradient norm:      5e+01  
[09:28:13] < General >   Log likelihood (N=10692):  -7726.224 Gradient norm:      5e+01  
[09:28:14] < General >   Log likelihood (N=10692):  -7726.224 Gradient norm:      5e+01  
[09:28:14] < General >   Log likelihood (N=10692):  -7726.223 Gradient norm:      6e+01  
[09:28:14] < General >   Log likelihood (N=10692):  -7726.223 Gradient norm:      6e+01  
[09:28:14] < General >   Log likelihood (N=10692):  -7726.222 Gradient norm:      6e+01  
[09:28:14] < General >   Log likelihood (N=10692):  -7726.222 Gradient norm:      6e+01  
[09:28:15] < General >   Log likelihood (N=10692):  -7726.222 Gradient norm:      6e+01  
[09:28:15] < General >   Log likelihood (N=10692):  -7726.221 Gradient norm:      6e+01  
[09:28:15] < General >   Log likelihood (N=10692):  -7726.221 Gradient norm:      6e+01  
[09:28:15] < General >   Log likelihood (N=10692):  -7726.221 Gradient norm:      5e+01  
[09:28:15] < General >   Log likelihood (N=10692):  -7726.221 Gradient norm:      6e+01  
[09:28:15] < General >   Log likelihood (N=10692):  -7726.221 Gradient norm:      6e+01  
[09:28:16] < General >   Log likelihood (N=10692):   -7726.22 Gradient norm:      6e+01  
[09:28:16] < General >   Log likelihood (N=10692):   -7726.22 Gradient norm:      6e+01  
[09:28:16] < General >   Log likelihood (N=10692):   -7726.22 Gradient norm:      6e+01  
[09:28:16] < General >   Log likelihood (N=10692):   -7726.22 Gradient norm:      6e+01  
[09:28:16] < General >   Log likelihood (N=10692):   -7726.22 Gradient norm:      6e+01  
[09:28:17] < General >   Log likelihood (N=10692):   -7726.22 Gradient norm:      6e+01  
[09:28:17] < General >   Log likelihood (N=10692):   -7726.22 Gradient norm:      6e+01  
[09:28:17] < General >   Log likelihood (N=10692):   -7726.22 Gradient norm:      6e+01  
[09:28:17] < General >   Log likelihood (N=10692):   -7726.22 Gradient norm:      6e+01  
[09:28:17] < General >   Log likelihood (N=10692):   -7726.22 Gradient norm:      6e+01  
[09:28:18] < General >   Log likelihood (N=10692):   -7726.22 Gradient norm:      6e+01  
[09:28:18] < General >   Log likelihood (N=10692):   -7726.22 Gradient norm:      6e+01  
[09:28:18] < General >   Log likelihood (N=10692):   -7726.22 Gradient norm:      6e+01  
[09:28:18] < General >   Log likelihood (N=10692):   -7726.22 Gradient norm:      6e+01  
[09:28:18] < General >   Log likelihood (N=10692):  -7726.219 Gradient norm:      6e+01  
[09:28:19] < General >   Log likelihood (N=10692):  -7726.219 Gradient norm:      6e+01  
[09:28:19] < General >   Log likelihood (N=10692):  -7726.219 Gradient norm:      6e+01  
[09:28:19] < General >   Log likelihood (N=10692):  -7726.219 Gradient norm:      6e+01  
[09:28:19] < General >   Log likelihood (N=10692):  -7726.219 Gradient norm:      6e+01  
[09:28:19] < General >   Log likelihood (N=10692):  -7726.219 Gradient norm:      6e+01  
[09:28:19] < General >   Log likelihood (N=10692):  -7726.219 Gradient norm:      6e+01  
[09:28:20] < General >   Log likelihood (N=10692):  -7726.219 Gradient norm:      6e+01  
[09:28:20] < General >   Log likelihood (N=10692):  -7726.219 Gradient norm:      6e+01  
[09:28:20] < General >   Log likelihood (N=10692):  -7726.219 Gradient norm:      6e+01  
[09:28:20] < General >   Log likelihood (N=10692):  -7726.222 Gradient norm:      6e+01  
[09:28:20] < General >   Log likelihood (N=10692):  -7726.219 Gradient norm:      6e+01  
[09:28:21] < General >   Log likelihood (N=10692):  -7726.219 Gradient norm:      6e+01  
[09:28:21] < General >   Log likelihood (N=10692):  -7726.219 Gradient norm:      6e+01  
[09:28:21] < General >   Log likelihood (N=10692):  -7726.218 Gradient norm:      6e+01  
[09:28:21] < General >   Log likelihood (N=10692):  -7726.218 Gradient norm:      6e+01  
[09:28:21] < General >   Log likelihood (N=10692):  -7726.219 Gradient norm:      6e+01  
[09:28:22] < General >   Log likelihood (N=10692):  -7726.218 Gradient norm:      6e+01  
[09:28:22] < General >   Log likelihood (N=10692):  -7726.218 Gradient norm:      6e+01  
[09:28:22] < General >   Log likelihood (N=10692):  -7726.218 Gradient norm:      6e+01  
[09:28:22] < General >   Log likelihood (N=10692):  -7726.218 Gradient norm:      6e+01  
[09:28:22] < General >   Log likelihood (N=10692):  -7726.218 Gradient norm:      6e+01  
[09:28:22] < General >   Log likelihood (N=10692):  -7726.218 Gradient norm:      6e+01  
[09:28:23] < General >   Log likelihood (N=10692):  -7726.218 Gradient norm:      6e+01  
[09:28:23] < General >   Log likelihood (N=10692):  -7726.218 Gradient norm:      6e+01  
[09:28:23] < General >   Log likelihood (N=10692):  -7726.218 Gradient norm:      6e+01  
[09:28:23] < General >   Log likelihood (N=10692):  -7726.218 Gradient norm:      6e+01  
[09:28:23] < General >   Log likelihood (N=10692):  -7726.218 Gradient norm:      6e+01  
[09:28:24] < General >   Log likelihood (N=10692):  -7726.218 Gradient norm:      6e+01  
[09:28:24] < General >   Log likelihood (N=10692):  -7726.218 Gradient norm:      6e+01  
[09:28:24] < General >   Log likelihood (N=10692):  -7726.218 Gradient norm:      6e+01  
[09:28:24] < General >   Log likelihood (N=10692):  -7726.218 Gradient norm:      6e+01  
[09:28:24] < General >   Log likelihood (N=10692):  -7726.218 Gradient norm:      6e+01  
[09:28:25] < General >   Log likelihood (N=10692):  -7726.218 Gradient norm:      6e+01  
[09:28:25] < General >   Log likelihood (N=10692):  -7726.218 Gradient norm:      6e+01  
[09:28:25] < General >   Log likelihood (N=10692):  -7726.218 Gradient norm:      6e+01  
[09:28:25] < General >   Log likelihood (N=10692):  -7726.218 Gradient norm:      6e+01  
[09:28:25] < General >   Log likelihood (N=10692):  -7726.218 Gradient norm:      6e+01  
[09:28:26] < General >   Log likelihood (N=10692):  -7726.218 Gradient norm:      6e+01  
[09:28:26] < General >   Log likelihood (N=10692):  -7726.218 Gradient norm:      6e+01  
[09:28:26] < General >   Log likelihood (N=10692):  -7726.218 Gradient norm:      6e+01  
[09:28:26] < General >   Log likelihood (N=10692):  -7726.218 Gradient norm:      6e+01  
[09:28:26] < General >   Log likelihood (N=10692):  -7726.218 Gradient norm:      6e+01  
[09:28:26] < General >   Log likelihood (N=10692):  -7726.218 Gradient norm:      6e+01  
[09:28:27] < General >   Log likelihood (N=10692):  -7726.218 Gradient norm:      6e+01  
[09:28:27] < General >   Log likelihood (N=10692):  -7726.218 Gradient norm:      6e+01  
[09:28:27] < General >   Log likelihood (N=10692):  -7726.218 Gradient norm:      6e+01  
[09:28:27] < General >   Log likelihood (N=10692):  -7726.218 Gradient norm:      6e+01  
[09:28:27] < General >   Log likelihood (N=10692):  -7726.218 Gradient norm:      6e+01  
[09:28:28] < General >   Log likelihood (N=10692):  -7726.218 Gradient norm:      6e+01  
[09:28:28] < General >   Log likelihood (N=10692):  -7726.218 Gradient norm:      6e+01  
[09:28:28] < General >   Log likelihood (N=10692):  -7726.218 Gradient norm:      6e+01  
[09:28:28] < General >   Log likelihood (N=10692):  -7726.218 Gradient norm:      6e+01  
[09:28:28] < General >   Log likelihood (N=10692):  -7726.218 Gradient norm:      6e+01  
[09:28:29] < General >   Log likelihood (N=10692):  -7726.218 Gradient norm:      6e+01  
[09:28:29] < General >   Log likelihood (N=10692):  -7726.218 Gradient norm:      6e+01  
[09:28:29] < General >   Log likelihood (N=10692):  -7726.218 Gradient norm:      6e+01  
[09:28:29] < General >   Log likelihood (N=10692):  -7726.218 Gradient norm:      6e+01  
[09:28:29] < General >   Log likelihood (N=10692):  -7726.218 Gradient norm:      6e+01  
[09:28:30] < General >   Log likelihood (N=10692):  -7726.218 Gradient norm:      6e+01  
[09:28:30] < General >   Log likelihood (N=10692):  -7726.218 Gradient norm:      6e+01  
[09:28:30] < General >   Log likelihood (N=10692):  -7726.218 Gradient norm:      6e+01  
[09:28:30] < General >   Log likelihood (N=10692):  -7726.218 Gradient norm:      6e+01  
[09:28:30] < General >   Log likelihood (N=10692):  -7726.218 Gradient norm:      6e+01  
[09:28:30] < General >   Log likelihood (N=10692):  -7726.218 Gradient norm:      6e+01  
[09:28:31] < General >   Log likelihood (N=10692):  -7726.218 Gradient norm:      6e+01  
[09:28:31] < General >   Log likelihood (N=10692):  -7726.218 Gradient norm:      6e+01  
[09:28:31] < General >   Log likelihood (N=10692):  -7726.218 Gradient norm:      6e+01  
[09:28:31] < General >   Log likelihood (N=10692):  -7726.218 Gradient norm:      6e+01  
[09:28:31] < General >   Log likelihood (N=10692):  -7726.218 Gradient norm:      6e+01  
[09:28:32] < General >   Log likelihood (N=10692):  -7726.218 Gradient norm:      6e+01  
[09:28:32] < General >   Log likelihood (N=10692):  -7726.218 Gradient norm:      6e+01  
[09:28:32] < General >   Log likelihood (N=10692):  -7726.218 Gradient norm:      6e+01  
[09:28:32] < General >   Log likelihood (N=10692):  -7726.218 Gradient norm:      6e+01  
[09:28:32] < General >   Log likelihood (N=10692):  -7726.218 Gradient norm:      6e+01  
[09:28:33] < General >   Log likelihood (N=10692):  -7726.218 Gradient norm:      6e+01  
[09:28:33] < General >   Log likelihood (N=10692):  -7726.218 Gradient norm:      6e+01  
[09:28:33] < General >   Log likelihood (N=10692):  -7726.218 Gradient norm:      6e+01  
[09:28:33] < General >   Log likelihood (N=10692):  -7726.218 Gradient norm:      6e+01  
[09:28:33] < General >   Log likelihood (N=10692):  -7726.218 Gradient norm:      6e+01  
[09:28:34] < General >   Log likelihood (N=10692):  -7726.218 Gradient norm:      6e+01  
[09:28:34] < General >   Log likelihood (N=10692):  -7726.218 Gradient norm:      6e+01  
[09:28:34] < General >   Log likelihood (N=10692):  -7726.218 Gradient norm:      6e+01  
[09:28:34] < General >   Log likelihood (N=10692):  -7726.218 Gradient norm:      6e+01  
[09:28:34] < General >   Log likelihood (N=10692):  -7726.218 Gradient norm:      6e+01  
[09:28:34] < General >   Log likelihood (N=10692):  -7726.218 Gradient norm:      6e+01  
[09:28:35] < General >   Log likelihood (N=10692):  -7726.218 Gradient norm:      6e+01  
[09:28:35] < General >   Log likelihood (N=10692):  -7726.218 Gradient norm:      6e+01  
[09:28:35] < General >   Log likelihood (N=10692):  -7726.218 Gradient norm:      6e+01  
[09:28:35] < General >   Log likelihood (N=10692):  -7726.218 Gradient norm:      6e+01  
[09:28:35] < General >   Log likelihood (N=10692):  -7726.218 Gradient norm:      6e+01  
[09:28:36] < General >   Log likelihood (N=10692):  -7726.218 Gradient norm:      6e+01  
[09:28:36] < General >   Log likelihood (N=10692):  -7726.218 Gradient norm:      6e+01  
[09:28:36] < General >   Log likelihood (N=10692):  -7726.218 Gradient norm:      6e+01  
[09:28:36] < General >   Log likelihood (N=10692):  -7726.218 Gradient norm:      6e+01  
[09:28:36] < General >   Log likelihood (N=10692):  -7726.218 Gradient norm:      6e+01  
[09:28:37] < General >   Log likelihood (N=10692):  -7726.218 Gradient norm:      6e+01  
[09:28:37] < General >   Log likelihood (N=10692):  -7726.218 Gradient norm:      6e+01  
[09:28:37] < General >   Log likelihood (N=10692):  -7726.218 Gradient norm:      6e+01  
[09:28:37] < General >   Log likelihood (N=10692):  -7726.218 Gradient norm:      6e+01  
[09:28:37] < General >   Log likelihood (N=10692):  -7726.218 Gradient norm:      6e+01  
[09:28:38] < General >   Log likelihood (N=10692):  -7726.218 Gradient norm:      6e+01  
[09:28:38] < General >   Log likelihood (N=10692):  -7726.218 Gradient norm:      6e+01  
[09:28:38] < General >   Log likelihood (N=10692):  -7726.218 Gradient norm:      6e+01  
[09:28:38] < General >   Log likelihood (N=10692):  -7726.218 Gradient norm:      6e+01  
[09:28:38] < General >   Log likelihood (N=10692):  -7726.218 Gradient norm:      6e+01  
[09:28:38] < General >   Log likelihood (N=10692):  -7726.218 Gradient norm:      6e+01  
[09:28:39] < General >   Log likelihood (N=10692):  -7726.218 Gradient norm:      6e+01  
[09:28:39] < General >   Log likelihood (N=10692):  -7726.218 Gradient norm:      6e+01  
[09:28:39] < General >   Log likelihood (N=10692):  -7726.218 Gradient norm:      6e+01  
[09:28:39] < General >   Log likelihood (N=10692):  -7726.218 Gradient norm:      6e+01  
[09:28:39] < General >   Log likelihood (N=10692):  -7726.218 Gradient norm:      6e+01  
[09:28:40] < General >   Log likelihood (N=10692):  -7726.218 Gradient norm:      6e+01  
[09:28:40] < General >   Log likelihood (N=10692):  -7726.218 Gradient norm:      6e+01  
[09:28:40] < General >   Log likelihood (N=10692):  -7726.218 Gradient norm:      6e+01  
[09:28:40] < General >   Log likelihood (N=10692):  -7726.218 Gradient norm:      6e+01  
[09:28:40] < General >   Log likelihood (N=10692):  -7726.218 Gradient norm:      6e+01  
[09:28:41] < General >   Log likelihood (N=10692):  -7726.218 Gradient norm:      6e+01  
[09:28:41] < General >   Log likelihood (N=10692):  -7726.218 Gradient norm:      6e+01  
[09:28:41] < General >   Log likelihood (N=10692):  -7726.218 Gradient norm:      6e+01  
[09:28:41] < General >   Log likelihood (N=10692):  -7726.218 Gradient norm:      6e+01  
[09:28:41] < General >   Log likelihood (N=10692):  -7726.218 Gradient norm:      6e+01  
[09:28:42] < General >   Log likelihood (N=10692):  -7726.218 Gradient norm:      6e+01  
[09:28:42] < General >   Log likelihood (N=10692):  -7726.218 Gradient norm:      6e+01  
[09:28:42] < General >   Log likelihood (N=10692):  -7726.218 Gradient norm:      6e+01  
[09:28:42] < General >   Log likelihood (N=10692):  -7726.218 Gradient norm:      6e+01  
[09:28:42] < General >   Log likelihood (N=10692):  -7726.218 Gradient norm:      6e+01  
[09:28:42] < General >   Log likelihood (N=10692):  -7726.218 Gradient norm:      6e+01  
[09:28:43] < General >   Log likelihood (N=10692):  -7726.218 Gradient norm:      6e+01  
[09:28:43] < General >   Log likelihood (N=10692):  -7726.218 Gradient norm:      6e+01  
[09:28:43] < General >   Log likelihood (N=10692):  -7726.218 Gradient norm:      6e+01  
[09:28:43] < General >   Log likelihood (N=10692):  -7726.218 Gradient norm:      6e+01  
[09:28:43] < General >   Log likelihood (N=10692):  -7726.218 Gradient norm:      6e+01  
[09:28:44] < General >   Log likelihood (N=10692):  -7726.218 Gradient norm:      6e+01  
[09:28:44] < General >   Log likelihood (N=10692):  -7726.218 Gradient norm:      6e+01  
[09:28:44] < General >   Log likelihood (N=10692):  -7726.218 Gradient norm:      6e+01  
[09:28:44] < General >   Log likelihood (N=10692):  -7726.218 Gradient norm:      6e+01  
[09:28:44] < General >   Log likelihood (N=10692):  -7726.218 Gradient norm:      6e+01  
[09:28:45] < General >   Log likelihood (N=10692):  -7726.218 Gradient norm:      6e+01  
[09:28:45] < General >   Log likelihood (N=10692):  -7726.218 Gradient norm:      6e+01  
[09:28:45] < General >   Log likelihood (N=10692):  -7726.218 Gradient norm:      6e+01  
[09:28:45] < General >   Log likelihood (N=10692):  -7726.218 Gradient norm:      6e+01  
[09:28:45] < General >   Log likelihood (N=10692):  -7726.218 Gradient norm:      6e+01  
[09:28:45] < General >   Log likelihood (N=10692):  -7726.218 Gradient norm:      6e+01  
[09:28:46] < General >   Log likelihood (N=10692):  -7726.218 Gradient norm:      6e+01  
[09:28:46] < General >   Log likelihood (N=10692):  -7726.218 Gradient norm:      6e+01  
[09:28:46] < General >   Log likelihood (N=10692):  -7726.218 Gradient norm:      6e+01  
[09:28:46] < General >   Log likelihood (N=10692):  -7726.218 Gradient norm:      6e+01  
[09:28:46] < General >   Log likelihood (N=10692):  -7726.218 Gradient norm:      6e+01  
[09:28:47] < General >   Log likelihood (N=10692):  -7726.218 Gradient norm:      6e+01  
[09:28:47] < General >   Log likelihood (N=10692):  -7726.218 Gradient norm:      6e+01  
[09:28:47] < General >   Log likelihood (N=10692):  -7726.218 Gradient norm:      6e+01  
[09:28:47] < General >   Log likelihood (N=10692):  -7726.218 Gradient norm:      6e+01  
[09:28:47] < General >   Log likelihood (N=10692):  -7726.218 Gradient norm:      6e+01  
[09:28:48] < General >   Log likelihood (N=10692):  -7726.218 Gradient norm:      6e+01  
[09:28:48] < General >   Log likelihood (N=10692):  -7726.218 Gradient norm:      6e+01  
[09:28:48] < General >   Log likelihood (N=10692):  -7726.218 Gradient norm:      6e+01  
[09:28:48] < General >   Log likelihood (N=10692):  -7726.218 Gradient norm:      6e+01  
[09:28:48] < General >   Log likelihood (N=10692):  -7726.218 Gradient norm:      6e+01  
[09:28:49] < General >   Log likelihood (N=10692):  -7726.218 Gradient norm:      6e+01  
[09:28:49] < General >   Log likelihood (N=10692):  -7726.218 Gradient norm:      6e+01  
[09:28:49] < General >   Log likelihood (N=10692):  -7726.218 Gradient norm:      6e+01  
[09:28:49] < General >   Log likelihood (N=10692):  -7726.218 Gradient norm:      6e+01  
[09:28:49] < General >   Log likelihood (N=10692):  -7726.218 Gradient norm:      6e+01  
[09:28:49] < General >   Log likelihood (N=10692):  -7726.218 Gradient norm:      6e+01  
[09:28:50] < General >   Log likelihood (N=10692):  -7726.218 Gradient norm:      6e+01  
[09:28:50] < General >   Log likelihood (N=10692):  -7726.218 Gradient norm:      6e+01  
[09:28:50] < General >   Log likelihood (N=10692):  -7726.218 Gradient norm:      6e+01  
[09:28:50] < General >   Log likelihood (N=10692):  -7726.218 Gradient norm:      6e+01  
[09:28:50] < General >   Log likelihood (N=10692):  -7726.218 Gradient norm:      6e+01  
[09:28:51] < General >   Log likelihood (N=10692):  -7726.218 Gradient norm:      6e+01  
[09:28:51] < General >   Log likelihood (N=10692):  -7726.218 Gradient norm:      6e+01  
[09:28:51] < General >   Log likelihood (N=10692):  -7726.218 Gradient norm:      6e+01  
[09:28:51] < General >   Log likelihood (N=10692):  -7726.218 Gradient norm:      6e+01  
[09:28:51] < General >   Log likelihood (N=10692):  -7726.218 Gradient norm:      6e+01  
[09:28:52] < General >   Log likelihood (N=10692):  -7726.218 Gradient norm:      6e+01  
[09:28:52] < General >   Log likelihood (N=10692):  -7726.218 Gradient norm:      6e+01  
[09:28:52] < General >   Log likelihood (N=10692):  -7726.218 Gradient norm:      6e+01  
[09:28:52] < General >   Log likelihood (N=10692):  -7726.218 Gradient norm:      6e+01  
[09:28:52] < General >   Log likelihood (N=10692):  -7726.218 Gradient norm:      6e+01  
[09:28:53] < General >   Log likelihood (N=10692):  -7726.218 Gradient norm:      6e+01  
[09:28:53] < General >   Log likelihood (N=10692):  -7726.218 Gradient norm:      6e+01  
[09:28:53] < General >   Log likelihood (N=10692):  -7726.218 Gradient norm:      6e+01  
[09:28:53] < General >   Log likelihood (N=10692):  -7726.218 Gradient norm:      6e+01  
[09:28:53] < General >   Log likelihood (N=10692):  -7726.218 Gradient norm:      6e+01  
[09:28:53] < General >   Log likelihood (N=10692):  -7726.218 Gradient norm:      6e+01  
[09:28:54] < General >   Log likelihood (N=10692):  -7726.218 Gradient norm:      6e+01  
[09:28:54] < General >   Log likelihood (N=10692):  -7726.218 Gradient norm:      6e+01  
[09:28:54] < General >   Log likelihood (N=10692):  -7726.218 Gradient norm:      6e+01  
[09:28:54] < General >   Log likelihood (N=10692):  -7726.218 Gradient norm:      6e+01  
[09:28:54] < General >   Log likelihood (N=10692):  -7726.218 Gradient norm:      6e+01  
[09:28:55] < General >   Log likelihood (N=10692):  -7726.218 Gradient norm:      6e+01  
[09:28:55] < General >   Log likelihood (N=10692):  -7726.218 Gradient norm:      6e+01  
[09:28:55] < General >   Log likelihood (N=10692):  -7726.218 Gradient norm:      6e+01  
[09:28:55] < General >   Log likelihood (N=10692):  -7726.218 Gradient norm:      6e+01  
[09:28:55] < General >   Log likelihood (N=10692):  -7726.218 Gradient norm:      6e+01  
[09:28:56] < General >   Log likelihood (N=10692):  -7726.218 Gradient norm:      6e+01  
[09:28:56] < General >   Log likelihood (N=10692):  -7726.218 Gradient norm:      6e+01  
[09:28:56] < General >   Log likelihood (N=10692):  -7726.218 Gradient norm:      6e+01  
[09:28:56] < General >   Log likelihood (N=10692):  -7726.218 Gradient norm:      6e+01  
[09:28:56] < General >   Log likelihood (N=10692):  -7726.218 Gradient norm:      6e+01  
[09:28:57] < General >   Log likelihood (N=10692):  -7726.218 Gradient norm:      6e+01  
[09:28:57] < General >   Log likelihood (N=10692):  -7726.218 Gradient norm:      6e+01  
[09:28:57] < General >   Log likelihood (N=10692):  -7726.218 Gradient norm:      6e+01  
[09:28:57] < General >   Log likelihood (N=10692):  -7726.218 Gradient norm:      6e+01  
[09:28:57] < General >   Log likelihood (N=10692):  -7726.218 Gradient norm:      6e+01  
[09:28:57] < General >   Log likelihood (N=10692):  -7726.218 Gradient norm:      6e+01  
[09:28:58] < General >   Log likelihood (N=10692):  -7726.218 Gradient norm:      6e+01  
[09:28:58] < General >   Log likelihood (N=10692):  -7726.218 Gradient norm:      6e+01  
[09:28:58] < General >   Log likelihood (N=10692):  -7726.218 Gradient norm:      6e+01  
[09:28:58] < General >   Log likelihood (N=10692):  -7726.218 Gradient norm:      6e+01  
[09:28:58] < General >   Log likelihood (N=10692):  -7726.218 Gradient norm:      6e+01  
[09:28:59] < General >   Log likelihood (N=10692):  -7726.218 Gradient norm:      6e+01  
[09:28:59] < General >   Log likelihood (N=10692):  -7726.218 Gradient norm:      6e+01  
[09:28:59] < General >   Log likelihood (N=10692):  -7726.218 Gradient norm:      6e+01  
[09:28:59] < General >   Log likelihood (N=10692):  -7726.218 Gradient norm:      6e+01  
[09:28:59] < General >   Log likelihood (N=10692):  -7726.218 Gradient norm:      6e+01  
[09:29:00] < General >   Log likelihood (N=10692):  -7726.218 Gradient norm:      6e+01  
[09:29:00] < General >   Log likelihood (N=10692):  -7726.218 Gradient norm:      6e+01  
[09:29:00] < General >   Log likelihood (N=10692):  -7726.218 Gradient norm:      6e+01  
[09:29:00] < General >   Log likelihood (N=10692):  -7726.218 Gradient norm:      6e+01  
[09:29:00] < General >   Log likelihood (N=10692):  -7726.218 Gradient norm:      6e+01  
[09:29:01] < General >   Log likelihood (N=10692):  -7726.218 Gradient norm:      6e+01  
[09:29:01] < General >   Log likelihood (N=10692):  -7726.218 Gradient norm:      6e+01  
[09:29:01] < General >   Log likelihood (N=10692):  -7726.218 Gradient norm:      6e+01  
[09:29:01] < General >   Log likelihood (N=10692):  -7726.218 Gradient norm:      6e+01  
[09:29:01] < General >   Log likelihood (N=10692):  -7726.218 Gradient norm:      6e+01  
[09:29:01] < General >   Log likelihood (N=10692):  -7726.218 Gradient norm:      6e+01  
[09:29:02] < General >   Log likelihood (N=10692):  -7726.218 Gradient norm:      6e+01  
[09:29:02] < General >   Log likelihood (N=10692):  -7726.218 Gradient norm:      6e+01  
[09:29:02] < General >   Log likelihood (N=10692):  -7726.218 Gradient norm:      6e+01  
[09:29:02] < General >   Log likelihood (N=10692):  -7726.218 Gradient norm:      6e+01  
[09:29:02] < General >   Log likelihood (N=10692):  -7726.218 Gradient norm:      6e+01  
[09:29:03] < General >   Log likelihood (N=10692):  -7726.218 Gradient norm:      6e+01  
[09:29:03] < General >   Log likelihood (N=10692):  -7726.218 Gradient norm:      6e+01  
[09:29:03] < General >   Log likelihood (N=10692):  -7726.218 Gradient norm:      6e+01  
[09:29:03] < General >   Log likelihood (N=10692):  -7726.218 Gradient norm:      6e+01  
[09:29:03] < General >   Log likelihood (N=10692):  -7726.218 Gradient norm:      6e+01  
[09:29:04] < General >   Log likelihood (N=10692):  -7726.218 Gradient norm:      6e+01  
[09:29:04] < General >   Log likelihood (N=10692):  -7726.218 Gradient norm:      6e+01  
[09:29:04] < General >   Log likelihood (N=10692):  -7726.218 Gradient norm:      6e+01  
[09:29:04] < General >   Log likelihood (N=10692):  -7726.218 Gradient norm:      6e+01  
[09:29:04] < General >   Log likelihood (N=10692):  -7726.218 Gradient norm:      6e+01  
[09:29:04] < General >   Log likelihood (N=10692):  -7726.218 Gradient norm:      6e+01  
[09:29:05] < General >   Log likelihood (N=10692):  -7726.218 Gradient norm:      6e+01  
[09:29:05] < General >   Log likelihood (N=10692):  -7726.218 Gradient norm:      6e+01  
[09:29:05] < General >   Log likelihood (N=10692):  -7726.218 Gradient norm:      6e+01  
[09:29:05] < General >   Log likelihood (N=10692):  -7726.218 Gradient norm:      6e+01  
[09:29:05] < General >   Log likelihood (N=10692):  -7726.218 Gradient norm:      6e+01  
[09:29:06] < General >   Log likelihood (N=10692):  -7726.218 Gradient norm:      6e+01  
[09:29:06] < General >   Log likelihood (N=10692):  -7726.218 Gradient norm:      6e+01  
[09:29:06] < General >   Log likelihood (N=10692):  -7726.218 Gradient norm:      6e+01  
[09:29:06] < General >   Log likelihood (N=10692):  -7726.218 Gradient norm:      6e+01  
[09:29:06] < General >   Log likelihood (N=10692):  -7726.218 Gradient norm:      6e+01  
[09:29:07] < General >   Log likelihood (N=10692):  -7726.218 Gradient norm:      6e+01  
[09:29:07] < General >   Log likelihood (N=10692):  -7726.218 Gradient norm:      6e+01  
[09:29:07] < General >   Log likelihood (N=10692):  -7726.218 Gradient norm:      6e+01  
[09:29:07] < General >   Log likelihood (N=10692):  -7726.218 Gradient norm:      6e+01  
[09:29:07] < General >   Log likelihood (N=10692):  -7726.218 Gradient norm:      6e+01  
[09:29:08] < General >   Log likelihood (N=10692):  -7726.218 Gradient norm:      6e+01  
[09:29:08] < General >   Log likelihood (N=10692):  -7726.218 Gradient norm:      6e+01  
[09:29:08] < General >   Log likelihood (N=10692):  -7726.218 Gradient norm:      6e+01  
[09:29:08] < General >   Log likelihood (N=10692):  -7726.218 Gradient norm:      6e+01  
[09:29:08] < General >   Log likelihood (N=10692):  -7726.218 Gradient norm:      6e+01  
[09:29:08] < General >   Log likelihood (N=10692):  -7726.218 Gradient norm:      6e+01  
[09:29:09] < General >   Log likelihood (N=10692):  -7726.218 Gradient norm:      6e+01  
[09:29:09] < General >   Log likelihood (N=10692):  -7726.218 Gradient norm:      6e+01  
[09:29:09] < General >   Log likelihood (N=10692):  -7726.218 Gradient norm:      6e+01  
[09:29:09] < General >   Log likelihood (N=10692):  -7726.218 Gradient norm:      6e+01  
[09:29:09] < General >   Log likelihood (N=10692):  -7726.218 Gradient norm:      6e+01  
[09:29:10] < General >   Log likelihood (N=10692):  -7726.218 Gradient norm:      6e+01  
[09:29:10] < General >   Log likelihood (N=10692):  -7726.218 Gradient norm:      6e+01  
[09:29:10] < General >   Log likelihood (N=10692):  -7726.218 Gradient norm:      6e+01  
[09:29:10] < General >   Log likelihood (N=10692):  -7726.218 Gradient norm:      6e+01  
[09:29:10] < General >   Log likelihood (N=10692):  -7726.218 Gradient norm:      6e+01  
[09:29:11] < General >   Log likelihood (N=10692):  -7726.218 Gradient norm:      6e+01  
[09:29:11] < General >   Log likelihood (N=10692):  -7726.218 Gradient norm:      6e+01  
[09:29:11] < General >   Log likelihood (N=10692):  -7726.218 Gradient norm:      6e+01  
[09:29:11] < General >   Log likelihood (N=10692):  -7726.218 Gradient norm:      6e+01  
[09:29:11] < General >   Log likelihood (N=10692):  -7726.218 Gradient norm:      6e+01  
[09:29:12] < General >   Log likelihood (N=10692):  -7726.218 Gradient norm:      6e+01  
[09:29:12] < General >   Log likelihood (N=10692):  -7726.218 Gradient norm:      6e+01  
[09:29:12] < General >   Log likelihood (N=10692):  -7726.218 Gradient norm:      6e+01  
[09:29:12] < General >   Log likelihood (N=10692):  -7726.218 Gradient norm:      6e+01  
[09:29:12] < General >   Log likelihood (N=10692):  -7726.218 Gradient norm:      6e+01  
[09:29:12] < General >   Log likelihood (N=10692):  -7726.218 Gradient norm:      6e+01  
[09:29:13] < General >   Log likelihood (N=10692):  -7726.218 Gradient norm:      6e+01  
[09:29:13] < General >   Log likelihood (N=10692):  -7726.218 Gradient norm:      6e+01  
[09:29:13] < General >   Log likelihood (N=10692):  -7726.218 Gradient norm:      6e+01  
[09:29:13] < General >   Log likelihood (N=10692):  -7726.218 Gradient norm:      6e+01  
[09:29:13] < General >   Log likelihood (N=10692):  -7726.219 Gradient norm:      6e+01  
[09:29:14] < General >   Log likelihood (N=10692):  -7726.218 Gradient norm:      6e+01  
[09:29:14] < General >   Log likelihood (N=10692):  -7726.218 Gradient norm:      6e+01  
[09:29:14] < General >   Log likelihood (N=10692):  -7726.218 Gradient norm:      6e+01  
[09:29:14] < General >   Log likelihood (N=10692):  -7726.218 Gradient norm:      6e+01  
[09:29:14] < General >   Log likelihood (N=10692):  -7726.218 Gradient norm:      6e+01  
[09:29:15] < General >   Log likelihood (N=10692):  -7726.218 Gradient norm:      6e+01  
[09:29:15] < General >   Log likelihood (N=10692):  -7726.218 Gradient norm:      6e+01  
[09:29:15] < General >   Log likelihood (N=10692):  -7726.218 Gradient norm:      6e+01  
[09:29:15] < General >   Log likelihood (N=10692):  -7726.218 Gradient norm:      6e+01  
[09:29:15] < General >   Log likelihood (N=10692):  -7726.218 Gradient norm:      6e+01  
[09:29:16] < General >   Log likelihood (N=10692):  -7726.218 Gradient norm:      6e+01  
[09:29:16] < General >   Log likelihood (N=10692):  -7726.218 Gradient norm:      6e+01  
[09:29:16] < General >   Log likelihood (N=10692):  -7726.218 Gradient norm:      6e+01  
[09:29:16] < General >   Log likelihood (N=10692):  -7726.218 Gradient norm:      6e+01  
[09:29:16] < General >   Log likelihood (N=10692):  -7726.218 Gradient norm:      6e+01  
[09:29:16] < General >   Log likelihood (N=10692):  -7726.218 Gradient norm:      6e+01  
[09:29:17] < General >   Log likelihood (N=10692):  -7726.218 Gradient norm:      6e+01  
[09:29:17] < General >   Log likelihood (N=10692):  -7726.218 Gradient norm:      6e+01  
[09:29:17] < General >   Log likelihood (N=10692):  -7726.218 Gradient norm:      6e+01  
[09:29:17] < General >   Log likelihood (N=10692):  -7726.218 Gradient norm:      6e+01  
[09:29:17] < General >   Log likelihood (N=10692):  -7726.218 Gradient norm:      6e+01  
[09:29:18] < General >   Log likelihood (N=10692):  -7726.218 Gradient norm:      6e+01  
[09:29:18] < General >   Log likelihood (N=10692):  -7726.218 Gradient norm:      6e+01  
[09:29:18] < General >   Log likelihood (N=10692):  -7726.218 Gradient norm:      6e+01  
[09:29:18] < General >   Log likelihood (N=10692):  -7726.218 Gradient norm:      6e+01  
[09:29:18] < General >   Log likelihood (N=10692):  -7726.218 Gradient norm:      6e+01  
[09:29:19] < General >   Log likelihood (N=10692):  -7726.218 Gradient norm:      6e+01  
[09:29:19] < General >   Log likelihood (N=10692):  -7726.218 Gradient norm:      6e+01  
[09:29:19] < General >   Log likelihood (N=10692):  -7726.218 Gradient norm:      6e+01  
[09:29:19] < General >   Log likelihood (N=10692):  -7726.218 Gradient norm:      6e+01  
[09:29:19] < General >   Log likelihood (N=10692):  -7726.218 Gradient norm:      6e+01  
[09:29:19] < General >   Log likelihood (N=10692):  -7726.218 Gradient norm:      6e+01  
[09:29:20] < General >   Log likelihood (N=10692):  -7726.218 Gradient norm:      6e+01  
[09:29:20] < General >   Log likelihood (N=10692):  -7726.218 Gradient norm:      6e+01  
[09:29:20] < General >   Log likelihood (N=10692):  -7726.218 Gradient norm:      6e+01  
[09:29:20] < General >   Log likelihood (N=10692):  -7726.218 Gradient norm:      6e+01  
[09:29:20] < General >   Log likelihood (N=10692):  -7726.218 Gradient norm:      6e+01  
[09:29:21] < General >   Log likelihood (N=10692):  -7726.218 Gradient norm:      6e+01  
[09:29:21] < General >   Log likelihood (N=10692):  -7726.218 Gradient norm:      6e+01  
[09:29:21] < General >   Log likelihood (N=10692):  -7726.218 Gradient norm:      6e+01  
[09:29:21] < General >   Log likelihood (N=10692):  -7726.218 Gradient norm:      6e+01  
[09:29:21] < General >   Log likelihood (N=10692):  -7726.218 Gradient norm:      6e+01  
[09:29:22] < General >   Log likelihood (N=10692):  -7726.218 Gradient norm:      6e+01  
[09:29:22] < General >   Log likelihood (N=10692):  -7726.218 Gradient norm:      6e+01  
[09:29:22] < General >   Log likelihood (N=10692):  -7726.218 Gradient norm:      6e+01  
[09:29:22] < General >   Log likelihood (N=10692):  -7726.218 Gradient norm:      6e+01  
[09:29:22] < General >   Log likelihood (N=10692):  -7726.218 Gradient norm:      6e+01  
[09:29:23] < General >   Log likelihood (N=10692):  -7726.218 Gradient norm:      6e+01  
[09:29:23] < General >   Log likelihood (N=10692):  -7726.218 Gradient norm:      6e+01  
[09:29:23] < General >   Log likelihood (N=10692):  -7726.218 Gradient norm:      6e+01  
[09:29:23] < General >   Log likelihood (N=10692):  -7726.218 Gradient norm:      6e+01  
[09:29:23] < General >   Log likelihood (N=10692):  -7726.218 Gradient norm:      6e+01  
[09:29:23] < General >   Log likelihood (N=10692):  -7726.218 Gradient norm:      6e+01  
[09:29:24] < General >   Log likelihood (N=10692):  -7726.218 Gradient norm:      6e+01  
[09:29:24] < General >   Log likelihood (N=10692):  -7726.218 Gradient norm:      6e+01  
[09:29:24] < General >   Log likelihood (N=10692):  -7726.218 Gradient norm:      6e+01  
[09:29:24] < General >   Log likelihood (N=10692):  -7726.218 Gradient norm:      6e+01  
[09:29:24] < General >   Log likelihood (N=10692):  -7726.218 Gradient norm:      6e+01  
[09:29:25] < General >   Log likelihood (N=10692):  -7726.218 Gradient norm:      6e+01  
[09:29:25] < General >   Log likelihood (N=10692):  -7726.218 Gradient norm:      6e+01  
[09:29:25] < General >   Log likelihood (N=10692):  -7726.218 Gradient norm:      6e+01  
[09:29:25] < General >   Log likelihood (N=10692):  -7726.218 Gradient norm:      6e+01  
[09:29:25] < General >   Log likelihood (N=10692):  -7726.218 Gradient norm:      6e+01  
[09:29:26] < General >   Log likelihood (N=10692):  -7726.218 Gradient norm:      6e+01  
[09:29:26] < General >   Log likelihood (N=10692):  -7726.218 Gradient norm:      6e+01  
[09:29:26] < General >   Log likelihood (N=10692):  -7726.218 Gradient norm:      6e+01  
[09:29:26] < General >   Log likelihood (N=10692):  -7726.218 Gradient norm:      6e+01  
[09:29:26] < General >   Log likelihood (N=10692):  -7726.218 Gradient norm:      6e+01  
[09:29:27] < General >   Log likelihood (N=10692):  -7726.218 Gradient norm:      6e+01  
[09:29:27] < General >   Log likelihood (N=10692):  -7726.218 Gradient norm:      6e+01  
[09:29:27] < General >   Log likelihood (N=10692):  -7726.218 Gradient norm:      6e+01  
[09:29:27] < General >   Log likelihood (N=10692):  -7726.218 Gradient norm:      6e+01  
[09:29:27] < General >   Log likelihood (N=10692):  -7726.218 Gradient norm:      6e+01  
[09:29:27] < General >   Log likelihood (N=10692):  -7726.218 Gradient norm:      6e+01  
[09:29:28] < General >   Log likelihood (N=10692):  -7726.218 Gradient norm:      6e+01  
[09:29:28] < General >   Log likelihood (N=10692):  -7726.218 Gradient norm:      6e+01  
[09:29:28] < General >   Log likelihood (N=10692):  -7726.218 Gradient norm:      6e+01  
[09:29:28] < General >   Log likelihood (N=10692):  -7726.218 Gradient norm:      6e+01  
[09:29:28] < General >   Log likelihood (N=10692):  -7726.218 Gradient norm:      6e+01  
[09:29:29] < General >   Log likelihood (N=10692):  -7726.218 Gradient norm:      6e+01  
[09:29:29] < General >   Log likelihood (N=10692):  -7726.218 Gradient norm:      6e+01  
[09:29:29] < General >   Log likelihood (N=10692):  -7726.218 Gradient norm:      6e+01  
[09:29:29] < General >   Log likelihood (N=10692):  -7726.218 Gradient norm:      6e+01  
[09:29:29] < General >   Log likelihood (N=10692):  -7726.218 Gradient norm:      6e+01  
[09:29:30] < General >   Log likelihood (N=10692):  -7726.218 Gradient norm:      6e+01  
[09:29:30] < General >   Log likelihood (N=10692):  -7726.218 Gradient norm:      6e+01  
[09:29:30] < General >   Log likelihood (N=10692):  -7726.218 Gradient norm:      6e+01  
[09:29:30] < General >   Log likelihood (N=10692):  -7726.218 Gradient norm:      6e+01  
[09:29:30] < General >   Log likelihood (N=10692):  -7726.218 Gradient norm:      6e+01  
[09:29:31] < General >   Log likelihood (N=10692):  -7726.218 Gradient norm:      6e+01  
[09:29:31] < General >   Log likelihood (N=10692):  -7726.218 Gradient norm:      6e+01  
[09:29:31] < General >   Log likelihood (N=10692):  -7726.218 Gradient norm:      6e+01  
[09:29:31] < General >   Log likelihood (N=10692):  -7726.218 Gradient norm:      6e+01  
[09:29:31] < General >   Log likelihood (N=10692):  -7726.218 Gradient norm:      6e+01  
[09:29:31] < General >   Log likelihood (N=10692):  -7726.218 Gradient norm:      6e+01  
[09:29:32] < General >   Log likelihood (N=10692):  -7726.218 Gradient norm:      6e+01  
[09:29:32] < General >   Log likelihood (N=10692):  -7726.218 Gradient norm:      6e+01  
[09:29:32] < General >   Log likelihood (N=10692):  -7726.218 Gradient norm:      6e+01  
[09:29:32] < General >   Log likelihood (N=10692):  -7726.218 Gradient norm:      6e+01  
[09:29:32] < General >   Log likelihood (N=10692):  -7726.218 Gradient norm:      6e+01  
[09:29:33] < General >   Log likelihood (N=10692):  -7726.218 Gradient norm:      6e+01  
[09:29:33] < General >   Log likelihood (N=10692):  -7726.218 Gradient norm:      6e+01  
[09:29:33] < General >   Log likelihood (N=10692):  -7726.218 Gradient norm:      6e+01  
[09:29:33] < General >   Log likelihood (N=10692):  -7726.218 Gradient norm:      6e+01  
[09:29:33] < General >   Log likelihood (N=10692):  -7726.218 Gradient norm:      6e+01  
[09:29:34] < General >   Log likelihood (N=10692):  -7726.218 Gradient norm:      6e+01  
[09:29:34] < General >   Log likelihood (N=10692):  -7726.218 Gradient norm:      6e+01  
[09:29:34] < General >   Log likelihood (N=10692):  -7726.218 Gradient norm:      6e+01  
[09:29:34] < General >   Log likelihood (N=10692):  -7726.218 Gradient norm:      6e+01  
[09:29:34] < General >   Log likelihood (N=10692):  -7726.218 Gradient norm:      6e+01  
[09:29:34] < General >   Log likelihood (N=10692):  -7726.218 Gradient norm:      6e+01  
[09:29:35] < General >   Log likelihood (N=10692):  -7726.218 Gradient norm:      6e+01  
[09:29:35] < General >   Log likelihood (N=10692):  -7726.218 Gradient norm:      6e+01  
[09:29:35] < General >   Log likelihood (N=10692):  -7726.218 Gradient norm:      6e+01  
[09:29:35] < General >   Log likelihood (N=10692):  -7726.218 Gradient norm:      6e+01  
[09:29:35] < General >   Log likelihood (N=10692):  -7726.218 Gradient norm:      6e+01  
[09:29:36] < General >   Log likelihood (N=10692):  -7726.218 Gradient norm:      6e+01  
[09:29:36] < General >   Log likelihood (N=10692):  -7726.218 Gradient norm:      6e+01  
[09:29:36] < General >   Log likelihood (N=10692):  -7726.218 Gradient norm:      6e+01  
[09:29:36] < General >   Log likelihood (N=10692):  -7726.218 Gradient norm:      6e+01  
[09:29:36] < General >   Log likelihood (N=10692):  -7726.218 Gradient norm:      6e+01  
[09:29:37] < General >   Log likelihood (N=10692):  -7726.218 Gradient norm:      6e+01  
[09:29:37] < General >   Log likelihood (N=10692):  -7726.218 Gradient norm:      6e+01  
[09:29:37] < General >   Log likelihood (N=10692):  -7726.218 Gradient norm:      6e+01  
[09:29:37] < General >   Log likelihood (N=10692):  -7726.218 Gradient norm:      6e+01  
[09:29:37] < General >   Log likelihood (N=10692):  -7726.218 Gradient norm:      6e+01  
[09:29:38] < General >   Log likelihood (N=10692):  -7726.218 Gradient norm:      6e+01  
[09:29:38] < General >   Log likelihood (N=10692):  -7726.218 Gradient norm:      6e+01  
[09:29:38] < General >   Log likelihood (N=10692):  -7726.218 Gradient norm:      6e+01  
[09:29:38] < General >   Log likelihood (N=10692):  -7726.218 Gradient norm:      6e+01  
[09:29:38] < General >   Log likelihood (N=10692):  -7726.218 Gradient norm:      6e+01  
[09:29:38] < General >   Log likelihood (N=10692):  -7726.218 Gradient norm:      6e+01  
[09:29:39] < General >   Log likelihood (N=10692):  -7726.218 Gradient norm:      6e+01  
[09:29:39] < General >   Log likelihood (N=10692):  -7726.218 Gradient norm:      6e+01  
[09:29:39] < General >   Log likelihood (N=10692):  -7726.218 Gradient norm:      6e+01  
[09:29:39] < General >   Log likelihood (N=10692):  -7726.218 Gradient norm:      6e+01  
[09:29:39] < General >   Log likelihood (N=10692):  -7726.218 Gradient norm:      6e+01  
[09:29:40] < General >   Log likelihood (N=10692):  -7726.218 Gradient norm:      6e+01  
[09:29:40] < General >   Log likelihood (N=10692):  -7726.218 Gradient norm:      6e+01  
[09:29:40] < General >   Log likelihood (N=10692):  -7726.218 Gradient norm:      6e+01  
[09:29:40] < General >   Log likelihood (N=10692):  -7726.218 Gradient norm:      6e+01  
[09:29:40] < General >   Log likelihood (N=10692):  -7726.218 Gradient norm:      6e+01  
[09:29:41] < General >   Log likelihood (N=10692):  -7726.218 Gradient norm:      6e+01  
[09:29:41] < General >   Log likelihood (N=10692):  -7726.218 Gradient norm:      6e+01  
[09:29:41] < General >   Log likelihood (N=10692):  -7726.218 Gradient norm:      6e+01  
[09:29:41] < General >   Log likelihood (N=10692):  -7726.218 Gradient norm:      6e+01  
[09:29:41] < General >   Log likelihood (N=10692):  -7726.218 Gradient norm:      6e+01  
[09:29:42] < General >   Log likelihood (N=10692):  -7726.218 Gradient norm:      6e+01  
[09:29:42] < General >   Log likelihood (N=10692):  -7726.218 Gradient norm:      6e+01  
[09:29:42] < General >   Log likelihood (N=10692):  -7726.218 Gradient norm:      6e+01  
[09:29:42] < General >   Log likelihood (N=10692):  -7726.218 Gradient norm:      6e+01  
[09:29:42] < General >   Log likelihood (N=10692):  -7726.218 Gradient norm:      6e+01  
[09:29:42] < General >   Log likelihood (N=10692):  -7726.218 Gradient norm:      6e+01  
[09:29:43] < General >   Log likelihood (N=10692):  -7726.218 Gradient norm:      6e+01  
[09:29:43] < General >   Log likelihood (N=10692):  -7726.218 Gradient norm:      6e+01  
[09:29:43] < General >   Log likelihood (N=10692):  -7726.218 Gradient norm:      6e+01  
[09:29:43] < General >   Log likelihood (N=10692):  -7726.218 Gradient norm:      6e+01  
[09:29:43] < General >   Log likelihood (N=10692):  -7726.218 Gradient norm:      6e+01  
[09:29:44] < General >   Log likelihood (N=10692):  -7726.218 Gradient norm:      6e+01  
[09:29:44] < General >   Log likelihood (N=10692):  -7726.218 Gradient norm:      6e+01  
[09:29:44] < General >   Log likelihood (N=10692):  -7726.218 Gradient norm:      6e+01  
[09:29:44] < General >   Log likelihood (N=10692):  -7726.218 Gradient norm:      6e+01  
[09:29:44] < General >   Log likelihood (N=10692):  -7726.218 Gradient norm:      6e+01  
[09:29:45] < General >   Log likelihood (N=10692):  -7726.218 Gradient norm:      6e+01  
[09:29:45] < General >   Log likelihood (N=10692):  -7726.218 Gradient norm:      6e+01  
[09:29:45] < General >   Log likelihood (N=10692):  -7726.218 Gradient norm:      6e+01  
[09:29:45] < General >   Log likelihood (N=10692):  -7726.218 Gradient norm:      6e+01  
[09:29:45] < General >   Log likelihood (N=10692):  -7726.218 Gradient norm:      6e+01  
[09:29:46] < General >   Log likelihood (N=10692):  -7726.218 Gradient norm:      6e+01  
[09:29:46] < General >   Log likelihood (N=10692):  -7726.218 Gradient norm:      6e+01  
[09:29:46] < General >   Log likelihood (N=10692):  -7726.218 Gradient norm:      6e+01  
[09:29:46] < General >   Log likelihood (N=10692):  -7726.218 Gradient norm:      6e+01  
[09:29:46] < General >   Log likelihood (N=10692):  -7726.218 Gradient norm:      6e+01  
[09:29:46] < General >   Log likelihood (N=10692):  -7726.218 Gradient norm:      6e+01  
[09:29:51] < General >   Log likelihood (N=10692):  -7726.218 Gradient norm:      6e+01 Hessian norm:       8e+04 BHHH norm:       8e+04
[09:29:51] < General >   Results saved in file NL4.html
[09:29:51] < General >   Results saved in file NL4.pickle
[09:29:51] < General >   Log file created: NL4.log
